---------------------------------------------------------------
[ 2017-11-21T17:30:52+08:00 ] 127.0.0.1 127.0.0.1 GET /
[ info ] fire.mcykj.com/ [运行时间：0.625585s][吞吐率：1.60req/s] [内存消耗：3,217.45kb] [文件加载：64]
[ info ] [ BEHAVIOR ] Run Closure @app_init [ RunTime:0.008920s ]
[ info ] [ CACHE ] INIT File
[ info ] [ BEHAVIOR ] Run Closure @app_init [ RunTime:0.022108s ]
[ info ] [ LANG ] /Users/wangcailin/Web/Work/Fire/thinkphp/lang/zh-cn.php
[ info ] [ ROUTE ] array (
  'type' => 'module',
  'module' => 
  array (
    0 => '',
    1 => NULL,
    2 => NULL,
  ),
)
[ info ] [ HEADER ] array (
  'host' => 'fire.mcykj.com',
  'user-agent' => 'Mozilla/5.0 (Macintosh; Intel Mac OS X 10.13; rv:57.0) Gecko/20100101 Firefox/57.0',
  'accept' => 'text/html,application/xhtml+xml,application/xml;q=0.9,*/*;q=0.8',
  'accept-language' => 'zh-CN,zh;q=0.8,zh-TW;q=0.7,zh-HK;q=0.5,en-US;q=0.3,en;q=0.2',
  'accept-encoding' => 'gzip, deflate',
  'cookie' => 'Hm_lvt_f8d0a8c400404989e195270b0bbf060a=1510834713,1510882131,1510901297,1511141188',
  'connection' => 'keep-alive',
  'upgrade-insecure-requests' => '1',
  'content-type' => '',
  'content-length' => '',
)
[ info ] [ PARAM ] array (
)
[ info ] [ LANG ] /Users/wangcailin/Web/Work/Fire/public/../application/index/lang/zh-cn.php
[ info ] [ BEHAVIOR ] Run app\common\behavior\Common @module_init [ RunTime:0.007974s ]
[ info ] [ LANG ] /Users/wangcailin/Web/Work/Fire/public/../application/index/lang/zh-cn/index.php
[ info ] [ RUN ] app\index\controller\Index->index[ /Users/wangcailin/Web/Work/Fire/application/index/controller/Index.php ]
[ info ] [ VIEW ] /Users/wangcailin/Web/Work/Fire/public/../application/index/view/index/index.html [ array (
  0 => 'site',
  1 => 'config',
) ]
[ info ] [ LOG ] INIT File
---------------------------------------------------------------
[ 2017-11-21T17:30:52+08:00 ] 127.0.0.1 127.0.0.1 GET /favicon.ico
[ info ] fire.mcykj.com/favicon.ico [运行时间：0.053339s][吞吐率：18.75req/s] [内存消耗：2,202.80kb] [文件加载：51]
[ info ] [ BEHAVIOR ] Run Closure @app_init [ RunTime:0.000104s ]
[ info ] [ CACHE ] INIT File
[ info ] [ BEHAVIOR ] Run Closure @app_init [ RunTime:0.001979s ]
[ info ] [ LANG ] /Users/wangcailin/Web/Work/Fire/thinkphp/lang/zh-cn.php
[ info ] [ ROUTE ] array (
  'type' => 'module',
  'module' => 
  array (
    0 => 'favicon.ico',
    1 => NULL,
    2 => NULL,
  ),
)
[ info ] [ HEADER ] array (
  'host' => 'fire.mcykj.com',
  'user-agent' => 'Mozilla/5.0 (Macintosh; Intel Mac OS X 10.13; rv:57.0) Gecko/20100101 Firefox/57.0',
  'accept' => 'text/html,application/xhtml+xml,application/xml;q=0.9,*/*;q=0.8',
  'accept-language' => 'zh-CN,zh;q=0.8,zh-TW;q=0.7,zh-HK;q=0.5,en-US;q=0.3,en;q=0.2',
  'accept-encoding' => 'gzip, deflate',
  'cookie' => 'Hm_lvt_f8d0a8c400404989e195270b0bbf060a=1510882131,1510901297,1511141188,1511256653; Hm_lpvt_f8d0a8c400404989e195270b0bbf060a=1511256653',
  'connection' => 'keep-alive',
  'content-type' => '',
  'content-length' => '',
)
[ info ] [ PARAM ] array (
)
[ info ] [ LOG ] INIT File
---------------------------------------------------------------
[ 2017-11-21T17:30:53+08:00 ] 127.0.0.1 127.0.0.1 GET /admin/index/login.html
[ info ] fire.mcykj.com/admin/index/login.html [运行时间：0.174873s][吞吐率：5.72req/s] [内存消耗：3,626.25kb] [文件加载：73]
[ info ] [ BEHAVIOR ] Run Closure @app_init [ RunTime:0.000094s ]
[ info ] [ CACHE ] INIT File
[ info ] [ BEHAVIOR ] Run Closure @app_init [ RunTime:0.042498s ]
[ info ] [ LANG ] /Users/wangcailin/Web/Work/Fire/thinkphp/lang/zh-cn.php
[ info ] [ ROUTE ] array (
  'type' => 'module',
  'module' => 
  array (
    0 => 'admin',
    1 => 'index',
    2 => 'login',
  ),
)
[ info ] [ HEADER ] array (
  'host' => 'fire.mcykj.com',
  'user-agent' => 'Mozilla/5.0 (Macintosh; Intel Mac OS X 10.13; rv:57.0) Gecko/20100101 Firefox/57.0',
  'accept' => 'text/html,application/xhtml+xml,application/xml;q=0.9,*/*;q=0.8',
  'accept-language' => 'zh-CN,zh;q=0.8,zh-TW;q=0.7,zh-HK;q=0.5,en-US;q=0.3,en;q=0.2',
  'accept-encoding' => 'gzip, deflate',
  'referer' => 'http://fire.mcykj.com/',
  'cookie' => 'Hm_lvt_f8d0a8c400404989e195270b0bbf060a=1510882131,1510901297,1511141188,1511256653; Hm_lpvt_f8d0a8c400404989e195270b0bbf060a=1511256653',
  'connection' => 'keep-alive',
  'upgrade-insecure-requests' => '1',
  'content-type' => '',
  'content-length' => '',
)
[ info ] [ PARAM ] array (
)
[ info ] [ LANG ] /Users/wangcailin/Web/Work/Fire/public/../application/admin/lang/zh-cn.php
[ info ] [ BEHAVIOR ] Run app\common\behavior\Common @module_init [ RunTime:0.001570s ]
[ info ] [ SESSION ] INIT array (
  'id' => '',
  'var_session_id' => '',
  'prefix' => 'think',
  'type' => '',
  'auto_start' => true,
)
[ info ] [ LANG ] /Users/wangcailin/Web/Work/Fire/public/../application/admin/lang/zh-cn/index.php
[ info ] [ RUN ] app\admin\controller\Index->login[ /Users/wangcailin/Web/Work/Fire/application/admin/controller/Index.php ]
[ info ] [ VIEW ] /Users/wangcailin/Web/Work/Fire/public/../application/admin/view/index/login.html [ array (
  0 => 'breadcrumb',
  1 => 'site',
  2 => 'config',
  3 => 'auth',
  4 => 'admin',
  5 => 'background',
) ]
[ info ] [ BEHAVIOR ] Run app\admin\behavior\AdminLog @app_end [ RunTime:0.002802s ]
[ info ] [ LOG ] INIT File
---------------------------------------------------------------
[ 2017-11-21T17:30:53+08:00 ] 127.0.0.1 127.0.0.1 GET /admin/ajax/lang?callback=define&controllername=index&v=1511256653
[ info ] fire.mcykj.com/admin/ajax/lang?callback=define&controllername=index&v=1511256653 [运行时间：0.055936s][吞吐率：17.88req/s] [内存消耗：3,445.73kb] [文件加载：70]
[ info ] [ BEHAVIOR ] Run Closure @app_init [ RunTime:0.000028s ]
[ info ] [ CACHE ] INIT File
[ info ] [ BEHAVIOR ] Run Closure @app_init [ RunTime:0.003816s ]
[ info ] [ LANG ] /Users/wangcailin/Web/Work/Fire/thinkphp/lang/zh-cn.php
[ info ] [ ROUTE ] array (
  'type' => 'module',
  'module' => 
  array (
    0 => 'admin',
    1 => 'ajax',
    2 => 'lang',
  ),
)
[ info ] [ HEADER ] array (
  'host' => 'fire.mcykj.com',
  'user-agent' => 'Mozilla/5.0 (Macintosh; Intel Mac OS X 10.13; rv:57.0) Gecko/20100101 Firefox/57.0',
  'accept' => '*/*',
  'accept-language' => 'zh-CN,zh;q=0.8,zh-TW;q=0.7,zh-HK;q=0.5,en-US;q=0.3,en;q=0.2',
  'accept-encoding' => 'gzip, deflate',
  'referer' => 'http://fire.mcykj.com/admin/index/login.html',
  'cookie' => 'Hm_lvt_f8d0a8c400404989e195270b0bbf060a=1510882131,1510901297,1511141188,1511256653; Hm_lpvt_f8d0a8c400404989e195270b0bbf060a=1511256653; PHPSESSID=rcjd8f3vasmk0srmdoffknk8l1',
  'connection' => 'keep-alive',
  'content-type' => '',
  'content-length' => '',
)
[ info ] [ PARAM ] array (
  'callback' => 'define',
  'controllername' => 'index',
  'v' => '1511256653',
)
[ info ] [ LANG ] /Users/wangcailin/Web/Work/Fire/public/../application/admin/lang/zh-cn.php
[ info ] [ BEHAVIOR ] Run app\common\behavior\Common @module_init [ RunTime:0.001028s ]
[ info ] [ SESSION ] INIT array (
  'id' => '',
  'var_session_id' => '',
  'prefix' => 'think',
  'type' => '',
  'auto_start' => true,
)
[ info ] [ RUN ] app\admin\controller\Ajax->lang[ /Users/wangcailin/Web/Work/Fire/application/admin/controller/Ajax.php ]
[ info ] [ LANG ] /Users/wangcailin/Web/Work/Fire/public/../application/admin/lang/zh-cn/index.php
[ info ] [ BEHAVIOR ] Run app\admin\behavior\AdminLog @app_end [ RunTime:0.000258s ]
[ info ] [ LOG ] INIT File
---------------------------------------------------------------
[ 2017-11-21T17:30:57+08:00 ] 127.0.0.1 127.0.0.1 POST /admin/index/login.html
[ info ] fire.mcykj.com/admin/index/login.html [运行时间：0.347638s][吞吐率：2.88req/s] [内存消耗：4,515.33kb] [文件加载：80]
[ info ] [ BEHAVIOR ] Run Closure @app_init [ RunTime:0.000040s ]
[ info ] [ CACHE ] INIT File
[ info ] [ BEHAVIOR ] Run Closure @app_init [ RunTime:0.001453s ]
[ info ] [ LANG ] /Users/wangcailin/Web/Work/Fire/thinkphp/lang/zh-cn.php
[ info ] [ ROUTE ] array (
  'type' => 'module',
  'module' => 
  array (
    0 => 'admin',
    1 => 'index',
    2 => 'login',
  ),
)
[ info ] [ HEADER ] array (
  'host' => 'fire.mcykj.com',
  'user-agent' => 'Mozilla/5.0 (Macintosh; Intel Mac OS X 10.13; rv:57.0) Gecko/20100101 Firefox/57.0',
  'accept' => 'application/json, text/javascript, */*; q=0.01',
  'accept-language' => 'zh-CN,zh;q=0.8,zh-TW;q=0.7,zh-HK;q=0.5,en-US;q=0.3,en;q=0.2',
  'accept-encoding' => 'gzip, deflate',
  'referer' => 'http://fire.mcykj.com/admin/index/login.html',
  'content-type' => 'application/x-www-form-urlencoded; charset=UTF-8',
  'x-requested-with' => 'XMLHttpRequest',
  'content-length' => '74',
  'cookie' => 'Hm_lvt_f8d0a8c400404989e195270b0bbf060a=1510882131,1510901297,1511141188,1511256653; Hm_lpvt_f8d0a8c400404989e195270b0bbf060a=1511256653; PHPSESSID=rcjd8f3vasmk0srmdoffknk8l1',
  'connection' => 'keep-alive',
)
[ info ] [ PARAM ] array (
  '__token__' => '7e12a7bd7207a46646fa9b1ea0c8606c',
  'username' => 'admin',
  'password' => '123456',
)
[ info ] [ LANG ] /Users/wangcailin/Web/Work/Fire/public/../application/admin/lang/zh-cn.php
[ info ] [ BEHAVIOR ] Run app\common\behavior\Common @module_init [ RunTime:0.000333s ]
[ info ] [ SESSION ] INIT array (
  'id' => '',
  'var_session_id' => '',
  'prefix' => 'think',
  'type' => '',
  'auto_start' => true,
)
[ info ] [ LANG ] /Users/wangcailin/Web/Work/Fire/public/../application/admin/lang/zh-cn/index.php
[ info ] [ RUN ] app\admin\controller\Index->login[ /Users/wangcailin/Web/Work/Fire/application/admin/controller/Index.php ]
[ info ] [ DB ] INIT mysql
[ info ] [ BEHAVIOR ] Run app\admin\behavior\AdminLog @app_end [ RunTime:0.173015s ]
[ info ] [ LOG ] INIT File
[ sql ] [ DB ] CONNECT:[ UseTime:0.019192s ] mysql:host=192.168.199.174;dbname=fireadmin;charset=utf8
[ sql ] [ SQL ] SHOW COLUMNS FROM `fa_admin` [ RunTime:0.014290s ]
[ sql ] [ SQL ] SELECT * FROM `fa_admin` WHERE  `username` = 'admin' LIMIT 1 [ RunTime:0.014382s ]
[ sql ] [ SQL ] UPDATE `fa_admin`  SET `logintime`=1511256657,`token`='658245e3-6f58-4d76-b92f-52081ac5f085',`updatetime`=1511256657  WHERE  `id` = 1 [ RunTime:0.014109s ]
[ sql ] [ SQL ] SHOW COLUMNS FROM `fa_admin_log` [ RunTime:0.009186s ]
[ sql ] [ SQL ] INSERT INTO `fa_admin_log` (`title` , `content` , `url` , `admin_id` , `username` , `useragent` , `ip` , `createtime`) VALUES ('登录' , '{\"__token__\":\"7e12a7bd7207a46646fa9b1ea0c8606c\",\"username\":\"admin\"}' , '/admin/index/login.html' , 1 , 'admin' , 'Mozilla/5.0 (Macintosh; Intel Mac OS X 10.13; rv:57.0) Gecko/20100101 Firefox/57.0' , '127.0.0.1' , 1511256657) [ RunTime:0.160703s ]
---------------------------------------------------------------
[ 2017-11-21T17:30:58+08:00 ] 127.0.0.1 127.0.0.1 GET /admin/index/index
[ info ] fire.mcykj.com/admin/index/index [运行时间：1.201821s][吞吐率：0.83req/s] [内存消耗：5,100.94kb] [文件加载：90]
[ info ] [ BEHAVIOR ] Run Closure @app_init [ RunTime:0.000049s ]
[ info ] [ CACHE ] INIT File
[ info ] [ BEHAVIOR ] Run Closure @app_init [ RunTime:0.040870s ]
[ info ] [ LANG ] /Users/wangcailin/Web/Work/Fire/thinkphp/lang/zh-cn.php
[ info ] [ ROUTE ] array (
  'type' => 'module',
  'module' => 
  array (
    0 => 'admin',
    1 => 'index',
    2 => 'index',
  ),
)
[ info ] [ HEADER ] array (
  'host' => 'fire.mcykj.com',
  'user-agent' => 'Mozilla/5.0 (Macintosh; Intel Mac OS X 10.13; rv:57.0) Gecko/20100101 Firefox/57.0',
  'accept' => 'text/html,application/xhtml+xml,application/xml;q=0.9,*/*;q=0.8',
  'accept-language' => 'zh-CN,zh;q=0.8,zh-TW;q=0.7,zh-HK;q=0.5,en-US;q=0.3,en;q=0.2',
  'accept-encoding' => 'gzip, deflate',
  'referer' => 'http://fire.mcykj.com/admin/index/login.html',
  'cookie' => 'Hm_lvt_f8d0a8c400404989e195270b0bbf060a=1510882131,1510901297,1511141188,1511256653; Hm_lpvt_f8d0a8c400404989e195270b0bbf060a=1511256653; PHPSESSID=rcjd8f3vasmk0srmdoffknk8l1',
  'connection' => 'keep-alive',
  'upgrade-insecure-requests' => '1',
  'content-type' => '',
  'content-length' => '',
)
[ info ] [ PARAM ] array (
)
[ info ] [ LANG ] /Users/wangcailin/Web/Work/Fire/public/../application/admin/lang/zh-cn.php
[ info ] [ BEHAVIOR ] Run app\common\behavior\Common @module_init [ RunTime:0.000285s ]
[ info ] [ SESSION ] INIT array (
  'id' => '',
  'var_session_id' => '',
  'prefix' => 'think',
  'type' => '',
  'auto_start' => true,
)
[ info ] [ LANG ] /Users/wangcailin/Web/Work/Fire/public/../application/admin/lang/zh-cn/index.php
[ info ] [ RUN ] app\admin\controller\Index->index[ /Users/wangcailin/Web/Work/Fire/application/admin/controller/Index.php ]
[ info ] [ DB ] INIT mysql
[ info ] [ VIEW ] /Users/wangcailin/Web/Work/Fire/public/../application/admin/view/index/index.html [ array (
  0 => 'breadcrumb',
  1 => 'site',
  2 => 'config',
  3 => 'auth',
  4 => 'admin',
  5 => 'menulist',
  6 => 'title',
) ]
[ info ] [ BEHAVIOR ] Run app\admin\behavior\AdminLog @app_end [ RunTime:0.000180s ]
[ info ] [ LOG ] INIT File
[ sql ] [ DB ] CONNECT:[ UseTime:0.008994s ] mysql:host=192.168.199.174;dbname=fireadmin;charset=utf8
[ sql ] [ SQL ] SHOW COLUMNS FROM `fa_auth_group_access` [ RunTime:0.007607s ]
[ sql ] [ SQL ] SELECT `AuthGroupAccess`.`uid`,`AuthGroupAccess`.`group_id`,`AuthGroup`.`id`,`AuthGroup`.`pid`,`AuthGroup`.`name`,`AuthGroup`.`rules` FROM `fa_auth_group_access` `AuthGroupAccess` LEFT JOIN `fa_auth_group` `AuthGroup` ON `AuthGroupAccess`.`group_id`=`AuthGroup`.`id` WHERE  (  AuthGroupAccess.uid='1' and AuthGroup.status='normal' ) [ RunTime:0.008806s ]
[ sql ] [ SQL ] SHOW COLUMNS FROM `fa_auth_rule` [ RunTime:0.009874s ]
[ sql ] [ SQL ] SELECT `id`,`pid`,`condition`,`icon`,`name`,`title`,`ismenu` FROM `fa_auth_rule` WHERE  `status` = 'normal' [ RunTime:0.039640s ]
---------------------------------------------------------------
[ 2017-11-21T17:30:58+08:00 ] 127.0.0.1 127.0.0.1 GET /admin/ajax/lang?callback=define&controllername=index&v=1511256657
[ info ] fire.mcykj.com/admin/ajax/lang?callback=define&controllername=index&v=1511256657 [运行时间：0.083569s][吞吐率：11.97req/s] [内存消耗：3,504.25kb] [文件加载：71]
[ info ] [ BEHAVIOR ] Run Closure @app_init [ RunTime:0.000028s ]
[ info ] [ CACHE ] INIT File
[ info ] [ BEHAVIOR ] Run Closure @app_init [ RunTime:0.041165s ]
[ info ] [ LANG ] /Users/wangcailin/Web/Work/Fire/thinkphp/lang/zh-cn.php
[ info ] [ ROUTE ] array (
  'type' => 'module',
  'module' => 
  array (
    0 => 'admin',
    1 => 'ajax',
    2 => 'lang',
  ),
)
[ info ] [ HEADER ] array (
  'host' => 'fire.mcykj.com',
  'user-agent' => 'Mozilla/5.0 (Macintosh; Intel Mac OS X 10.13; rv:57.0) Gecko/20100101 Firefox/57.0',
  'accept' => '*/*',
  'accept-language' => 'zh-CN,zh;q=0.8,zh-TW;q=0.7,zh-HK;q=0.5,en-US;q=0.3,en;q=0.2',
  'accept-encoding' => 'gzip, deflate',
  'referer' => 'http://fire.mcykj.com/admin/index/index',
  'cookie' => 'Hm_lvt_f8d0a8c400404989e195270b0bbf060a=1510882131,1510901297,1511141188,1511256653; Hm_lpvt_f8d0a8c400404989e195270b0bbf060a=1511256653; PHPSESSID=rcjd8f3vasmk0srmdoffknk8l1',
  'connection' => 'keep-alive',
  'content-type' => '',
  'content-length' => '',
)
[ info ] [ PARAM ] array (
  'callback' => 'define',
  'controllername' => 'index',
  'v' => '1511256657',
)
[ info ] [ LANG ] /Users/wangcailin/Web/Work/Fire/public/../application/admin/lang/zh-cn.php
[ info ] [ BEHAVIOR ] Run app\common\behavior\Common @module_init [ RunTime:0.000578s ]
[ info ] [ SESSION ] INIT array (
  'id' => '',
  'var_session_id' => '',
  'prefix' => 'think',
  'type' => '',
  'auto_start' => true,
)
[ info ] [ RUN ] app\admin\controller\Ajax->lang[ /Users/wangcailin/Web/Work/Fire/application/admin/controller/Ajax.php ]
[ info ] [ LANG ] /Users/wangcailin/Web/Work/Fire/public/../application/admin/lang/zh-cn/index.php
[ info ] [ BEHAVIOR ] Run app\admin\behavior\AdminLog @app_end [ RunTime:0.000128s ]
[ info ] [ LOG ] INIT File
---------------------------------------------------------------
[ 2017-11-21T17:30:59+08:00 ] 127.0.0.1 127.0.0.1 GET /admin/dashboard?addtabs=1
[ info ] fire.mcykj.com/admin/dashboard?addtabs=1 [运行时间：0.243900s][吞吐率：4.10req/s] [内存消耗：4,771.00kb] [文件加载：79]
[ info ] [ BEHAVIOR ] Run Closure @app_init [ RunTime:0.000087s ]
[ info ] [ CACHE ] INIT File
[ info ] [ BEHAVIOR ] Run Closure @app_init [ RunTime:0.002900s ]
[ info ] [ LANG ] /Users/wangcailin/Web/Work/Fire/thinkphp/lang/zh-cn.php
[ info ] [ ROUTE ] array (
  'type' => 'module',
  'module' => 
  array (
    0 => 'admin',
    1 => 'dashboard',
    2 => NULL,
  ),
)
[ info ] [ HEADER ] array (
  'host' => 'fire.mcykj.com',
  'user-agent' => 'Mozilla/5.0 (Macintosh; Intel Mac OS X 10.13; rv:57.0) Gecko/20100101 Firefox/57.0',
  'accept' => 'text/html,application/xhtml+xml,application/xml;q=0.9,*/*;q=0.8',
  'accept-language' => 'zh-CN,zh;q=0.8,zh-TW;q=0.7,zh-HK;q=0.5,en-US;q=0.3,en;q=0.2',
  'accept-encoding' => 'gzip, deflate',
  'referer' => 'http://fire.mcykj.com/admin/index/index',
  'cookie' => 'Hm_lvt_f8d0a8c400404989e195270b0bbf060a=1510882131,1510901297,1511141188,1511256653; Hm_lpvt_f8d0a8c400404989e195270b0bbf060a=1511256653; PHPSESSID=rcjd8f3vasmk0srmdoffknk8l1',
  'connection' => 'keep-alive',
  'upgrade-insecure-requests' => '1',
  'content-type' => '',
  'content-length' => '',
)
[ info ] [ PARAM ] array (
  'addtabs' => '1',
)
[ info ] [ LANG ] /Users/wangcailin/Web/Work/Fire/public/../application/admin/lang/zh-cn.php
[ info ] [ BEHAVIOR ] Run app\common\behavior\Common @module_init [ RunTime:0.000251s ]
[ info ] [ SESSION ] INIT array (
  'id' => '',
  'var_session_id' => '',
  'prefix' => 'think',
  'type' => '',
  'auto_start' => true,
)
[ info ] [ DB ] INIT mysql
[ info ] [ LANG ] /Users/wangcailin/Web/Work/Fire/public/../application/admin/lang/zh-cn/dashboard.php
[ info ] [ RUN ] app\admin\controller\Dashboard->index[ /Users/wangcailin/Web/Work/Fire/application/admin/controller/Dashboard.php ]
[ info ] [ VIEW ] /Users/wangcailin/Web/Work/Fire/public/../application/admin/view/dashboard/index.html [ array (
  0 => 'breadcrumb',
  1 => 'site',
  2 => 'config',
  3 => 'auth',
  4 => 'admin',
  5 => 'totaluser',
  6 => 'totalviews',
  7 => 'totalorder',
  8 => 'totalorderamount',
  9 => 'todayuserlogin',
  10 => 'todayusersignup',
  11 => 'todayorder',
  12 => 'unsettleorder',
  13 => 'sevendnu',
  14 => 'sevendau',
  15 => 'paylist',
  16 => 'createlist',
  17 => 'uploadmode',
) ]
[ info ] [ BEHAVIOR ] Run app\admin\behavior\AdminLog @app_end [ RunTime:0.000227s ]
[ info ] [ LOG ] INIT File
[ sql ] [ DB ] CONNECT:[ UseTime:0.010224s ] mysql:host=192.168.199.174;dbname=fireadmin;charset=utf8
[ sql ] [ SQL ] SHOW COLUMNS FROM `fa_auth_group_access` [ RunTime:0.007805s ]
[ sql ] [ SQL ] SELECT `AuthGroupAccess`.`uid`,`AuthGroupAccess`.`group_id`,`AuthGroup`.`id`,`AuthGroup`.`pid`,`AuthGroup`.`name`,`AuthGroup`.`rules` FROM `fa_auth_group_access` `AuthGroupAccess` LEFT JOIN `fa_auth_group` `AuthGroup` ON `AuthGroupAccess`.`group_id`=`AuthGroup`.`id` WHERE  (  AuthGroupAccess.uid='1' and AuthGroup.status='normal' ) [ RunTime:0.009233s ]
[ sql ] [ SQL ] SHOW COLUMNS FROM `fa_auth_rule` [ RunTime:0.018012s ]
[ sql ] [ SQL ] SELECT `id`,`pid`,`condition`,`icon`,`name`,`title`,`ismenu` FROM `fa_auth_rule` WHERE  `status` = 'normal' [ RunTime:0.036958s ]
[ sql ] [ SQL ] SELECT `title`,`remark` FROM `fa_auth_rule` WHERE  `name` = 'dashboard' LIMIT 1 [ RunTime:0.003603s ]
---------------------------------------------------------------
[ 2017-11-21T17:30:59+08:00 ] 127.0.0.1 127.0.0.1 GET /admin/ajax/lang?callback=define&controllername=dashboard&v=1511256659
[ info ] fire.mcykj.com/admin/ajax/lang?callback=define&controllername=dashboard&v=1511256659 [运行时间：0.061900s][吞吐率：16.16req/s] [内存消耗：3,504.03kb] [文件加载：71]
[ info ] [ BEHAVIOR ] Run Closure @app_init [ RunTime:0.000042s ]
[ info ] [ CACHE ] INIT File
[ info ] [ BEHAVIOR ] Run Closure @app_init [ RunTime:0.015032s ]
[ info ] [ LANG ] /Users/wangcailin/Web/Work/Fire/thinkphp/lang/zh-cn.php
[ info ] [ ROUTE ] array (
  'type' => 'module',
  'module' => 
  array (
    0 => 'admin',
    1 => 'ajax',
    2 => 'lang',
  ),
)
[ info ] [ HEADER ] array (
  'host' => 'fire.mcykj.com',
  'user-agent' => 'Mozilla/5.0 (Macintosh; Intel Mac OS X 10.13; rv:57.0) Gecko/20100101 Firefox/57.0',
  'accept' => '*/*',
  'accept-language' => 'zh-CN,zh;q=0.8,zh-TW;q=0.7,zh-HK;q=0.5,en-US;q=0.3,en;q=0.2',
  'accept-encoding' => 'gzip, deflate',
  'referer' => 'http://fire.mcykj.com/admin/dashboard?addtabs=1',
  'cookie' => 'Hm_lvt_f8d0a8c400404989e195270b0bbf060a=1510882131,1510901297,1511141188,1511256653; Hm_lpvt_f8d0a8c400404989e195270b0bbf060a=1511256653; PHPSESSID=rcjd8f3vasmk0srmdoffknk8l1',
  'connection' => 'keep-alive',
  'content-type' => '',
  'content-length' => '',
)
[ info ] [ PARAM ] array (
  'callback' => 'define',
  'controllername' => 'dashboard',
  'v' => '1511256659',
)
[ info ] [ LANG ] /Users/wangcailin/Web/Work/Fire/public/../application/admin/lang/zh-cn.php
[ info ] [ BEHAVIOR ] Run app\common\behavior\Common @module_init [ RunTime:0.001250s ]
[ info ] [ SESSION ] INIT array (
  'id' => '',
  'var_session_id' => '',
  'prefix' => 'think',
  'type' => '',
  'auto_start' => true,
)
[ info ] [ RUN ] app\admin\controller\Ajax->lang[ /Users/wangcailin/Web/Work/Fire/application/admin/controller/Ajax.php ]
[ info ] [ LANG ] /Users/wangcailin/Web/Work/Fire/public/../application/admin/lang/zh-cn/dashboard.php
[ info ] [ BEHAVIOR ] Run app\admin\behavior\AdminLog @app_end [ RunTime:0.000290s ]
[ info ] [ LOG ] INIT File
---------------------------------------------------------------
[ 2017-11-21T17:31:01+08:00 ] 127.0.0.1 127.0.0.1 GET /admin/category?addtabs=1
[ info ] fire.mcykj.com/admin/category?addtabs=1 [运行时间：0.377449s][吞吐率：2.65req/s] [内存消耗：5,371.80kb] [文件加载：82]
[ info ] [ BEHAVIOR ] Run Closure @app_init [ RunTime:0.000034s ]
[ info ] [ CACHE ] INIT File
[ info ] [ BEHAVIOR ] Run Closure @app_init [ RunTime:0.001321s ]
[ info ] [ LANG ] /Users/wangcailin/Web/Work/Fire/thinkphp/lang/zh-cn.php
[ info ] [ ROUTE ] array (
  'type' => 'module',
  'module' => 
  array (
    0 => 'admin',
    1 => 'category',
    2 => NULL,
  ),
)
[ info ] [ HEADER ] array (
  'host' => 'fire.mcykj.com',
  'user-agent' => 'Mozilla/5.0 (Macintosh; Intel Mac OS X 10.13; rv:57.0) Gecko/20100101 Firefox/57.0',
  'accept' => 'text/html,application/xhtml+xml,application/xml;q=0.9,*/*;q=0.8',
  'accept-language' => 'zh-CN,zh;q=0.8,zh-TW;q=0.7,zh-HK;q=0.5,en-US;q=0.3,en;q=0.2',
  'accept-encoding' => 'gzip, deflate',
  'referer' => 'http://fire.mcykj.com/admin/index/index',
  'cookie' => 'Hm_lvt_f8d0a8c400404989e195270b0bbf060a=1510882131,1510901297,1511141188,1511256653; Hm_lpvt_f8d0a8c400404989e195270b0bbf060a=1511256653; PHPSESSID=rcjd8f3vasmk0srmdoffknk8l1',
  'connection' => 'keep-alive',
  'upgrade-insecure-requests' => '1',
  'content-type' => '',
  'content-length' => '',
)
[ info ] [ PARAM ] array (
  'addtabs' => '1',
)
[ info ] [ LANG ] /Users/wangcailin/Web/Work/Fire/public/../application/admin/lang/zh-cn.php
[ info ] [ BEHAVIOR ] Run app\common\behavior\Common @module_init [ RunTime:0.000242s ]
[ info ] [ SESSION ] INIT array (
  'id' => '',
  'var_session_id' => '',
  'prefix' => 'think',
  'type' => '',
  'auto_start' => true,
)
[ info ] [ DB ] INIT mysql
[ info ] [ LANG ] /Users/wangcailin/Web/Work/Fire/public/../application/admin/lang/zh-cn/category.php
[ info ] [ RUN ] app\admin\controller\Category->index[ /Users/wangcailin/Web/Work/Fire/application/admin/controller/Category.php ]
[ info ] [ VIEW ] /Users/wangcailin/Web/Work/Fire/public/../application/admin/view/category/index.html [ array (
  0 => 'breadcrumb',
  1 => 'site',
  2 => 'config',
  3 => 'auth',
  4 => 'admin',
  5 => 'typeList',
  6 => 'parentList',
) ]
[ info ] [ BEHAVIOR ] Run app\admin\behavior\AdminLog @app_end [ RunTime:0.000198s ]
[ info ] [ LOG ] INIT File
[ sql ] [ DB ] CONNECT:[ UseTime:0.008953s ] mysql:host=192.168.199.174;dbname=fireadmin;charset=utf8
[ sql ] [ SQL ] SHOW COLUMNS FROM `fa_auth_group_access` [ RunTime:0.008093s ]
[ sql ] [ SQL ] SELECT `AuthGroupAccess`.`uid`,`AuthGroupAccess`.`group_id`,`AuthGroup`.`id`,`AuthGroup`.`pid`,`AuthGroup`.`name`,`AuthGroup`.`rules` FROM `fa_auth_group_access` `AuthGroupAccess` LEFT JOIN `fa_auth_group` `AuthGroup` ON `AuthGroupAccess`.`group_id`=`AuthGroup`.`id` WHERE  (  AuthGroupAccess.uid='1' and AuthGroup.status='normal' ) [ RunTime:0.160128s ]
[ sql ] [ SQL ] SHOW COLUMNS FROM `fa_auth_rule` [ RunTime:0.008333s ]
[ sql ] [ SQL ] SELECT `id`,`pid`,`condition`,`icon`,`name`,`title`,`ismenu` FROM `fa_auth_rule` WHERE  `status` = 'normal' [ RunTime:0.034065s ]
[ sql ] [ SQL ] SHOW COLUMNS FROM `fa_category` [ RunTime:0.008740s ]
[ sql ] [ SQL ] SELECT * FROM `fa_category` ORDER BY weigh desc,id desc [ RunTime:0.026990s ]
[ sql ] [ SQL ] SELECT `title`,`remark` FROM `fa_auth_rule` WHERE  `name` = 'category' LIMIT 1 [ RunTime:0.006756s ]
---------------------------------------------------------------
[ 2017-11-21T17:31:01+08:00 ] 127.0.0.1 127.0.0.1 GET /admin/ajax/lang?callback=define&controllername=category&v=1511256661
[ info ] fire.mcykj.com/admin/ajax/lang?callback=define&controllername=category&v=1511256661 [运行时间：0.081854s][吞吐率：12.22req/s] [内存消耗：3,499.91kb] [文件加载：71]
[ info ] [ BEHAVIOR ] Run Closure @app_init [ RunTime:0.000027s ]
[ info ] [ CACHE ] INIT File
[ info ] [ BEHAVIOR ] Run Closure @app_init [ RunTime:0.041250s ]
[ info ] [ LANG ] /Users/wangcailin/Web/Work/Fire/thinkphp/lang/zh-cn.php
[ info ] [ ROUTE ] array (
  'type' => 'module',
  'module' => 
  array (
    0 => 'admin',
    1 => 'ajax',
    2 => 'lang',
  ),
)
[ info ] [ HEADER ] array (
  'host' => 'fire.mcykj.com',
  'user-agent' => 'Mozilla/5.0 (Macintosh; Intel Mac OS X 10.13; rv:57.0) Gecko/20100101 Firefox/57.0',
  'accept' => '*/*',
  'accept-language' => 'zh-CN,zh;q=0.8,zh-TW;q=0.7,zh-HK;q=0.5,en-US;q=0.3,en;q=0.2',
  'accept-encoding' => 'gzip, deflate',
  'referer' => 'http://fire.mcykj.com/admin/category?addtabs=1',
  'cookie' => 'Hm_lvt_f8d0a8c400404989e195270b0bbf060a=1510882131,1510901297,1511141188,1511256653; Hm_lpvt_f8d0a8c400404989e195270b0bbf060a=1511256653; PHPSESSID=rcjd8f3vasmk0srmdoffknk8l1',
  'connection' => 'keep-alive',
  'content-type' => '',
  'content-length' => '',
)
[ info ] [ PARAM ] array (
  'callback' => 'define',
  'controllername' => 'category',
  'v' => '1511256661',
)
[ info ] [ LANG ] /Users/wangcailin/Web/Work/Fire/public/../application/admin/lang/zh-cn.php
[ info ] [ BEHAVIOR ] Run app\common\behavior\Common @module_init [ RunTime:0.000408s ]
[ info ] [ SESSION ] INIT array (
  'id' => '',
  'var_session_id' => '',
  'prefix' => 'think',
  'type' => '',
  'auto_start' => true,
)
[ info ] [ RUN ] app\admin\controller\Ajax->lang[ /Users/wangcailin/Web/Work/Fire/application/admin/controller/Ajax.php ]
[ info ] [ LANG ] /Users/wangcailin/Web/Work/Fire/public/../application/admin/lang/zh-cn/category.php
[ info ] [ BEHAVIOR ] Run app\admin\behavior\AdminLog @app_end [ RunTime:0.000214s ]
[ info ] [ LOG ] INIT File
---------------------------------------------------------------
[ 2017-11-21T17:31:02+08:00 ] 127.0.0.1 127.0.0.1 GET /admin/category/index?sort=weigh&order=desc&_=1511256661574
[ info ] fire.mcykj.com/admin/category/index?sort=weigh&order=desc&_=1511256661574 [运行时间：0.272015s][吞吐率：3.68req/s] [内存消耗：5,505.00kb] [文件加载：79]
[ info ] [ BEHAVIOR ] Run Closure @app_init [ RunTime:0.000057s ]
[ info ] [ CACHE ] INIT File
[ info ] [ BEHAVIOR ] Run Closure @app_init [ RunTime:0.041259s ]
[ info ] [ LANG ] /Users/wangcailin/Web/Work/Fire/thinkphp/lang/zh-cn.php
[ info ] [ ROUTE ] array (
  'type' => 'module',
  'module' => 
  array (
    0 => 'admin',
    1 => 'category',
    2 => 'index',
  ),
)
[ info ] [ HEADER ] array (
  'host' => 'fire.mcykj.com',
  'user-agent' => 'Mozilla/5.0 (Macintosh; Intel Mac OS X 10.13; rv:57.0) Gecko/20100101 Firefox/57.0',
  'accept' => 'application/json, text/javascript, */*; q=0.01',
  'accept-language' => 'zh-CN,zh;q=0.8,zh-TW;q=0.7,zh-HK;q=0.5,en-US;q=0.3,en;q=0.2',
  'accept-encoding' => 'gzip, deflate',
  'referer' => 'http://fire.mcykj.com/admin/category?addtabs=1',
  'content-type' => 'application/json',
  'x-requested-with' => 'XMLHttpRequest',
  'cookie' => 'Hm_lvt_f8d0a8c400404989e195270b0bbf060a=1510882131,1510901297,1511141188,1511256653; Hm_lpvt_f8d0a8c400404989e195270b0bbf060a=1511256653; PHPSESSID=rcjd8f3vasmk0srmdoffknk8l1',
  'connection' => 'keep-alive',
  'content-length' => '',
)
[ info ] [ PARAM ] array (
  'sort' => 'weigh',
  'order' => 'desc',
  '_' => '1511256661574',
)
[ info ] [ LANG ] /Users/wangcailin/Web/Work/Fire/public/../application/admin/lang/zh-cn.php
[ info ] [ BEHAVIOR ] Run app\common\behavior\Common @module_init [ RunTime:0.000305s ]
[ info ] [ SESSION ] INIT array (
  'id' => '',
  'var_session_id' => '',
  'prefix' => 'think',
  'type' => '',
  'auto_start' => true,
)
[ info ] [ DB ] INIT mysql
[ info ] [ LANG ] /Users/wangcailin/Web/Work/Fire/public/../application/admin/lang/zh-cn/category.php
[ info ] [ RUN ] app\admin\controller\Category->index[ /Users/wangcailin/Web/Work/Fire/application/admin/controller/Category.php ]
[ info ] [ BEHAVIOR ] Run app\admin\behavior\AdminLog @app_end [ RunTime:0.000142s ]
[ info ] [ LOG ] INIT File
[ sql ] [ DB ] CONNECT:[ UseTime:0.008310s ] mysql:host=192.168.199.174;dbname=fireadmin;charset=utf8
[ sql ] [ SQL ] SHOW COLUMNS FROM `fa_auth_group_access` [ RunTime:0.006666s ]
[ sql ] [ SQL ] SELECT `AuthGroupAccess`.`uid`,`AuthGroupAccess`.`group_id`,`AuthGroup`.`id`,`AuthGroup`.`pid`,`AuthGroup`.`name`,`AuthGroup`.`rules` FROM `fa_auth_group_access` `AuthGroupAccess` LEFT JOIN `fa_auth_group` `AuthGroup` ON `AuthGroupAccess`.`group_id`=`AuthGroup`.`id` WHERE  (  AuthGroupAccess.uid='1' and AuthGroup.status='normal' ) [ RunTime:0.008254s ]
[ sql ] [ SQL ] SHOW COLUMNS FROM `fa_auth_rule` [ RunTime:0.008828s ]
[ sql ] [ SQL ] SELECT `id`,`pid`,`condition`,`icon`,`name`,`title`,`ismenu` FROM `fa_auth_rule` WHERE  `status` = 'normal' [ RunTime:0.037188s ]
[ sql ] [ SQL ] SHOW COLUMNS FROM `fa_category` [ RunTime:0.008493s ]
[ sql ] [ SQL ] SELECT * FROM `fa_category` ORDER BY weigh desc,id desc [ RunTime:0.026473s ]
---------------------------------------------------------------
[ 2017-11-21T17:31:24+08:00 ] 127.0.0.1 127.0.0.1 GET /admin/general/filemanager?addtabs=1
[ info ] fire.mcykj.com/admin/general/filemanager?addtabs=1 [运行时间：0.140237s][吞吐率：7.13req/s] [内存消耗：4,837.79kb] [文件加载：80]
[ info ] [ BEHAVIOR ] Run Closure @app_init [ RunTime:0.000029s ]
[ info ] [ CACHE ] INIT File
[ info ] [ BEHAVIOR ] Run Closure @app_init [ RunTime:0.001868s ]
[ info ] [ LANG ] /Users/wangcailin/Web/Work/Fire/thinkphp/lang/zh-cn.php
[ info ] [ ROUTE ] array (
  'type' => 'module',
  'module' => 
  array (
    0 => 'admin',
    1 => 'general.filemanager',
    2 => NULL,
  ),
)
[ info ] [ HEADER ] array (
  'host' => 'fire.mcykj.com',
  'user-agent' => 'Mozilla/5.0 (Macintosh; Intel Mac OS X 10.13; rv:57.0) Gecko/20100101 Firefox/57.0',
  'accept' => 'text/html,application/xhtml+xml,application/xml;q=0.9,*/*;q=0.8',
  'accept-language' => 'zh-CN,zh;q=0.8,zh-TW;q=0.7,zh-HK;q=0.5,en-US;q=0.3,en;q=0.2',
  'accept-encoding' => 'gzip, deflate',
  'referer' => 'http://fire.mcykj.com/admin/index/index',
  'cookie' => 'Hm_lvt_f8d0a8c400404989e195270b0bbf060a=1510882131,1510901297,1511141188,1511256653; Hm_lpvt_f8d0a8c400404989e195270b0bbf060a=1511256653; PHPSESSID=rcjd8f3vasmk0srmdoffknk8l1',
  'connection' => 'keep-alive',
  'upgrade-insecure-requests' => '1',
  'content-type' => '',
  'content-length' => '',
)
[ info ] [ PARAM ] array (
  'addtabs' => '1',
)
[ info ] [ LANG ] /Users/wangcailin/Web/Work/Fire/public/../application/admin/lang/zh-cn.php
[ info ] [ BEHAVIOR ] Run app\common\behavior\Common @module_init [ RunTime:0.000214s ]
[ info ] [ SESSION ] INIT array (
  'id' => '',
  'var_session_id' => '',
  'prefix' => 'think',
  'type' => '',
  'auto_start' => true,
)
[ info ] [ DB ] INIT mysql
[ info ] [ RUN ] app\admin\controller\general\Filemanager->index[ /Users/wangcailin/Web/Work/Fire/application/admin/controller/general/Filemanager.php ]
[ info ] [ VIEW ] /Users/wangcailin/Web/Work/Fire/public/../application/admin/view/general/filemanager/index.html [ array (
  0 => 'breadcrumb',
  1 => 'site',
  2 => 'config',
  3 => 'auth',
  4 => 'admin',
  5 => 'addon',
) ]
[ info ] [ BEHAVIOR ] Run app\admin\behavior\AdminLog @app_end [ RunTime:0.000247s ]
[ info ] [ LOG ] INIT File
[ sql ] [ DB ] CONNECT:[ UseTime:0.009723s ] mysql:host=192.168.199.174;dbname=fireadmin;charset=utf8
[ sql ] [ SQL ] SHOW COLUMNS FROM `fa_auth_group_access` [ RunTime:0.008591s ]
[ sql ] [ SQL ] SELECT `AuthGroupAccess`.`uid`,`AuthGroupAccess`.`group_id`,`AuthGroup`.`id`,`AuthGroup`.`pid`,`AuthGroup`.`name`,`AuthGroup`.`rules` FROM `fa_auth_group_access` `AuthGroupAccess` LEFT JOIN `fa_auth_group` `AuthGroup` ON `AuthGroupAccess`.`group_id`=`AuthGroup`.`id` WHERE  (  AuthGroupAccess.uid='1' and AuthGroup.status='normal' ) [ RunTime:0.009398s ]
[ sql ] [ SQL ] SHOW COLUMNS FROM `fa_auth_rule` [ RunTime:0.010499s ]
[ sql ] [ SQL ] SELECT `id`,`pid`,`condition`,`icon`,`name`,`title`,`ismenu` FROM `fa_auth_rule` WHERE  `status` = 'normal' [ RunTime:0.017043s ]
---------------------------------------------------------------
[ 2017-11-21T17:31:26+08:00 ] 127.0.0.1 127.0.0.1 GET /admin/general/filemanager?addtabs=1
[ info ] fire.mcykj.com/admin/general/filemanager?addtabs=1 [运行时间：1.144136s][吞吐率：0.87req/s] [内存消耗：4,849.88kb] [文件加载：81]
[ info ] [ BEHAVIOR ] Run Closure @app_init [ RunTime:0.000040s ]
[ info ] [ CACHE ] INIT File
[ info ] [ BEHAVIOR ] Run Closure @app_init [ RunTime:0.001100s ]
[ info ] [ LANG ] /Users/wangcailin/Web/Work/Fire/thinkphp/lang/zh-cn.php
[ info ] [ ROUTE ] array (
  'type' => 'module',
  'module' => 
  array (
    0 => 'admin',
    1 => 'general.filemanager',
    2 => NULL,
  ),
)
[ info ] [ HEADER ] array (
  'host' => 'fire.mcykj.com',
  'user-agent' => 'Mozilla/5.0 (Macintosh; Intel Mac OS X 10.13; rv:57.0) Gecko/20100101 Firefox/57.0',
  'accept' => '*/*',
  'accept-language' => 'zh-CN,zh;q=0.8,zh-TW;q=0.7,zh-HK;q=0.5,en-US;q=0.3,en;q=0.2',
  'accept-encoding' => 'gzip, deflate',
  'referer' => 'http://fire.mcykj.com/admin/general/filemanager?addtabs=1',
  'x-requested-with' => 'XMLHttpRequest',
  'cookie' => 'Hm_lvt_f8d0a8c400404989e195270b0bbf060a=1510882131,1510901297,1511141188,1511256653; Hm_lpvt_f8d0a8c400404989e195270b0bbf060a=1511256653; PHPSESSID=rcjd8f3vasmk0srmdoffknk8l1',
  'connection' => 'keep-alive',
  'content-type' => '',
  'content-length' => '',
)
[ info ] [ PARAM ] array (
  'addtabs' => '1',
)
[ info ] [ LANG ] /Users/wangcailin/Web/Work/Fire/public/../application/admin/lang/zh-cn.php
[ info ] [ BEHAVIOR ] Run app\common\behavior\Common @module_init [ RunTime:0.000371s ]
[ info ] [ SESSION ] INIT array (
  'id' => '',
  'var_session_id' => '',
  'prefix' => 'think',
  'type' => '',
  'auto_start' => true,
)
[ info ] [ DB ] INIT mysql
[ info ] [ RUN ] app\admin\controller\general\Filemanager->index[ /Users/wangcailin/Web/Work/Fire/application/admin/controller/general/Filemanager.php ]
[ info ] [ VIEW ] /Users/wangcailin/Web/Work/Fire/public/../application/admin/view/general/filemanager/index.html [ array (
  0 => 'breadcrumb',
  1 => 'site',
  2 => 'config',
  3 => 'auth',
  4 => 'admin',
  5 => 'addon',
) ]
[ info ] [ BEHAVIOR ] Run app\admin\behavior\AdminLog @app_end [ RunTime:0.000363s ]
[ info ] [ LOG ] INIT File
[ sql ] [ DB ] CONNECT:[ UseTime:1.010635s ] mysql:host=192.168.199.174;dbname=fireadmin;charset=utf8
[ sql ] [ SQL ] SHOW COLUMNS FROM `fa_auth_group_access` [ RunTime:0.008755s ]
[ sql ] [ SQL ] SELECT `AuthGroupAccess`.`uid`,`AuthGroupAccess`.`group_id`,`AuthGroup`.`id`,`AuthGroup`.`pid`,`AuthGroup`.`name`,`AuthGroup`.`rules` FROM `fa_auth_group_access` `AuthGroupAccess` LEFT JOIN `fa_auth_group` `AuthGroup` ON `AuthGroupAccess`.`group_id`=`AuthGroup`.`id` WHERE  (  AuthGroupAccess.uid='1' and AuthGroup.status='normal' ) [ RunTime:0.009388s ]
[ sql ] [ SQL ] SHOW COLUMNS FROM `fa_auth_rule` [ RunTime:0.010127s ]
[ sql ] [ SQL ] SELECT `id`,`pid`,`condition`,`icon`,`name`,`title`,`ismenu` FROM `fa_auth_rule` WHERE  `status` = 'normal' [ RunTime:0.038452s ]
---------------------------------------------------------------
[ 2017-11-21T17:31:28+08:00 ] 127.0.0.1 127.0.0.1 GET /admin/pdfile/pdfilelist?addtabs=1
[ info ] fire.mcykj.com/admin/pdfile/pdfilelist?addtabs=1 [运行时间：0.409355s][吞吐率：2.44req/s] [内存消耗：5,192.44kb] [文件加载：81]
[ info ] [ BEHAVIOR ] Run Closure @app_init [ RunTime:0.000059s ]
[ info ] [ CACHE ] INIT File
[ info ] [ BEHAVIOR ] Run Closure @app_init [ RunTime:0.001485s ]
[ info ] [ LANG ] /Users/wangcailin/Web/Work/Fire/thinkphp/lang/zh-cn.php
[ info ] [ ROUTE ] array (
  'type' => 'module',
  'module' => 
  array (
    0 => 'admin',
    1 => 'pdfile.pdfilelist',
    2 => NULL,
  ),
)
[ info ] [ HEADER ] array (
  'host' => 'fire.mcykj.com',
  'user-agent' => 'Mozilla/5.0 (Macintosh; Intel Mac OS X 10.13; rv:57.0) Gecko/20100101 Firefox/57.0',
  'accept' => 'text/html,application/xhtml+xml,application/xml;q=0.9,*/*;q=0.8',
  'accept-language' => 'zh-CN,zh;q=0.8,zh-TW;q=0.7,zh-HK;q=0.5,en-US;q=0.3,en;q=0.2',
  'accept-encoding' => 'gzip, deflate',
  'referer' => 'http://fire.mcykj.com/admin/index/index',
  'cookie' => 'Hm_lvt_f8d0a8c400404989e195270b0bbf060a=1510882131,1510901297,1511141188,1511256653; Hm_lpvt_f8d0a8c400404989e195270b0bbf060a=1511256653; PHPSESSID=rcjd8f3vasmk0srmdoffknk8l1',
  'connection' => 'keep-alive',
  'upgrade-insecure-requests' => '1',
  'content-type' => '',
  'content-length' => '',
)
[ info ] [ PARAM ] array (
  'addtabs' => '1',
)
[ info ] [ LANG ] /Users/wangcailin/Web/Work/Fire/public/../application/admin/lang/zh-cn.php
[ info ] [ BEHAVIOR ] Run app\common\behavior\Common @module_init [ RunTime:0.000532s ]
[ info ] [ SESSION ] INIT array (
  'id' => '',
  'var_session_id' => '',
  'prefix' => 'think',
  'type' => '',
  'auto_start' => true,
)
[ info ] [ DB ] INIT mysql
[ info ] [ LANG ] /Users/wangcailin/Web/Work/Fire/public/../application/admin/lang/zh-cn/pdfile/pdfilelist.php
[ info ] [ RUN ] app\common\controller\Backend->index[ /Users/wangcailin/Web/Work/Fire/application/admin/library/traits/Backend.php ]
[ info ] [ VIEW ] /Users/wangcailin/Web/Work/Fire/public/../application/admin/view/pdfile/pdfilelist/index.html [ array (
  0 => 'breadcrumb',
  1 => 'site',
  2 => 'config',
  3 => 'auth',
  4 => 'admin',
  5 => 'typeList',
  6 => 'parentList',
) ]
[ info ] [ BEHAVIOR ] Run app\admin\behavior\AdminLog @app_end [ RunTime:0.000251s ]
[ info ] [ LOG ] INIT File
[ sql ] [ DB ] CONNECT:[ UseTime:0.014815s ] mysql:host=192.168.199.174;dbname=fireadmin;charset=utf8
[ sql ] [ SQL ] SHOW COLUMNS FROM `fa_auth_group_access` [ RunTime:0.009595s ]
[ sql ] [ SQL ] SELECT `AuthGroupAccess`.`uid`,`AuthGroupAccess`.`group_id`,`AuthGroup`.`id`,`AuthGroup`.`pid`,`AuthGroup`.`name`,`AuthGroup`.`rules` FROM `fa_auth_group_access` `AuthGroupAccess` LEFT JOIN `fa_auth_group` `AuthGroup` ON `AuthGroupAccess`.`group_id`=`AuthGroup`.`id` WHERE  (  AuthGroupAccess.uid='1' and AuthGroup.status='normal' ) [ RunTime:0.008418s ]
[ sql ] [ SQL ] SHOW COLUMNS FROM `fa_auth_rule` [ RunTime:0.011711s ]
[ sql ] [ SQL ] SELECT `id`,`pid`,`condition`,`icon`,`name`,`title`,`ismenu` FROM `fa_auth_rule` WHERE  `status` = 'normal' [ RunTime:0.037101s ]
[ sql ] [ SQL ] SHOW COLUMNS FROM `fa_category` [ RunTime:0.008664s ]
[ sql ] [ SQL ] SELECT * FROM `fa_category` ORDER BY weigh desc,id desc [ RunTime:0.026958s ]
[ sql ] [ SQL ] SELECT `title`,`remark` FROM `fa_auth_rule` WHERE  `name` = 'pdfile/pdfilelist' LIMIT 1 [ RunTime:0.160647s ]
---------------------------------------------------------------
[ 2017-11-21T17:31:28+08:00 ] 127.0.0.1 127.0.0.1 GET /admin/ajax/lang?callback=define&controllername=pdfile.pdfilelist&v=1511256687
[ info ] fire.mcykj.com/admin/ajax/lang?callback=define&controllername=pdfile.pdfilelist&v=1511256687 [运行时间：0.080315s][吞吐率：12.45req/s] [内存消耗：3,499.69kb] [文件加载：71]
[ info ] [ BEHAVIOR ] Run Closure @app_init [ RunTime:0.000027s ]
[ info ] [ CACHE ] INIT File
[ info ] [ BEHAVIOR ] Run Closure @app_init [ RunTime:0.040503s ]
[ info ] [ LANG ] /Users/wangcailin/Web/Work/Fire/thinkphp/lang/zh-cn.php
[ info ] [ ROUTE ] array (
  'type' => 'module',
  'module' => 
  array (
    0 => 'admin',
    1 => 'ajax',
    2 => 'lang',
  ),
)
[ info ] [ HEADER ] array (
  'host' => 'fire.mcykj.com',
  'user-agent' => 'Mozilla/5.0 (Macintosh; Intel Mac OS X 10.13; rv:57.0) Gecko/20100101 Firefox/57.0',
  'accept' => '*/*',
  'accept-language' => 'zh-CN,zh;q=0.8,zh-TW;q=0.7,zh-HK;q=0.5,en-US;q=0.3,en;q=0.2',
  'accept-encoding' => 'gzip, deflate',
  'referer' => 'http://fire.mcykj.com/admin/pdfile/pdfilelist?addtabs=1',
  'cookie' => 'Hm_lvt_f8d0a8c400404989e195270b0bbf060a=1510882131,1510901297,1511141188,1511256653; Hm_lpvt_f8d0a8c400404989e195270b0bbf060a=1511256653; PHPSESSID=rcjd8f3vasmk0srmdoffknk8l1',
  'connection' => 'keep-alive',
  'content-type' => '',
  'content-length' => '',
)
[ info ] [ PARAM ] array (
  'callback' => 'define',
  'controllername' => 'pdfile.pdfilelist',
  'v' => '1511256687',
)
[ info ] [ LANG ] /Users/wangcailin/Web/Work/Fire/public/../application/admin/lang/zh-cn.php
[ info ] [ BEHAVIOR ] Run app\common\behavior\Common @module_init [ RunTime:0.000404s ]
[ info ] [ SESSION ] INIT array (
  'id' => '',
  'var_session_id' => '',
  'prefix' => 'think',
  'type' => '',
  'auto_start' => true,
)
[ info ] [ RUN ] app\admin\controller\Ajax->lang[ /Users/wangcailin/Web/Work/Fire/application/admin/controller/Ajax.php ]
[ info ] [ LANG ] /Users/wangcailin/Web/Work/Fire/public/../application/admin/lang/zh-cn/pdfile/pdfilelist.php
[ info ] [ BEHAVIOR ] Run app\admin\behavior\AdminLog @app_end [ RunTime:0.000214s ]
[ info ] [ LOG ] INIT File
---------------------------------------------------------------
[ 2017-11-21T17:31:28+08:00 ] 127.0.0.1 127.0.0.1 GET /admin/pdfile/pdfilelist/index?sort=id&order=desc&offset=0&limit=10&filter=%7B%7D&op=%7B%7D&_=1511256688292
[ info ] fire.mcykj.com/admin/pdfile/pdfilelist/index?sort=id&order=desc&offset=0&limit=10&filter=%7B%7D&op=%7B%7D&_=1511256688292 [运行时间：0.239036s][吞吐率：4.18req/s] [内存消耗：5,186.83kb] [文件加载：80]
[ info ] [ BEHAVIOR ] Run Closure @app_init [ RunTime:0.000036s ]
[ info ] [ CACHE ] INIT File
[ info ] [ BEHAVIOR ] Run Closure @app_init [ RunTime:0.001137s ]
[ info ] [ LANG ] /Users/wangcailin/Web/Work/Fire/thinkphp/lang/zh-cn.php
[ info ] [ ROUTE ] array (
  'type' => 'module',
  'module' => 
  array (
    0 => 'admin',
    1 => 'pdfile.pdfilelist',
    2 => 'index',
  ),
)
[ info ] [ HEADER ] array (
  'host' => 'fire.mcykj.com',
  'user-agent' => 'Mozilla/5.0 (Macintosh; Intel Mac OS X 10.13; rv:57.0) Gecko/20100101 Firefox/57.0',
  'accept' => 'application/json, text/javascript, */*; q=0.01',
  'accept-language' => 'zh-CN,zh;q=0.8,zh-TW;q=0.7,zh-HK;q=0.5,en-US;q=0.3,en;q=0.2',
  'accept-encoding' => 'gzip, deflate',
  'referer' => 'http://fire.mcykj.com/admin/pdfile/pdfilelist?addtabs=1',
  'content-type' => 'application/json',
  'x-requested-with' => 'XMLHttpRequest',
  'cookie' => 'Hm_lvt_f8d0a8c400404989e195270b0bbf060a=1510882131,1510901297,1511141188,1511256653; Hm_lpvt_f8d0a8c400404989e195270b0bbf060a=1511256653; PHPSESSID=rcjd8f3vasmk0srmdoffknk8l1',
  'connection' => 'keep-alive',
  'content-length' => '',
)
[ info ] [ PARAM ] array (
  'sort' => 'id',
  'order' => 'desc',
  'offset' => '0',
  'limit' => '10',
  'filter' => '{}',
  'op' => '{}',
  '_' => '1511256688292',
)
[ info ] [ LANG ] /Users/wangcailin/Web/Work/Fire/public/../application/admin/lang/zh-cn.php
[ info ] [ BEHAVIOR ] Run app\common\behavior\Common @module_init [ RunTime:0.000577s ]
[ info ] [ SESSION ] INIT array (
  'id' => '',
  'var_session_id' => '',
  'prefix' => 'think',
  'type' => '',
  'auto_start' => true,
)
[ info ] [ DB ] INIT mysql
[ info ] [ LANG ] /Users/wangcailin/Web/Work/Fire/public/../application/admin/lang/zh-cn/pdfile/pdfilelist.php
[ info ] [ RUN ] app\common\controller\Backend->index[ /Users/wangcailin/Web/Work/Fire/application/admin/library/traits/Backend.php ]
[ info ] [ BEHAVIOR ] Run app\admin\behavior\AdminLog @app_end [ RunTime:0.000144s ]
[ info ] [ LOG ] INIT File
[ sql ] [ DB ] CONNECT:[ UseTime:0.009249s ] mysql:host=192.168.199.174;dbname=fireadmin;charset=utf8
[ sql ] [ SQL ] SHOW COLUMNS FROM `fa_auth_group_access` [ RunTime:0.007545s ]
[ sql ] [ SQL ] SELECT `AuthGroupAccess`.`uid`,`AuthGroupAccess`.`group_id`,`AuthGroup`.`id`,`AuthGroup`.`pid`,`AuthGroup`.`name`,`AuthGroup`.`rules` FROM `fa_auth_group_access` `AuthGroupAccess` LEFT JOIN `fa_auth_group` `AuthGroup` ON `AuthGroupAccess`.`group_id`=`AuthGroup`.`id` WHERE  (  AuthGroupAccess.uid='1' and AuthGroup.status='normal' ) [ RunTime:0.008841s ]
[ sql ] [ SQL ] SHOW COLUMNS FROM `fa_auth_rule` [ RunTime:0.009029s ]
[ sql ] [ SQL ] SELECT `id`,`pid`,`condition`,`icon`,`name`,`title`,`ismenu` FROM `fa_auth_rule` WHERE  `status` = 'normal' [ RunTime:0.036497s ]
[ sql ] [ SQL ] SHOW COLUMNS FROM `fa_category` [ RunTime:0.008690s ]
[ sql ] [ SQL ] SELECT * FROM `fa_category` ORDER BY weigh desc,id desc [ RunTime:0.027184s ]
[ sql ] [ SQL ] SHOW COLUMNS FROM `fa_pdfilelist` [ RunTime:0.004717s ]
[ sql ] [ SQL ] SELECT COUNT(*) AS tp_count FROM `fa_pdfilelist` ORDER BY `id`  desc LIMIT 1 [ RunTime:0.004333s ]
[ sql ] [ SQL ] SELECT * FROM `fa_pdfilelist` ORDER BY `id`  desc LIMIT 0,10 [ RunTime:0.004874s ]
---------------------------------------------------------------
[ 2017-11-21T17:31:29+08:00 ] 127.0.0.1 127.0.0.1 GET /admin/category/getCategroyList?categorylist=117
[ info ] fire.mcykj.com/admin/category/getCategroyList?categorylist=117 [运行时间：0.376634s][吞吐率：2.66req/s] [内存消耗：5,150.79kb] [文件加载：79]
[ info ] [ BEHAVIOR ] Run Closure @app_init [ RunTime:0.000028s ]
[ info ] [ CACHE ] INIT File
[ info ] [ BEHAVIOR ] Run Closure @app_init [ RunTime:0.001086s ]
[ info ] [ LANG ] /Users/wangcailin/Web/Work/Fire/thinkphp/lang/zh-cn.php
[ info ] [ ROUTE ] array (
  'type' => 'module',
  'module' => 
  array (
    0 => 'admin',
    1 => 'category',
    2 => 'getCategroyList',
  ),
)
[ info ] [ HEADER ] array (
  'host' => 'fire.mcykj.com',
  'user-agent' => 'Mozilla/5.0 (Macintosh; Intel Mac OS X 10.13; rv:57.0) Gecko/20100101 Firefox/57.0',
  'accept' => '*/*',
  'accept-language' => 'zh-CN,zh;q=0.8,zh-TW;q=0.7,zh-HK;q=0.5,en-US;q=0.3,en;q=0.2',
  'accept-encoding' => 'gzip, deflate',
  'referer' => 'http://fire.mcykj.com/admin/pdfile/pdfilelist?addtabs=1',
  'x-requested-with' => 'XMLHttpRequest',
  'cookie' => 'Hm_lvt_f8d0a8c400404989e195270b0bbf060a=1510882131,1510901297,1511141188,1511256653; Hm_lpvt_f8d0a8c400404989e195270b0bbf060a=1511256653; PHPSESSID=rcjd8f3vasmk0srmdoffknk8l1',
  'connection' => 'keep-alive',
  'content-type' => '',
  'content-length' => '',
)
[ info ] [ PARAM ] array (
  'categorylist' => '117',
)
[ info ] [ LANG ] /Users/wangcailin/Web/Work/Fire/public/../application/admin/lang/zh-cn.php
[ info ] [ BEHAVIOR ] Run app\common\behavior\Common @module_init [ RunTime:0.000555s ]
[ info ] [ SESSION ] INIT array (
  'id' => '',
  'var_session_id' => '',
  'prefix' => 'think',
  'type' => '',
  'auto_start' => true,
)
[ info ] [ DB ] INIT mysql
[ info ] [ LANG ] /Users/wangcailin/Web/Work/Fire/public/../application/admin/lang/zh-cn/category.php
[ info ] [ RUN ] app\admin\controller\Category->getCategroyList[ /Users/wangcailin/Web/Work/Fire/application/admin/controller/Category.php ]
[ info ] [ BEHAVIOR ] Run app\admin\behavior\AdminLog @app_end [ RunTime:0.000197s ]
[ info ] [ LOG ] INIT File
[ sql ] [ DB ] CONNECT:[ UseTime:0.009164s ] mysql:host=192.168.199.174;dbname=fireadmin;charset=utf8
[ sql ] [ SQL ] SHOW COLUMNS FROM `fa_auth_group_access` [ RunTime:0.008180s ]
[ sql ] [ SQL ] SELECT `AuthGroupAccess`.`uid`,`AuthGroupAccess`.`group_id`,`AuthGroup`.`id`,`AuthGroup`.`pid`,`AuthGroup`.`name`,`AuthGroup`.`rules` FROM `fa_auth_group_access` `AuthGroupAccess` LEFT JOIN `fa_auth_group` `AuthGroup` ON `AuthGroupAccess`.`group_id`=`AuthGroup`.`id` WHERE  (  AuthGroupAccess.uid='1' and AuthGroup.status='normal' ) [ RunTime:0.009153s ]
[ sql ] [ SQL ] SHOW COLUMNS FROM `fa_auth_rule` [ RunTime:0.009490s ]
[ sql ] [ SQL ] SELECT `id`,`pid`,`condition`,`icon`,`name`,`title`,`ismenu` FROM `fa_auth_rule` WHERE  `status` = 'normal' [ RunTime:0.188916s ]
[ sql ] [ SQL ] SHOW COLUMNS FROM `fa_category` [ RunTime:0.008618s ]
[ sql ] [ SQL ] SELECT * FROM `fa_category` ORDER BY weigh desc,id desc [ RunTime:0.026598s ]
[ sql ] [ SQL ] SELECT `name` FROM `fa_category` WHERE  `id` = 117 LIMIT 1 [ RunTime:0.006970s ]
---------------------------------------------------------------
[ 2017-11-21T17:31:29+08:00 ] 127.0.0.1 127.0.0.1 GET /admin/category/getCategroyList?categorylist=117
[ info ] fire.mcykj.com/admin/category/getCategroyList?categorylist=117 [运行时间：0.364105s][吞吐率：2.75req/s] [内存消耗：5,150.79kb] [文件加载：79]
[ info ] [ BEHAVIOR ] Run Closure @app_init [ RunTime:0.000028s ]
[ info ] [ CACHE ] INIT File
[ info ] [ BEHAVIOR ] Run Closure @app_init [ RunTime:0.001062s ]
[ info ] [ LANG ] /Users/wangcailin/Web/Work/Fire/thinkphp/lang/zh-cn.php
[ info ] [ ROUTE ] array (
  'type' => 'module',
  'module' => 
  array (
    0 => 'admin',
    1 => 'category',
    2 => 'getCategroyList',
  ),
)
[ info ] [ HEADER ] array (
  'host' => 'fire.mcykj.com',
  'user-agent' => 'Mozilla/5.0 (Macintosh; Intel Mac OS X 10.13; rv:57.0) Gecko/20100101 Firefox/57.0',
  'accept' => '*/*',
  'accept-language' => 'zh-CN,zh;q=0.8,zh-TW;q=0.7,zh-HK;q=0.5,en-US;q=0.3,en;q=0.2',
  'accept-encoding' => 'gzip, deflate',
  'referer' => 'http://fire.mcykj.com/admin/pdfile/pdfilelist?addtabs=1',
  'x-requested-with' => 'XMLHttpRequest',
  'cookie' => 'Hm_lvt_f8d0a8c400404989e195270b0bbf060a=1510882131,1510901297,1511141188,1511256653; Hm_lpvt_f8d0a8c400404989e195270b0bbf060a=1511256653; PHPSESSID=rcjd8f3vasmk0srmdoffknk8l1',
  'connection' => 'keep-alive',
  'content-type' => '',
  'content-length' => '',
)
[ info ] [ PARAM ] array (
  'categorylist' => '117',
)
[ info ] [ LANG ] /Users/wangcailin/Web/Work/Fire/public/../application/admin/lang/zh-cn.php
[ info ] [ BEHAVIOR ] Run app\common\behavior\Common @module_init [ RunTime:0.000202s ]
[ info ] [ SESSION ] INIT array (
  'id' => '',
  'var_session_id' => '',
  'prefix' => 'think',
  'type' => '',
  'auto_start' => true,
)
[ info ] [ DB ] INIT mysql
[ info ] [ LANG ] /Users/wangcailin/Web/Work/Fire/public/../application/admin/lang/zh-cn/category.php
[ info ] [ RUN ] app\admin\controller\Category->getCategroyList[ /Users/wangcailin/Web/Work/Fire/application/admin/controller/Category.php ]
[ info ] [ BEHAVIOR ] Run app\admin\behavior\AdminLog @app_end [ RunTime:0.000303s ]
[ info ] [ LOG ] INIT File
[ sql ] [ DB ] CONNECT:[ UseTime:0.008664s ] mysql:host=192.168.199.174;dbname=fireadmin;charset=utf8
[ sql ] [ SQL ] SHOW COLUMNS FROM `fa_auth_group_access` [ RunTime:0.007566s ]
[ sql ] [ SQL ] SELECT `AuthGroupAccess`.`uid`,`AuthGroupAccess`.`group_id`,`AuthGroup`.`id`,`AuthGroup`.`pid`,`AuthGroup`.`name`,`AuthGroup`.`rules` FROM `fa_auth_group_access` `AuthGroupAccess` LEFT JOIN `fa_auth_group` `AuthGroup` ON `AuthGroupAccess`.`group_id`=`AuthGroup`.`id` WHERE  (  AuthGroupAccess.uid='1' and AuthGroup.status='normal' ) [ RunTime:0.008362s ]
[ sql ] [ SQL ] SHOW COLUMNS FROM `fa_auth_rule` [ RunTime:0.159240s ]
[ sql ] [ SQL ] SELECT `id`,`pid`,`condition`,`icon`,`name`,`title`,`ismenu` FROM `fa_auth_rule` WHERE  `status` = 'normal' [ RunTime:0.037346s ]
[ sql ] [ SQL ] SHOW COLUMNS FROM `fa_category` [ RunTime:0.009362s ]
[ sql ] [ SQL ] SELECT * FROM `fa_category` ORDER BY weigh desc,id desc [ RunTime:0.027398s ]
[ sql ] [ SQL ] SELECT `name` FROM `fa_category` WHERE  `id` = 117 LIMIT 1 [ RunTime:0.006367s ]
---------------------------------------------------------------
[ 2017-11-21T17:31:29+08:00 ] 127.0.0.1 127.0.0.1 GET /admin/category/getCategroyList?categorylist=116
[ info ] fire.mcykj.com/admin/category/getCategroyList?categorylist=116 [运行时间：0.214416s][吞吐率：4.66req/s] [内存消耗：5,150.62kb] [文件加载：79]
[ info ] [ BEHAVIOR ] Run Closure @app_init [ RunTime:0.000027s ]
[ info ] [ CACHE ] INIT File
[ info ] [ BEHAVIOR ] Run Closure @app_init [ RunTime:0.001009s ]
[ info ] [ LANG ] /Users/wangcailin/Web/Work/Fire/thinkphp/lang/zh-cn.php
[ info ] [ ROUTE ] array (
  'type' => 'module',
  'module' => 
  array (
    0 => 'admin',
    1 => 'category',
    2 => 'getCategroyList',
  ),
)
[ info ] [ HEADER ] array (
  'host' => 'fire.mcykj.com',
  'user-agent' => 'Mozilla/5.0 (Macintosh; Intel Mac OS X 10.13; rv:57.0) Gecko/20100101 Firefox/57.0',
  'accept' => '*/*',
  'accept-language' => 'zh-CN,zh;q=0.8,zh-TW;q=0.7,zh-HK;q=0.5,en-US;q=0.3,en;q=0.2',
  'accept-encoding' => 'gzip, deflate',
  'referer' => 'http://fire.mcykj.com/admin/pdfile/pdfilelist?addtabs=1',
  'x-requested-with' => 'XMLHttpRequest',
  'cookie' => 'Hm_lvt_f8d0a8c400404989e195270b0bbf060a=1510882131,1510901297,1511141188,1511256653; Hm_lpvt_f8d0a8c400404989e195270b0bbf060a=1511256653; PHPSESSID=rcjd8f3vasmk0srmdoffknk8l1',
  'connection' => 'keep-alive',
  'content-type' => '',
  'content-length' => '',
)
[ info ] [ PARAM ] array (
  'categorylist' => '116',
)
[ info ] [ LANG ] /Users/wangcailin/Web/Work/Fire/public/../application/admin/lang/zh-cn.php
[ info ] [ BEHAVIOR ] Run app\common\behavior\Common @module_init [ RunTime:0.000328s ]
[ info ] [ SESSION ] INIT array (
  'id' => '',
  'var_session_id' => '',
  'prefix' => 'think',
  'type' => '',
  'auto_start' => true,
)
[ info ] [ DB ] INIT mysql
[ info ] [ LANG ] /Users/wangcailin/Web/Work/Fire/public/../application/admin/lang/zh-cn/category.php
[ info ] [ RUN ] app\admin\controller\Category->getCategroyList[ /Users/wangcailin/Web/Work/Fire/application/admin/controller/Category.php ]
[ info ] [ BEHAVIOR ] Run app\admin\behavior\AdminLog @app_end [ RunTime:0.000164s ]
[ info ] [ LOG ] INIT File
[ sql ] [ DB ] CONNECT:[ UseTime:0.009155s ] mysql:host=192.168.199.174;dbname=fireadmin;charset=utf8
[ sql ] [ SQL ] SHOW COLUMNS FROM `fa_auth_group_access` [ RunTime:0.008237s ]
[ sql ] [ SQL ] SELECT `AuthGroupAccess`.`uid`,`AuthGroupAccess`.`group_id`,`AuthGroup`.`id`,`AuthGroup`.`pid`,`AuthGroup`.`name`,`AuthGroup`.`rules` FROM `fa_auth_group_access` `AuthGroupAccess` LEFT JOIN `fa_auth_group` `AuthGroup` ON `AuthGroupAccess`.`group_id`=`AuthGroup`.`id` WHERE  (  AuthGroupAccess.uid='1' and AuthGroup.status='normal' ) [ RunTime:0.008062s ]
[ sql ] [ SQL ] SHOW COLUMNS FROM `fa_auth_rule` [ RunTime:0.009650s ]
[ sql ] [ SQL ] SELECT `id`,`pid`,`condition`,`icon`,`name`,`title`,`ismenu` FROM `fa_auth_rule` WHERE  `status` = 'normal' [ RunTime:0.036763s ]
[ sql ] [ SQL ] SHOW COLUMNS FROM `fa_category` [ RunTime:0.009412s ]
[ sql ] [ SQL ] SELECT * FROM `fa_category` ORDER BY weigh desc,id desc [ RunTime:0.025359s ]
[ sql ] [ SQL ] SELECT `name` FROM `fa_category` WHERE  `id` = 116 LIMIT 1 [ RunTime:0.003783s ]
---------------------------------------------------------------
[ 2017-11-21T17:31:29+08:00 ] 127.0.0.1 127.0.0.1 GET /admin/category/getCategroyList?categorylist=116
[ info ] fire.mcykj.com/admin/category/getCategroyList?categorylist=116 [运行时间：0.122859s][吞吐率：8.14req/s] [内存消耗：5,150.79kb] [文件加载：79]
[ info ] [ BEHAVIOR ] Run Closure @app_init [ RunTime:0.000028s ]
[ info ] [ CACHE ] INIT File
[ info ] [ BEHAVIOR ] Run Closure @app_init [ RunTime:0.001081s ]
[ info ] [ LANG ] /Users/wangcailin/Web/Work/Fire/thinkphp/lang/zh-cn.php
[ info ] [ ROUTE ] array (
  'type' => 'module',
  'module' => 
  array (
    0 => 'admin',
    1 => 'category',
    2 => 'getCategroyList',
  ),
)
[ info ] [ HEADER ] array (
  'host' => 'fire.mcykj.com',
  'user-agent' => 'Mozilla/5.0 (Macintosh; Intel Mac OS X 10.13; rv:57.0) Gecko/20100101 Firefox/57.0',
  'accept' => '*/*',
  'accept-language' => 'zh-CN,zh;q=0.8,zh-TW;q=0.7,zh-HK;q=0.5,en-US;q=0.3,en;q=0.2',
  'accept-encoding' => 'gzip, deflate',
  'referer' => 'http://fire.mcykj.com/admin/pdfile/pdfilelist?addtabs=1',
  'x-requested-with' => 'XMLHttpRequest',
  'cookie' => 'Hm_lvt_f8d0a8c400404989e195270b0bbf060a=1510882131,1510901297,1511141188,1511256653; Hm_lpvt_f8d0a8c400404989e195270b0bbf060a=1511256653; PHPSESSID=rcjd8f3vasmk0srmdoffknk8l1',
  'connection' => 'keep-alive',
  'content-type' => '',
  'content-length' => '',
)
[ info ] [ PARAM ] array (
  'categorylist' => '116',
)
[ info ] [ LANG ] /Users/wangcailin/Web/Work/Fire/public/../application/admin/lang/zh-cn.php
[ info ] [ BEHAVIOR ] Run app\common\behavior\Common @module_init [ RunTime:0.000205s ]
[ info ] [ SESSION ] INIT array (
  'id' => '',
  'var_session_id' => '',
  'prefix' => 'think',
  'type' => '',
  'auto_start' => true,
)
[ info ] [ DB ] INIT mysql
[ info ] [ LANG ] /Users/wangcailin/Web/Work/Fire/public/../application/admin/lang/zh-cn/category.php
[ info ] [ RUN ] app\admin\controller\Category->getCategroyList[ /Users/wangcailin/Web/Work/Fire/application/admin/controller/Category.php ]
[ info ] [ BEHAVIOR ] Run app\admin\behavior\AdminLog @app_end [ RunTime:0.000192s ]
[ info ] [ LOG ] INIT File
[ sql ] [ DB ] CONNECT:[ UseTime:0.004565s ] mysql:host=192.168.199.174;dbname=fireadmin;charset=utf8
[ sql ] [ SQL ] SHOW COLUMNS FROM `fa_auth_group_access` [ RunTime:0.004430s ]
[ sql ] [ SQL ] SELECT `AuthGroupAccess`.`uid`,`AuthGroupAccess`.`group_id`,`AuthGroup`.`id`,`AuthGroup`.`pid`,`AuthGroup`.`name`,`AuthGroup`.`rules` FROM `fa_auth_group_access` `AuthGroupAccess` LEFT JOIN `fa_auth_group` `AuthGroup` ON `AuthGroupAccess`.`group_id`=`AuthGroup`.`id` WHERE  (  AuthGroupAccess.uid='1' and AuthGroup.status='normal' ) [ RunTime:0.004196s ]
[ sql ] [ SQL ] SHOW COLUMNS FROM `fa_auth_rule` [ RunTime:0.004521s ]
[ sql ] [ SQL ] SELECT `id`,`pid`,`condition`,`icon`,`name`,`title`,`ismenu` FROM `fa_auth_rule` WHERE  `status` = 'normal' [ RunTime:0.006081s ]
[ sql ] [ SQL ] SHOW COLUMNS FROM `fa_category` [ RunTime:0.004034s ]
[ sql ] [ SQL ] SELECT * FROM `fa_category` ORDER BY weigh desc,id desc [ RunTime:0.005870s ]
[ sql ] [ SQL ] SELECT `name` FROM `fa_category` WHERE  `id` = 116 LIMIT 1 [ RunTime:0.004239s ]
---------------------------------------------------------------
[ 2017-11-21T17:31:30+08:00 ] 127.0.0.1 127.0.0.1 GET /admin/category/getCategroyList?categorylist=111
[ info ] fire.mcykj.com/admin/category/getCategroyList?categorylist=111 [运行时间：0.114871s][吞吐率：8.71req/s] [内存消耗：5,150.80kb] [文件加载：79]
[ info ] [ BEHAVIOR ] Run Closure @app_init [ RunTime:0.000029s ]
[ info ] [ CACHE ] INIT File
[ info ] [ BEHAVIOR ] Run Closure @app_init [ RunTime:0.001090s ]
[ info ] [ LANG ] /Users/wangcailin/Web/Work/Fire/thinkphp/lang/zh-cn.php
[ info ] [ ROUTE ] array (
  'type' => 'module',
  'module' => 
  array (
    0 => 'admin',
    1 => 'category',
    2 => 'getCategroyList',
  ),
)
[ info ] [ HEADER ] array (
  'host' => 'fire.mcykj.com',
  'user-agent' => 'Mozilla/5.0 (Macintosh; Intel Mac OS X 10.13; rv:57.0) Gecko/20100101 Firefox/57.0',
  'accept' => '*/*',
  'accept-language' => 'zh-CN,zh;q=0.8,zh-TW;q=0.7,zh-HK;q=0.5,en-US;q=0.3,en;q=0.2',
  'accept-encoding' => 'gzip, deflate',
  'referer' => 'http://fire.mcykj.com/admin/pdfile/pdfilelist?addtabs=1',
  'x-requested-with' => 'XMLHttpRequest',
  'cookie' => 'Hm_lvt_f8d0a8c400404989e195270b0bbf060a=1510882131,1510901297,1511141188,1511256653; Hm_lpvt_f8d0a8c400404989e195270b0bbf060a=1511256653; PHPSESSID=rcjd8f3vasmk0srmdoffknk8l1',
  'connection' => 'keep-alive',
  'content-type' => '',
  'content-length' => '',
)
[ info ] [ PARAM ] array (
  'categorylist' => '111',
)
[ info ] [ LANG ] /Users/wangcailin/Web/Work/Fire/public/../application/admin/lang/zh-cn.php
[ info ] [ BEHAVIOR ] Run app\common\behavior\Common @module_init [ RunTime:0.000353s ]
[ info ] [ SESSION ] INIT array (
  'id' => '',
  'var_session_id' => '',
  'prefix' => 'think',
  'type' => '',
  'auto_start' => true,
)
[ info ] [ DB ] INIT mysql
[ info ] [ LANG ] /Users/wangcailin/Web/Work/Fire/public/../application/admin/lang/zh-cn/category.php
[ info ] [ RUN ] app\admin\controller\Category->getCategroyList[ /Users/wangcailin/Web/Work/Fire/application/admin/controller/Category.php ]
[ info ] [ BEHAVIOR ] Run app\admin\behavior\AdminLog @app_end [ RunTime:0.000161s ]
[ info ] [ LOG ] INIT File
[ sql ] [ DB ] CONNECT:[ UseTime:0.004877s ] mysql:host=192.168.199.174;dbname=fireadmin;charset=utf8
[ sql ] [ SQL ] SHOW COLUMNS FROM `fa_auth_group_access` [ RunTime:0.004333s ]
[ sql ] [ SQL ] SELECT `AuthGroupAccess`.`uid`,`AuthGroupAccess`.`group_id`,`AuthGroup`.`id`,`AuthGroup`.`pid`,`AuthGroup`.`name`,`AuthGroup`.`rules` FROM `fa_auth_group_access` `AuthGroupAccess` LEFT JOIN `fa_auth_group` `AuthGroup` ON `AuthGroupAccess`.`group_id`=`AuthGroup`.`id` WHERE  (  AuthGroupAccess.uid='1' and AuthGroup.status='normal' ) [ RunTime:0.004062s ]
[ sql ] [ SQL ] SHOW COLUMNS FROM `fa_auth_rule` [ RunTime:0.004612s ]
[ sql ] [ SQL ] SELECT `id`,`pid`,`condition`,`icon`,`name`,`title`,`ismenu` FROM `fa_auth_rule` WHERE  `status` = 'normal' [ RunTime:0.005926s ]
[ sql ] [ SQL ] SHOW COLUMNS FROM `fa_category` [ RunTime:0.004705s ]
[ sql ] [ SQL ] SELECT * FROM `fa_category` ORDER BY weigh desc,id desc [ RunTime:0.005840s ]
[ sql ] [ SQL ] SELECT `name` FROM `fa_category` WHERE  `id` = 111 LIMIT 1 [ RunTime:0.003821s ]
---------------------------------------------------------------
[ 2017-11-21T17:31:30+08:00 ] 127.0.0.1 127.0.0.1 GET /admin/category/getCategroyList?categorylist=111
[ info ] fire.mcykj.com/admin/category/getCategroyList?categorylist=111 [运行时间：0.110813s][吞吐率：9.02req/s] [内存消耗：5,150.63kb] [文件加载：79]
[ info ] [ BEHAVIOR ] Run Closure @app_init [ RunTime:0.000030s ]
[ info ] [ CACHE ] INIT File
[ info ] [ BEHAVIOR ] Run Closure @app_init [ RunTime:0.001015s ]
[ info ] [ LANG ] /Users/wangcailin/Web/Work/Fire/thinkphp/lang/zh-cn.php
[ info ] [ ROUTE ] array (
  'type' => 'module',
  'module' => 
  array (
    0 => 'admin',
    1 => 'category',
    2 => 'getCategroyList',
  ),
)
[ info ] [ HEADER ] array (
  'host' => 'fire.mcykj.com',
  'user-agent' => 'Mozilla/5.0 (Macintosh; Intel Mac OS X 10.13; rv:57.0) Gecko/20100101 Firefox/57.0',
  'accept' => '*/*',
  'accept-language' => 'zh-CN,zh;q=0.8,zh-TW;q=0.7,zh-HK;q=0.5,en-US;q=0.3,en;q=0.2',
  'accept-encoding' => 'gzip, deflate',
  'referer' => 'http://fire.mcykj.com/admin/pdfile/pdfilelist?addtabs=1',
  'x-requested-with' => 'XMLHttpRequest',
  'cookie' => 'Hm_lvt_f8d0a8c400404989e195270b0bbf060a=1510882131,1510901297,1511141188,1511256653; Hm_lpvt_f8d0a8c400404989e195270b0bbf060a=1511256653; PHPSESSID=rcjd8f3vasmk0srmdoffknk8l1',
  'connection' => 'keep-alive',
  'content-type' => '',
  'content-length' => '',
)
[ info ] [ PARAM ] array (
  'categorylist' => '111',
)
[ info ] [ LANG ] /Users/wangcailin/Web/Work/Fire/public/../application/admin/lang/zh-cn.php
[ info ] [ BEHAVIOR ] Run app\common\behavior\Common @module_init [ RunTime:0.000204s ]
[ info ] [ SESSION ] INIT array (
  'id' => '',
  'var_session_id' => '',
  'prefix' => 'think',
  'type' => '',
  'auto_start' => true,
)
[ info ] [ DB ] INIT mysql
[ info ] [ LANG ] /Users/wangcailin/Web/Work/Fire/public/../application/admin/lang/zh-cn/category.php
[ info ] [ RUN ] app\admin\controller\Category->getCategroyList[ /Users/wangcailin/Web/Work/Fire/application/admin/controller/Category.php ]
[ info ] [ BEHAVIOR ] Run app\admin\behavior\AdminLog @app_end [ RunTime:0.000173s ]
[ info ] [ LOG ] INIT File
[ sql ] [ DB ] CONNECT:[ UseTime:0.004490s ] mysql:host=192.168.199.174;dbname=fireadmin;charset=utf8
[ sql ] [ SQL ] SHOW COLUMNS FROM `fa_auth_group_access` [ RunTime:0.004292s ]
[ sql ] [ SQL ] SELECT `AuthGroupAccess`.`uid`,`AuthGroupAccess`.`group_id`,`AuthGroup`.`id`,`AuthGroup`.`pid`,`AuthGroup`.`name`,`AuthGroup`.`rules` FROM `fa_auth_group_access` `AuthGroupAccess` LEFT JOIN `fa_auth_group` `AuthGroup` ON `AuthGroupAccess`.`group_id`=`AuthGroup`.`id` WHERE  (  AuthGroupAccess.uid='1' and AuthGroup.status='normal' ) [ RunTime:0.003942s ]
[ sql ] [ SQL ] SHOW COLUMNS FROM `fa_auth_rule` [ RunTime:0.004712s ]
[ sql ] [ SQL ] SELECT `id`,`pid`,`condition`,`icon`,`name`,`title`,`ismenu` FROM `fa_auth_rule` WHERE  `status` = 'normal' [ RunTime:0.005985s ]
[ sql ] [ SQL ] SHOW COLUMNS FROM `fa_category` [ RunTime:0.004388s ]
[ sql ] [ SQL ] SELECT * FROM `fa_category` ORDER BY weigh desc,id desc [ RunTime:0.005746s ]
[ sql ] [ SQL ] SELECT `name` FROM `fa_category` WHERE  `id` = 111 LIMIT 1 [ RunTime:0.003924s ]
---------------------------------------------------------------
[ 2017-11-21T17:31:30+08:00 ] 127.0.0.1 127.0.0.1 GET /admin/category/getCategroyList?categorylist=111
[ info ] fire.mcykj.com/admin/category/getCategroyList?categorylist=111 [运行时间：0.115425s][吞吐率：8.66req/s] [内存消耗：5,150.80kb] [文件加载：79]
[ info ] [ BEHAVIOR ] Run Closure @app_init [ RunTime:0.000030s ]
[ info ] [ CACHE ] INIT File
[ info ] [ BEHAVIOR ] Run Closure @app_init [ RunTime:0.001019s ]
[ info ] [ LANG ] /Users/wangcailin/Web/Work/Fire/thinkphp/lang/zh-cn.php
[ info ] [ ROUTE ] array (
  'type' => 'module',
  'module' => 
  array (
    0 => 'admin',
    1 => 'category',
    2 => 'getCategroyList',
  ),
)
[ info ] [ HEADER ] array (
  'host' => 'fire.mcykj.com',
  'user-agent' => 'Mozilla/5.0 (Macintosh; Intel Mac OS X 10.13; rv:57.0) Gecko/20100101 Firefox/57.0',
  'accept' => '*/*',
  'accept-language' => 'zh-CN,zh;q=0.8,zh-TW;q=0.7,zh-HK;q=0.5,en-US;q=0.3,en;q=0.2',
  'accept-encoding' => 'gzip, deflate',
  'referer' => 'http://fire.mcykj.com/admin/pdfile/pdfilelist?addtabs=1',
  'x-requested-with' => 'XMLHttpRequest',
  'cookie' => 'Hm_lvt_f8d0a8c400404989e195270b0bbf060a=1510882131,1510901297,1511141188,1511256653; Hm_lpvt_f8d0a8c400404989e195270b0bbf060a=1511256653; PHPSESSID=rcjd8f3vasmk0srmdoffknk8l1',
  'connection' => 'keep-alive',
  'content-type' => '',
  'content-length' => '',
)
[ info ] [ PARAM ] array (
  'categorylist' => '111',
)
[ info ] [ LANG ] /Users/wangcailin/Web/Work/Fire/public/../application/admin/lang/zh-cn.php
[ info ] [ BEHAVIOR ] Run app\common\behavior\Common @module_init [ RunTime:0.000357s ]
[ info ] [ SESSION ] INIT array (
  'id' => '',
  'var_session_id' => '',
  'prefix' => 'think',
  'type' => '',
  'auto_start' => true,
)
[ info ] [ DB ] INIT mysql
[ info ] [ LANG ] /Users/wangcailin/Web/Work/Fire/public/../application/admin/lang/zh-cn/category.php
[ info ] [ RUN ] app\admin\controller\Category->getCategroyList[ /Users/wangcailin/Web/Work/Fire/application/admin/controller/Category.php ]
[ info ] [ BEHAVIOR ] Run app\admin\behavior\AdminLog @app_end [ RunTime:0.000159s ]
[ info ] [ LOG ] INIT File
[ sql ] [ DB ] CONNECT:[ UseTime:0.004861s ] mysql:host=192.168.199.174;dbname=fireadmin;charset=utf8
[ sql ] [ SQL ] SHOW COLUMNS FROM `fa_auth_group_access` [ RunTime:0.004546s ]
[ sql ] [ SQL ] SELECT `AuthGroupAccess`.`uid`,`AuthGroupAccess`.`group_id`,`AuthGroup`.`id`,`AuthGroup`.`pid`,`AuthGroup`.`name`,`AuthGroup`.`rules` FROM `fa_auth_group_access` `AuthGroupAccess` LEFT JOIN `fa_auth_group` `AuthGroup` ON `AuthGroupAccess`.`group_id`=`AuthGroup`.`id` WHERE  (  AuthGroupAccess.uid='1' and AuthGroup.status='normal' ) [ RunTime:0.004409s ]
[ sql ] [ SQL ] SHOW COLUMNS FROM `fa_auth_rule` [ RunTime:0.004490s ]
[ sql ] [ SQL ] SELECT `id`,`pid`,`condition`,`icon`,`name`,`title`,`ismenu` FROM `fa_auth_rule` WHERE  `status` = 'normal' [ RunTime:0.006227s ]
[ sql ] [ SQL ] SHOW COLUMNS FROM `fa_category` [ RunTime:0.005506s ]
[ sql ] [ SQL ] SELECT * FROM `fa_category` ORDER BY weigh desc,id desc [ RunTime:0.005888s ]
[ sql ] [ SQL ] SELECT `name` FROM `fa_category` WHERE  `id` = 111 LIMIT 1 [ RunTime:0.004038s ]
---------------------------------------------------------------
[ 2017-11-21T18:31:00+08:00 ] 127.0.0.1 127.0.0.1 GET /admin/category/edit/ids/14?dialog=1
[ info ] fire.mcykj.com/admin/category/edit/ids/14?dialog=1 [运行时间：0.510627s][吞吐率：1.96req/s] [内存消耗：5,519.20kb] [文件加载：82]
[ info ] [ BEHAVIOR ] Run Closure @app_init [ RunTime:0.000104s ]
[ info ] [ CACHE ] INIT File
[ info ] [ BEHAVIOR ] Run Closure @app_init [ RunTime:0.012627s ]
[ info ] [ LANG ] /Users/wangcailin/Web/Work/Fire/thinkphp/lang/zh-cn.php
[ info ] [ ROUTE ] array (
  'type' => 'module',
  'module' => 
  array (
    0 => 'admin',
    1 => 'category',
    2 => 'edit',
  ),
)
[ info ] [ HEADER ] array (
  'host' => 'fire.mcykj.com',
  'user-agent' => 'Mozilla/5.0 (Macintosh; Intel Mac OS X 10.13; rv:57.0) Gecko/20100101 Firefox/57.0',
  'accept' => 'text/html,application/xhtml+xml,application/xml;q=0.9,*/*;q=0.8',
  'accept-language' => 'zh-CN,zh;q=0.8,zh-TW;q=0.7,zh-HK;q=0.5,en-US;q=0.3,en;q=0.2',
  'accept-encoding' => 'gzip, deflate',
  'referer' => 'http://fire.mcykj.com/admin/category?addtabs=1',
  'cookie' => 'Hm_lvt_f8d0a8c400404989e195270b0bbf060a=1510882131,1510901297,1511141188,1511256653; Hm_lpvt_f8d0a8c400404989e195270b0bbf060a=1511256653; PHPSESSID=rcjd8f3vasmk0srmdoffknk8l1',
  'connection' => 'keep-alive',
  'upgrade-insecure-requests' => '1',
  'content-type' => '',
  'content-length' => '',
)
[ info ] [ PARAM ] array (
  'dialog' => '1',
  'ids' => '14',
)
[ info ] [ LANG ] /Users/wangcailin/Web/Work/Fire/public/../application/admin/lang/zh-cn.php
[ info ] [ BEHAVIOR ] Run app\common\behavior\Common @module_init [ RunTime:0.003810s ]
[ info ] [ SESSION ] INIT array (
  'id' => '',
  'var_session_id' => '',
  'prefix' => 'think',
  'type' => '',
  'auto_start' => true,
)
[ info ] [ DB ] INIT mysql
[ info ] [ LANG ] /Users/wangcailin/Web/Work/Fire/public/../application/admin/lang/zh-cn/category.php
[ info ] [ RUN ] app\common\controller\Backend->edit[ /Users/wangcailin/Web/Work/Fire/application/admin/library/traits/Backend.php ]
[ info ] [ VIEW ] /Users/wangcailin/Web/Work/Fire/public/../application/admin/view/category/edit.html [ array (
  0 => 'breadcrumb',
  1 => 'site',
  2 => 'config',
  3 => 'auth',
  4 => 'admin',
  5 => 'typeList',
  6 => 'parentList',
  7 => 'row',
) ]
[ info ] [ BEHAVIOR ] Run app\admin\behavior\AdminLog @app_end [ RunTime:0.003275s ]
[ info ] [ LOG ] INIT File
[ sql ] [ DB ] CONNECT:[ UseTime:0.010101s ] mysql:host=192.168.199.174;dbname=fireadmin;charset=utf8
[ sql ] [ SQL ] SHOW COLUMNS FROM `fa_auth_group_access` [ RunTime:0.008529s ]
[ sql ] [ SQL ] SELECT `AuthGroupAccess`.`uid`,`AuthGroupAccess`.`group_id`,`AuthGroup`.`id`,`AuthGroup`.`pid`,`AuthGroup`.`name`,`AuthGroup`.`rules` FROM `fa_auth_group_access` `AuthGroupAccess` LEFT JOIN `fa_auth_group` `AuthGroup` ON `AuthGroupAccess`.`group_id`=`AuthGroup`.`id` WHERE  (  AuthGroupAccess.uid='1' and AuthGroup.status='normal' ) [ RunTime:0.008858s ]
[ sql ] [ SQL ] SHOW COLUMNS FROM `fa_auth_rule` [ RunTime:0.012648s ]
[ sql ] [ SQL ] SELECT `id`,`pid`,`condition`,`icon`,`name`,`title`,`ismenu` FROM `fa_auth_rule` WHERE  `status` = 'normal' [ RunTime:0.048302s ]
[ sql ] [ SQL ] SHOW COLUMNS FROM `fa_category` [ RunTime:0.009197s ]
[ sql ] [ SQL ] SELECT * FROM `fa_category` ORDER BY weigh desc,id desc [ RunTime:0.033353s ]
[ sql ] [ SQL ] SELECT * FROM `fa_category` WHERE  `id` = 14 LIMIT 1 [ RunTime:0.009698s ]
---------------------------------------------------------------
[ 2017-11-21T18:31:00+08:00 ] 127.0.0.1 127.0.0.1 GET /admin/ajax/lang?callback=define&controllername=category&v=1511260259
[ info ] fire.mcykj.com/admin/ajax/lang?callback=define&controllername=category&v=1511260259 [运行时间：0.094816s][吞吐率：10.55req/s] [内存消耗：3,500.04kb] [文件加载：71]
[ info ] [ BEHAVIOR ] Run Closure @app_init [ RunTime:0.000065s ]
[ info ] [ CACHE ] INIT File
[ info ] [ BEHAVIOR ] Run Closure @app_init [ RunTime:0.002650s ]
[ info ] [ LANG ] /Users/wangcailin/Web/Work/Fire/thinkphp/lang/zh-cn.php
[ info ] [ ROUTE ] array (
  'type' => 'module',
  'module' => 
  array (
    0 => 'admin',
    1 => 'ajax',
    2 => 'lang',
  ),
)
[ info ] [ HEADER ] array (
  'host' => 'fire.mcykj.com',
  'user-agent' => 'Mozilla/5.0 (Macintosh; Intel Mac OS X 10.13; rv:57.0) Gecko/20100101 Firefox/57.0',
  'accept' => '*/*',
  'accept-language' => 'zh-CN,zh;q=0.8,zh-TW;q=0.7,zh-HK;q=0.5,en-US;q=0.3,en;q=0.2',
  'accept-encoding' => 'gzip, deflate',
  'referer' => 'http://fire.mcykj.com/admin/category/edit/ids/14?dialog=1',
  'cookie' => 'Hm_lvt_f8d0a8c400404989e195270b0bbf060a=1510882131,1510901297,1511141188,1511256653; Hm_lpvt_f8d0a8c400404989e195270b0bbf060a=1511256653; PHPSESSID=rcjd8f3vasmk0srmdoffknk8l1',
  'connection' => 'keep-alive',
  'content-type' => '',
  'content-length' => '',
)
[ info ] [ PARAM ] array (
  'callback' => 'define',
  'controllername' => 'category',
  'v' => '1511260259',
)
[ info ] [ LANG ] /Users/wangcailin/Web/Work/Fire/public/../application/admin/lang/zh-cn.php
[ info ] [ BEHAVIOR ] Run app\common\behavior\Common @module_init [ RunTime:0.001848s ]
[ info ] [ SESSION ] INIT array (
  'id' => '',
  'var_session_id' => '',
  'prefix' => 'think',
  'type' => '',
  'auto_start' => true,
)
[ info ] [ RUN ] app\admin\controller\Ajax->lang[ /Users/wangcailin/Web/Work/Fire/application/admin/controller/Ajax.php ]
[ info ] [ LANG ] /Users/wangcailin/Web/Work/Fire/public/../application/admin/lang/zh-cn/category.php
[ info ] [ BEHAVIOR ] Run app\admin\behavior\AdminLog @app_end [ RunTime:0.000835s ]
[ info ] [ LOG ] INIT File
