[ 2017-12-08T11:13:38+08:00 ][ info ] [ BEHAVIOR ] Run Closure @app_init [ RunTime:0.002946s ]
[ info ] [ LOG ] INIT File
[ 2017-12-08T11:13:38+08:00 ][ info ] [ CACHE ] INIT File
[ 2017-12-08T11:13:38+08:00 ][ info ] [ BEHAVIOR ] Run Closure @app_init [ RunTime:0.005056s ]
[ 2017-12-08T11:14:29+08:00 ][ info ] [ BEHAVIOR ] Run Closure @app_init [ RunTime:0.000200s ]
[ info ] [ LOG ] INIT File
[ 2017-12-08T11:14:29+08:00 ][ info ] [ CACHE ] INIT File
[ 2017-12-08T11:14:29+08:00 ][ info ] [ BEHAVIOR ] Run Closure @app_init [ RunTime:0.003199s ]
[ 2017-12-08T11:14:29+08:00 ][ info ] [ DB ] INIT mysql
[ 2017-12-08T11:14:29+08:00 ][ sql ] [ DB ] CONNECT:[ UseTime:0.008321s ] mysql:host=192.168.199.174;dbname=fireadmin;charset=utf8
[ 2017-12-08T11:14:29+08:00 ][ sql ] [ SQL ] SHOW TABLE STATUS LIKE 'push' [ RunTime:0.006854s ]
[ 2017-12-08T11:14:29+08:00 ][ sql ] [ SQL ] SHOW TABLE STATUS LIKE 'fa_push' [ RunTime:0.004261s ]
[ 2017-12-08T11:14:29+08:00 ][ sql ] [ SQL ] SELECT * FROM `information_schema`.`columns` WHERE TABLE_SCHEMA = 'fireadmin' AND table_name = 'fa_push' ORDER BY ORDINAL_POSITION [ RunTime:0.051245s ]
[ 2017-12-08T11:14:46+08:00 ][ info ] [ BEHAVIOR ] Run Closure @app_init [ RunTime:0.000131s ]
[ info ] [ LOG ] INIT File
[ 2017-12-08T11:14:46+08:00 ][ info ] [ CACHE ] INIT File
[ 2017-12-08T11:14:46+08:00 ][ info ] [ BEHAVIOR ] Run Closure @app_init [ RunTime:0.003257s ]
[ 2017-12-08T11:14:46+08:00 ][ info ] [ DB ] INIT mysql
[ 2017-12-08T11:14:46+08:00 ][ info ] [ LANG ] /Users/wangcailin/Web/Work/Fire/application/admin/lang/zh-cn.php
[ 2017-12-08T11:14:46+08:00 ][ sql ] [ DB ] CONNECT:[ UseTime:0.106813s ] mysql:host=192.168.199.174;dbname=fireadmin;charset=utf8
[ 2017-12-08T11:14:46+08:00 ][ sql ] [ SQL ] SHOW COLUMNS FROM `fa_auth_rule` [ RunTime:0.039985s ]
[ 2017-12-08T11:14:46+08:00 ][ sql ] [ SQL ] SELECT * FROM `fa_auth_rule` WHERE  `name` = 'push' LIMIT 1 [ RunTime:0.037064s ]
[ 2017-12-08T11:14:46+08:00 ][ sql ] [ SQL ] INSERT INTO `fa_auth_rule` (`pid` , `name` , `title` , `icon` , `remark` , `ismenu` , `status` , `createtime` , `updatetime`) VALUES (0 , 'push' , 'Push' , 'fa fa-circle-o\r' , '' , 1 , 'normal' , 1512702886 , 1512702886) [ RunTime:0.022512s ]
[ 2017-12-08T11:14:46+08:00 ][ sql ] [ SQL ] INSERT INTO `fa_auth_rule` (`pid` , `name` , `icon` , `title` , `ismenu` , `status` , `createtime` , `updatetime`) VALUES (220 , 'push/index' , 'fa fa-circle-o' , '查看' , 0 , 'normal' , 1512702886 , 1512702886) [ RunTime:0.032155s ]
[ 2017-12-08T11:14:46+08:00 ][ sql ] [ SQL ] INSERT INTO `fa_auth_rule` (`pid` , `name` , `icon` , `title` , `ismenu` , `status` , `createtime` , `updatetime`) VALUES (220 , 'push/recyclebin' , 'fa fa-circle-o' , '回收站' , 0 , 'normal' , 1512702886 , 1512702886) [ RunTime:0.033224s ]
[ 2017-12-08T11:14:46+08:00 ][ sql ] [ SQL ] INSERT INTO `fa_auth_rule` (`pid` , `name` , `icon` , `title` , `ismenu` , `status` , `createtime` , `updatetime`) VALUES (220 , 'push/add' , 'fa fa-circle-o' , '添加' , 0 , 'normal' , 1512702886 , 1512702886) [ RunTime:0.013848s ]
[ 2017-12-08T11:14:46+08:00 ][ sql ] [ SQL ] INSERT INTO `fa_auth_rule` (`pid` , `name` , `icon` , `title` , `ismenu` , `status` , `createtime` , `updatetime`) VALUES (220 , 'push/edit' , 'fa fa-circle-o' , '编辑' , 0 , 'normal' , 1512702886 , 1512702886) [ RunTime:0.019527s ]
[ 2017-12-08T11:14:46+08:00 ][ sql ] [ SQL ] INSERT INTO `fa_auth_rule` (`pid` , `name` , `icon` , `title` , `ismenu` , `status` , `createtime` , `updatetime`) VALUES (220 , 'push/del' , 'fa fa-circle-o' , '删除' , 0 , 'normal' , 1512702886 , 1512702886) [ RunTime:0.015917s ]
[ 2017-12-08T11:14:46+08:00 ][ sql ] [ SQL ] INSERT INTO `fa_auth_rule` (`pid` , `name` , `icon` , `title` , `ismenu` , `status` , `createtime` , `updatetime`) VALUES (220 , 'push/destroy' , 'fa fa-circle-o' , '真实删除' , 0 , 'normal' , 1512702886 , 1512702886) [ RunTime:0.030127s ]
[ 2017-12-08T11:14:46+08:00 ][ sql ] [ SQL ] INSERT INTO `fa_auth_rule` (`pid` , `name` , `icon` , `title` , `ismenu` , `status` , `createtime` , `updatetime`) VALUES (220 , 'push/restore' , 'fa fa-circle-o' , '还原' , 0 , 'normal' , 1512702886 , 1512702886) [ RunTime:0.027395s ]
[ 2017-12-08T11:14:46+08:00 ][ sql ] [ SQL ] INSERT INTO `fa_auth_rule` (`pid` , `name` , `icon` , `title` , `ismenu` , `status` , `createtime` , `updatetime`) VALUES (220 , 'push/multi' , 'fa fa-circle-o' , '批量更新' , 0 , 'normal' , 1512702886 , 1512702886) [ RunTime:0.014319s ]
