[ 2017-12-09T10:46:53+08:00 ][ info ] [ BEHAVIOR ] Run Closure @app_init [ RunTime:0.002827s ]
[ info ] [ LOG ] INIT File
[ 2017-12-09T10:46:53+08:00 ][ info ] [ CACHE ] INIT File
[ 2017-12-09T10:46:53+08:00 ][ info ] [ BEHAVIOR ] Run Closure @app_init [ RunTime:0.005150s ]
[ 2017-12-09T10:46:53+08:00 ][ info ] [ DB ] INIT mysql
[ 2017-12-09T10:46:53+08:00 ][ sql ] [ DB ] CONNECT:[ UseTime:0.024249s ] mysql:host=192.168.199.174;dbname=fireadmin;charset=utf8
[ 2017-12-09T10:46:54+08:00 ][ sql ] [ SQL ] SHOW TABLE STATUS LIKE 'statistics_paper' [ RunTime:0.022004s ]
[ 2017-12-09T10:46:54+08:00 ][ sql ] [ SQL ] SHOW TABLE STATUS LIKE 'fa_statistics_paper' [ RunTime:0.005088s ]
[ 2017-12-09T10:46:54+08:00 ][ sql ] [ SQL ] SELECT * FROM `information_schema`.`columns` WHERE TABLE_SCHEMA = 'fireadmin' AND table_name = 'fa_statistics_paper' ORDER BY ORDINAL_POSITION [ RunTime:0.010197s ]
[ 2017-12-09T10:47:16+08:00 ][ info ] [ BEHAVIOR ] Run Closure @app_init [ RunTime:0.000209s ]
[ info ] [ LOG ] INIT File
[ 2017-12-09T10:47:16+08:00 ][ info ] [ CACHE ] INIT File
[ 2017-12-09T10:47:16+08:00 ][ info ] [ BEHAVIOR ] Run Closure @app_init [ RunTime:0.004071s ]
[ 2017-12-09T10:47:16+08:00 ][ info ] [ DB ] INIT mysql
[ 2017-12-09T10:47:16+08:00 ][ sql ] [ DB ] CONNECT:[ UseTime:0.038979s ] mysql:host=192.168.199.174;dbname=fireadmin;charset=utf8
[ 2017-12-09T10:47:16+08:00 ][ sql ] [ SQL ] SHOW TABLE STATUS LIKE 'statistics_questions' [ RunTime:0.006026s ]
[ 2017-12-09T10:47:16+08:00 ][ sql ] [ SQL ] SHOW TABLE STATUS LIKE 'fa_statistics_questions' [ RunTime:0.010440s ]
[ 2017-12-09T10:47:16+08:00 ][ sql ] [ SQL ] SELECT * FROM `information_schema`.`columns` WHERE TABLE_SCHEMA = 'fireadmin' AND table_name = 'fa_statistics_questions' ORDER BY ORDINAL_POSITION [ RunTime:0.016074s ]
[ 2017-12-09T10:47:59+08:00 ][ info ] [ BEHAVIOR ] Run Closure @app_init [ RunTime:0.000156s ]
[ info ] [ LOG ] INIT File
[ 2017-12-09T10:47:59+08:00 ][ info ] [ CACHE ] INIT File
[ 2017-12-09T10:47:59+08:00 ][ info ] [ BEHAVIOR ] Run Closure @app_init [ RunTime:0.006726s ]
[ 2017-12-09T10:47:59+08:00 ][ info ] [ DB ] INIT mysql
[ 2017-12-09T10:47:59+08:00 ][ info ] [ LANG ] /Users/wangcailin/Web/Work/Fire/application/admin/lang/zh-cn.php
[ 2017-12-09T10:47:59+08:00 ][ sql ] [ DB ] CONNECT:[ UseTime:0.059197s ] mysql:host=192.168.199.174;dbname=fireadmin;charset=utf8
[ 2017-12-09T10:47:59+08:00 ][ sql ] [ SQL ] SHOW COLUMNS FROM `fa_auth_rule` [ RunTime:0.005151s ]
[ 2017-12-09T10:47:59+08:00 ][ sql ] [ SQL ] SELECT * FROM `fa_auth_rule` WHERE  `name` = 'statistics' LIMIT 1 [ RunTime:0.008532s ]
[ 2017-12-09T10:47:59+08:00 ][ sql ] [ SQL ] INSERT INTO `fa_auth_rule` (`pid` , `name` , `title` , `icon` , `remark` , `ismenu` , `status` , `createtime` , `updatetime`) VALUES (0 , 'statistics' , 'statistics' , 'fa fa-list' , '' , 1 , 'normal' , 1512787679 , 1512787679) [ RunTime:0.010998s ]
[ 2017-12-09T10:47:59+08:00 ][ sql ] [ SQL ] SELECT * FROM `fa_auth_rule` WHERE  `name` = 'statistics/paper' LIMIT 1 [ RunTime:0.016619s ]
[ 2017-12-09T10:47:59+08:00 ][ sql ] [ SQL ] INSERT INTO `fa_auth_rule` (`pid` , `name` , `title` , `icon` , `remark` , `ismenu` , `status` , `createtime` , `updatetime`) VALUES (229 , 'statistics/paper' , 'Paper' , 'fa fa-circle-o\r' , '' , 1 , 'normal' , 1512787679 , 1512787679) [ RunTime:0.007478s ]
[ 2017-12-09T10:47:59+08:00 ][ sql ] [ SQL ] INSERT INTO `fa_auth_rule` (`pid` , `name` , `icon` , `title` , `ismenu` , `status` , `createtime` , `updatetime`) VALUES (230 , 'statistics/paper/index' , 'fa fa-circle-o' , '查看' , 0 , 'normal' , 1512787679 , 1512787679) [ RunTime:0.011797s ]
[ 2017-12-09T10:47:59+08:00 ][ sql ] [ SQL ] INSERT INTO `fa_auth_rule` (`pid` , `name` , `icon` , `title` , `ismenu` , `status` , `createtime` , `updatetime`) VALUES (230 , 'statistics/paper/recyclebin' , 'fa fa-circle-o' , '回收站' , 0 , 'normal' , 1512787679 , 1512787679) [ RunTime:0.001502s ]
[ 2017-12-09T10:47:59+08:00 ][ sql ] [ SQL ] INSERT INTO `fa_auth_rule` (`pid` , `name` , `icon` , `title` , `ismenu` , `status` , `createtime` , `updatetime`) VALUES (230 , 'statistics/paper/add' , 'fa fa-circle-o' , '添加' , 0 , 'normal' , 1512787679 , 1512787679) [ RunTime:0.001849s ]
[ 2017-12-09T10:47:59+08:00 ][ sql ] [ SQL ] INSERT INTO `fa_auth_rule` (`pid` , `name` , `icon` , `title` , `ismenu` , `status` , `createtime` , `updatetime`) VALUES (230 , 'statistics/paper/edit' , 'fa fa-circle-o' , '编辑' , 0 , 'normal' , 1512787679 , 1512787679) [ RunTime:0.002183s ]
[ 2017-12-09T10:47:59+08:00 ][ sql ] [ SQL ] INSERT INTO `fa_auth_rule` (`pid` , `name` , `icon` , `title` , `ismenu` , `status` , `createtime` , `updatetime`) VALUES (230 , 'statistics/paper/del' , 'fa fa-circle-o' , '删除' , 0 , 'normal' , 1512787679 , 1512787679) [ RunTime:0.011998s ]
[ 2017-12-09T10:47:59+08:00 ][ sql ] [ SQL ] INSERT INTO `fa_auth_rule` (`pid` , `name` , `icon` , `title` , `ismenu` , `status` , `createtime` , `updatetime`) VALUES (230 , 'statistics/paper/destroy' , 'fa fa-circle-o' , '真实删除' , 0 , 'normal' , 1512787679 , 1512787679) [ RunTime:0.001696s ]
[ 2017-12-09T10:47:59+08:00 ][ sql ] [ SQL ] INSERT INTO `fa_auth_rule` (`pid` , `name` , `icon` , `title` , `ismenu` , `status` , `createtime` , `updatetime`) VALUES (230 , 'statistics/paper/restore' , 'fa fa-circle-o' , '还原' , 0 , 'normal' , 1512787679 , 1512787679) [ RunTime:0.001606s ]
[ 2017-12-09T10:47:59+08:00 ][ sql ] [ SQL ] INSERT INTO `fa_auth_rule` (`pid` , `name` , `icon` , `title` , `ismenu` , `status` , `createtime` , `updatetime`) VALUES (230 , 'statistics/paper/multi' , 'fa fa-circle-o' , '批量更新' , 0 , 'normal' , 1512787679 , 1512787679) [ RunTime:0.170476s ]
[ 2017-12-09T10:48:07+08:00 ][ info ] [ BEHAVIOR ] Run Closure @app_init [ RunTime:0.000449s ]
[ info ] [ LOG ] INIT File
[ 2017-12-09T10:48:07+08:00 ][ info ] [ CACHE ] INIT File
[ 2017-12-09T10:48:07+08:00 ][ info ] [ BEHAVIOR ] Run Closure @app_init [ RunTime:0.003783s ]
[ 2017-12-09T10:48:07+08:00 ][ info ] [ DB ] INIT mysql
[ 2017-12-09T10:48:07+08:00 ][ info ] [ LANG ] /Users/wangcailin/Web/Work/Fire/application/admin/lang/zh-cn.php
[ 2017-12-09T10:48:07+08:00 ][ sql ] [ DB ] CONNECT:[ UseTime:0.008406s ] mysql:host=192.168.199.174;dbname=fireadmin;charset=utf8
[ 2017-12-09T10:48:07+08:00 ][ sql ] [ SQL ] SHOW COLUMNS FROM `fa_auth_rule` [ RunTime:0.017433s ]
[ 2017-12-09T10:48:07+08:00 ][ sql ] [ SQL ] SELECT * FROM `fa_auth_rule` WHERE  `name` = 'statistics' LIMIT 1 [ RunTime:0.058896s ]
[ 2017-12-09T10:48:07+08:00 ][ sql ] [ SQL ] SELECT * FROM `fa_auth_rule` WHERE  `name` = 'statistics/questions' LIMIT 1 [ RunTime:0.006326s ]
[ 2017-12-09T10:48:07+08:00 ][ sql ] [ SQL ] INSERT INTO `fa_auth_rule` (`pid` , `name` , `title` , `icon` , `remark` , `ismenu` , `status` , `createtime` , `updatetime`) VALUES (229 , 'statistics/questions' , 'Questions' , 'fa fa-circle-o\r' , '' , 1 , 'normal' , 1512787687 , 1512787687) [ RunTime:0.012040s ]
[ 2017-12-09T10:48:07+08:00 ][ sql ] [ SQL ] INSERT INTO `fa_auth_rule` (`pid` , `name` , `icon` , `title` , `ismenu` , `status` , `createtime` , `updatetime`) VALUES (239 , 'statistics/questions/index' , 'fa fa-circle-o' , '查看' , 0 , 'normal' , 1512787687 , 1512787687) [ RunTime:0.009139s ]
[ 2017-12-09T10:48:07+08:00 ][ sql ] [ SQL ] INSERT INTO `fa_auth_rule` (`pid` , `name` , `icon` , `title` , `ismenu` , `status` , `createtime` , `updatetime`) VALUES (239 , 'statistics/questions/recyclebin' , 'fa fa-circle-o' , '回收站' , 0 , 'normal' , 1512787687 , 1512787687) [ RunTime:0.005814s ]
[ 2017-12-09T10:48:07+08:00 ][ sql ] [ SQL ] INSERT INTO `fa_auth_rule` (`pid` , `name` , `icon` , `title` , `ismenu` , `status` , `createtime` , `updatetime`) VALUES (239 , 'statistics/questions/add' , 'fa fa-circle-o' , '添加' , 0 , 'normal' , 1512787687 , 1512787687) [ RunTime:0.001511s ]
[ 2017-12-09T10:48:07+08:00 ][ sql ] [ SQL ] INSERT INTO `fa_auth_rule` (`pid` , `name` , `icon` , `title` , `ismenu` , `status` , `createtime` , `updatetime`) VALUES (239 , 'statistics/questions/edit' , 'fa fa-circle-o' , '编辑' , 0 , 'normal' , 1512787687 , 1512787687) [ RunTime:0.006934s ]
[ 2017-12-09T10:48:07+08:00 ][ sql ] [ SQL ] INSERT INTO `fa_auth_rule` (`pid` , `name` , `icon` , `title` , `ismenu` , `status` , `createtime` , `updatetime`) VALUES (239 , 'statistics/questions/del' , 'fa fa-circle-o' , '删除' , 0 , 'normal' , 1512787687 , 1512787687) [ RunTime:0.002578s ]
[ 2017-12-09T10:48:07+08:00 ][ sql ] [ SQL ] INSERT INTO `fa_auth_rule` (`pid` , `name` , `icon` , `title` , `ismenu` , `status` , `createtime` , `updatetime`) VALUES (239 , 'statistics/questions/destroy' , 'fa fa-circle-o' , '真实删除' , 0 , 'normal' , 1512787687 , 1512787687) [ RunTime:0.013848s ]
[ 2017-12-09T10:48:07+08:00 ][ sql ] [ SQL ] INSERT INTO `fa_auth_rule` (`pid` , `name` , `icon` , `title` , `ismenu` , `status` , `createtime` , `updatetime`) VALUES (239 , 'statistics/questions/restore' , 'fa fa-circle-o' , '还原' , 0 , 'normal' , 1512787687 , 1512787687) [ RunTime:0.002512s ]
[ 2017-12-09T10:48:07+08:00 ][ sql ] [ SQL ] INSERT INTO `fa_auth_rule` (`pid` , `name` , `icon` , `title` , `ismenu` , `status` , `createtime` , `updatetime`) VALUES (239 , 'statistics/questions/multi' , 'fa fa-circle-o' , '批量更新' , 0 , 'normal' , 1512787687 , 1512787687) [ RunTime:0.002554s ]
