---------------------------------------------------------------
[ 2017-12-10T21:13:31+08:00 ] 127.0.0.1 127.0.0.1 GET /
[ info ] fire.mcykj.com/ [运行时间：0.683373s][吞吐率：1.46req/s] [内存消耗：3,066.45kb] [文件加载：69]
[ info ] [ BEHAVIOR ] Run Closure @app_init [ RunTime:0.005208s ]
[ info ] [ CACHE ] INIT File
[ info ] [ BEHAVIOR ] Run Closure @app_init [ RunTime:0.020400s ]
[ info ] [ LANG ] /Users/wangcailin/Web/Work/Fire/thinkphp/lang/zh-cn.php
[ info ] [ ROUTE ] array (
  'type' => 'module',
  'module' => 
  array (
    0 => '',
    1 => NULL,
    2 => NULL,
  ),
)
[ info ] [ HEADER ] array (
  'host' => 'fire.mcykj.com',
  'user-agent' => 'Mozilla/5.0 (Macintosh; Intel Mac OS X 10.13; rv:57.0) Gecko/20100101 Firefox/57.0',
  'accept' => 'text/html,application/xhtml+xml,application/xml;q=0.9,*/*;q=0.8',
  'accept-language' => 'zh-CN,zh;q=0.8,zh-TW;q=0.7,zh-HK;q=0.5,en-US;q=0.3,en;q=0.2',
  'accept-encoding' => 'gzip, deflate',
  'cookie' => 'Hm_lvt_f8d0a8c400404989e195270b0bbf060a=1512525380,1512611766,1512697539,1512785632',
  'connection' => 'keep-alive',
  'upgrade-insecure-requests' => '1',
  'content-type' => '',
  'content-length' => '',
)
[ info ] [ PARAM ] array (
)
[ info ] [ LANG ] /Users/wangcailin/Web/Work/Fire/public/../application/index/lang/zh-cn.php
[ info ] [ BEHAVIOR ] Run app\common\behavior\Common @module_init [ RunTime:0.003962s ]
[ info ] [ LANG ] /Users/wangcailin/Web/Work/Fire/public/../application/index/lang/zh-cn/index.php
[ info ] [ RUN ] app\index\controller\Index->index[ /Users/wangcailin/Web/Work/Fire/application/index/controller/Index.php ]
[ info ] [ VIEW ] /Users/wangcailin/Web/Work/Fire/public/../application/index/view/index/index.html [ array (
  0 => 'site',
  1 => 'config',
) ]
[ info ] [ LOG ] INIT File
---------------------------------------------------------------
[ 2017-12-10T21:13:31+08:00 ] 127.0.0.1 127.0.0.1 GET /favicon.ico
[ info ] fire.mcykj.com/favicon.ico [运行时间：0.089441s][吞吐率：11.18req/s] [内存消耗：2,259.51kb] [文件加载：58]
[ info ] [ BEHAVIOR ] Run Closure @app_init [ RunTime:0.000644s ]
[ info ] [ CACHE ] INIT File
[ info ] [ BEHAVIOR ] Run Closure @app_init [ RunTime:0.022619s ]
[ info ] [ LANG ] /Users/wangcailin/Web/Work/Fire/thinkphp/lang/zh-cn.php
[ info ] [ ROUTE ] array (
  'type' => 'module',
  'module' => 
  array (
    0 => 'favicon.ico',
    1 => NULL,
    2 => NULL,
  ),
)
[ info ] [ HEADER ] array (
  'host' => 'fire.mcykj.com',
  'user-agent' => 'Mozilla/5.0 (Macintosh; Intel Mac OS X 10.13; rv:57.0) Gecko/20100101 Firefox/57.0',
  'accept' => 'text/html,application/xhtml+xml,application/xml;q=0.9,*/*;q=0.8',
  'accept-language' => 'zh-CN,zh;q=0.8,zh-TW;q=0.7,zh-HK;q=0.5,en-US;q=0.3,en;q=0.2',
  'accept-encoding' => 'gzip, deflate',
  'cookie' => 'Hm_lvt_f8d0a8c400404989e195270b0bbf060a=1512611766,1512697539,1512785632,1512911611; Hm_lpvt_f8d0a8c400404989e195270b0bbf060a=1512911611',
  'connection' => 'keep-alive',
  'content-type' => '',
  'content-length' => '',
)
[ info ] [ PARAM ] array (
)
[ info ] [ LOG ] INIT File
---------------------------------------------------------------
[ 2017-12-10T21:13:32+08:00 ] 127.0.0.1 127.0.0.1 GET /admin/index/login.html
[ info ] fire.mcykj.com/admin/index/login.html [运行时间：0.116573s][吞吐率：8.58req/s] [内存消耗：3,488.35kb] [文件加载：78]
[ info ] [ BEHAVIOR ] Run Closure @app_init [ RunTime:0.000120s ]
[ info ] [ CACHE ] INIT File
[ info ] [ BEHAVIOR ] Run Closure @app_init [ RunTime:0.002488s ]
[ info ] [ LANG ] /Users/wangcailin/Web/Work/Fire/thinkphp/lang/zh-cn.php
[ info ] [ ROUTE ] array (
  'type' => 'module',
  'module' => 
  array (
    0 => 'admin',
    1 => 'index',
    2 => 'login',
  ),
)
[ info ] [ HEADER ] array (
  'host' => 'fire.mcykj.com',
  'user-agent' => 'Mozilla/5.0 (Macintosh; Intel Mac OS X 10.13; rv:57.0) Gecko/20100101 Firefox/57.0',
  'accept' => 'text/html,application/xhtml+xml,application/xml;q=0.9,*/*;q=0.8',
  'accept-language' => 'zh-CN,zh;q=0.8,zh-TW;q=0.7,zh-HK;q=0.5,en-US;q=0.3,en;q=0.2',
  'accept-encoding' => 'gzip, deflate',
  'referer' => 'http://fire.mcykj.com/',
  'cookie' => 'Hm_lvt_f8d0a8c400404989e195270b0bbf060a=1512611766,1512697539,1512785632,1512911611; Hm_lpvt_f8d0a8c400404989e195270b0bbf060a=1512911611',
  'connection' => 'keep-alive',
  'upgrade-insecure-requests' => '1',
  'content-type' => '',
  'content-length' => '',
)
[ info ] [ PARAM ] array (
)
[ info ] [ LANG ] /Users/wangcailin/Web/Work/Fire/public/../application/admin/lang/zh-cn.php
[ info ] [ BEHAVIOR ] Run app\common\behavior\Common @module_init [ RunTime:0.000488s ]
[ info ] [ SESSION ] INIT array (
  'id' => '',
  'var_session_id' => '',
  'prefix' => 'think',
  'type' => '',
  'auto_start' => true,
)
[ info ] [ LANG ] /Users/wangcailin/Web/Work/Fire/public/../application/admin/lang/zh-cn/index.php
[ info ] [ RUN ] app\admin\controller\Index->login[ /Users/wangcailin/Web/Work/Fire/application/admin/controller/Index.php ]
[ info ] [ VIEW ] /Users/wangcailin/Web/Work/Fire/public/../application/admin/view/index/login.html [ array (
  0 => 'breadcrumb',
  1 => 'site',
  2 => 'config',
  3 => 'auth',
  4 => 'admin',
  5 => 'background',
) ]
[ info ] [ BEHAVIOR ] Run app\admin\behavior\AdminLog @app_end [ RunTime:0.002918s ]
[ info ] [ LOG ] INIT File
---------------------------------------------------------------
[ 2017-12-10T21:13:33+08:00 ] 127.0.0.1 127.0.0.1 GET /admin/ajax/lang?callback=define&controllername=index&v=1512911612
[ info ] fire.mcykj.com/admin/ajax/lang?callback=define&controllername=index&v=1512911612 [运行时间：0.112157s][吞吐率：8.92req/s] [内存消耗：3,504.89kb] [文件加载：77]
[ info ] [ BEHAVIOR ] Run Closure @app_init [ RunTime:0.000160s ]
[ info ] [ CACHE ] INIT File
[ info ] [ BEHAVIOR ] Run Closure @app_init [ RunTime:0.042232s ]
[ info ] [ LANG ] /Users/wangcailin/Web/Work/Fire/thinkphp/lang/zh-cn.php
[ info ] [ ROUTE ] array (
  'type' => 'module',
  'module' => 
  array (
    0 => 'admin',
    1 => 'ajax',
    2 => 'lang',
  ),
)
[ info ] [ HEADER ] array (
  'host' => 'fire.mcykj.com',
  'user-agent' => 'Mozilla/5.0 (Macintosh; Intel Mac OS X 10.13; rv:57.0) Gecko/20100101 Firefox/57.0',
  'accept' => '*/*',
  'accept-language' => 'zh-CN,zh;q=0.8,zh-TW;q=0.7,zh-HK;q=0.5,en-US;q=0.3,en;q=0.2',
  'accept-encoding' => 'gzip, deflate',
  'referer' => 'http://fire.mcykj.com/admin/index/login.html',
  'cookie' => 'Hm_lvt_f8d0a8c400404989e195270b0bbf060a=1512611766,1512697539,1512785632,1512911611; Hm_lpvt_f8d0a8c400404989e195270b0bbf060a=1512911611; PHPSESSID=0i3dmpmt23fnhnga7a0o9j1du0',
  'connection' => 'keep-alive',
  'content-type' => '',
  'content-length' => '',
)
[ info ] [ PARAM ] array (
  'callback' => 'define',
  'controllername' => 'index',
  'v' => '1512911612',
)
[ info ] [ LANG ] /Users/wangcailin/Web/Work/Fire/public/../application/admin/lang/zh-cn.php
[ info ] [ BEHAVIOR ] Run app\common\behavior\Common @module_init [ RunTime:0.000918s ]
[ info ] [ SESSION ] INIT array (
  'id' => '',
  'var_session_id' => '',
  'prefix' => 'think',
  'type' => '',
  'auto_start' => true,
)
[ info ] [ RUN ] app\admin\controller\Ajax->lang[ /Users/wangcailin/Web/Work/Fire/application/admin/controller/Ajax.php ]
[ info ] [ LANG ] /Users/wangcailin/Web/Work/Fire/public/../application/admin/lang/zh-cn/index.php
[ info ] [ BEHAVIOR ] Run app\admin\behavior\AdminLog @app_end [ RunTime:0.000314s ]
[ info ] [ LOG ] INIT File
---------------------------------------------------------------
[ 2017-12-10T21:13:42+08:00 ] 127.0.0.1 127.0.0.1 GET /admin/table
[ info ] fire.mcykj.com/admin/table [运行时间：0.156713s][吞吐率：6.38req/s] [内存消耗：2,712.50kb] [文件加载：71]
[ info ] [ BEHAVIOR ] Run Closure @app_init [ RunTime:0.000084s ]
[ info ] [ CACHE ] INIT File
[ info ] [ BEHAVIOR ] Run Closure @app_init [ RunTime:0.041104s ]
[ info ] [ LANG ] /Users/wangcailin/Web/Work/Fire/thinkphp/lang/zh-cn.php
[ info ] [ ROUTE ] array (
  'type' => 'module',
  'module' => 
  array (
    0 => 'admin',
    1 => 'table',
    2 => NULL,
  ),
)
[ info ] [ HEADER ] array (
  'host' => 'fire.mcykj.com',
  'user-agent' => 'Mozilla/5.0 (Macintosh; Intel Mac OS X 10.13; rv:57.0) Gecko/20100101 Firefox/57.0',
  'accept' => 'text/html,application/xhtml+xml,application/xml;q=0.9,*/*;q=0.8',
  'accept-language' => 'zh-CN,zh;q=0.8,zh-TW;q=0.7,zh-HK;q=0.5,en-US;q=0.3,en;q=0.2',
  'accept-encoding' => 'gzip, deflate',
  'cookie' => 'Hm_lvt_f8d0a8c400404989e195270b0bbf060a=1512611766,1512697539,1512785632,1512911611; Hm_lpvt_f8d0a8c400404989e195270b0bbf060a=1512911611; PHPSESSID=0i3dmpmt23fnhnga7a0o9j1du0',
  'connection' => 'keep-alive',
  'upgrade-insecure-requests' => '1',
  'content-type' => '',
  'content-length' => '',
)
[ info ] [ PARAM ] array (
)
[ info ] [ LANG ] /Users/wangcailin/Web/Work/Fire/public/../application/admin/lang/zh-cn.php
[ info ] [ BEHAVIOR ] Run app\common\behavior\Common @module_init [ RunTime:0.000425s ]
[ info ] [ RUN ] app\admin\controller\Table->index[ /Users/wangcailin/Web/Work/Fire/application/admin/controller/Table.php ]
[ info ] [ LOG ] INIT File
[ error ] [64]app\admin\controller\Table::index(): Failed opening required '/Users/wangcailin/Web/Work/Fire/public/../application/../config/database.php' (include_path='.:')[/Users/wangcailin/Web/Work/Fire/application/admin/controller/Table.php:17]
---------------------------------------------------------------
[ 2017-12-10T21:14:14+08:00 ] 127.0.0.1 127.0.0.1 GET /admin/table
[ info ] fire.mcykj.com/admin/table [运行时间：0.320953s][吞吐率：3.12req/s] [内存消耗：2,835.76kb] [文件加载：71]
[ info ] [ BEHAVIOR ] Run Closure @app_init [ RunTime:0.000034s ]
[ info ] [ CACHE ] INIT File
[ info ] [ BEHAVIOR ] Run Closure @app_init [ RunTime:0.001293s ]
[ info ] [ LANG ] /Users/wangcailin/Web/Work/Fire/thinkphp/lang/zh-cn.php
[ info ] [ ROUTE ] array (
  'type' => 'module',
  'module' => 
  array (
    0 => 'admin',
    1 => 'table',
    2 => NULL,
  ),
)
[ info ] [ HEADER ] array (
  'host' => 'fire.mcykj.com',
  'user-agent' => 'Mozilla/5.0 (Macintosh; Intel Mac OS X 10.13; rv:57.0) Gecko/20100101 Firefox/57.0',
  'accept' => 'text/html,application/xhtml+xml,application/xml;q=0.9,*/*;q=0.8',
  'accept-language' => 'zh-CN,zh;q=0.8,zh-TW;q=0.7,zh-HK;q=0.5,en-US;q=0.3,en;q=0.2',
  'accept-encoding' => 'gzip, deflate',
  'cookie' => 'Hm_lvt_f8d0a8c400404989e195270b0bbf060a=1512611766,1512697539,1512785632,1512911611; Hm_lpvt_f8d0a8c400404989e195270b0bbf060a=1512911611; PHPSESSID=0i3dmpmt23fnhnga7a0o9j1du0',
  'connection' => 'keep-alive',
  'upgrade-insecure-requests' => '1',
  'cache-control' => 'max-age=0',
  'content-type' => '',
  'content-length' => '',
)
[ info ] [ PARAM ] array (
)
[ info ] [ LANG ] /Users/wangcailin/Web/Work/Fire/public/../application/admin/lang/zh-cn.php
[ info ] [ BEHAVIOR ] Run app\common\behavior\Common @module_init [ RunTime:0.000235s ]
[ info ] [ RUN ] app\admin\controller\Table->index[ /Users/wangcailin/Web/Work/Fire/application/admin/controller/Table.php ]
[ info ] [ DB ] INIT mysql
[ info ] [ BEHAVIOR ] Run app\admin\behavior\AdminLog @app_end [ RunTime:0.000174s ]
[ info ] [ LOG ] INIT File
---------------------------------------------------------------
[ 2017-12-10T21:17:58+08:00 ] 127.0.0.1 127.0.0.1 GET /admin/table
[ info ] fire.mcykj.com/admin/table [运行时间：0.912117s][吞吐率：1.10req/s] [内存消耗：2,835.82kb] [文件加载：71]
[ info ] [ BEHAVIOR ] Run Closure @app_init [ RunTime:0.000063s ]
[ info ] [ CACHE ] INIT File
[ info ] [ BEHAVIOR ] Run Closure @app_init [ RunTime:0.012125s ]
[ info ] [ LANG ] /Users/wangcailin/Web/Work/Fire/thinkphp/lang/zh-cn.php
[ info ] [ ROUTE ] array (
  'type' => 'module',
  'module' => 
  array (
    0 => 'admin',
    1 => 'table',
    2 => NULL,
  ),
)
[ info ] [ HEADER ] array (
  'host' => 'fire.mcykj.com',
  'user-agent' => 'Mozilla/5.0 (Macintosh; Intel Mac OS X 10.13; rv:57.0) Gecko/20100101 Firefox/57.0',
  'accept' => 'text/html,application/xhtml+xml,application/xml;q=0.9,*/*;q=0.8',
  'accept-language' => 'zh-CN,zh;q=0.8,zh-TW;q=0.7,zh-HK;q=0.5,en-US;q=0.3,en;q=0.2',
  'accept-encoding' => 'gzip, deflate',
  'cookie' => 'Hm_lvt_f8d0a8c400404989e195270b0bbf060a=1512611766,1512697539,1512785632,1512911611; Hm_lpvt_f8d0a8c400404989e195270b0bbf060a=1512911611; PHPSESSID=0i3dmpmt23fnhnga7a0o9j1du0',
  'connection' => 'keep-alive',
  'upgrade-insecure-requests' => '1',
  'cache-control' => 'max-age=0',
  'content-type' => '',
  'content-length' => '',
)
[ info ] [ PARAM ] array (
)
[ info ] [ LANG ] /Users/wangcailin/Web/Work/Fire/public/../application/admin/lang/zh-cn.php
[ info ] [ BEHAVIOR ] Run app\common\behavior\Common @module_init [ RunTime:0.003547s ]
[ info ] [ RUN ] app\admin\controller\Table->index[ /Users/wangcailin/Web/Work/Fire/application/admin/controller/Table.php ]
[ info ] [ DB ] INIT mysql
[ info ] [ BEHAVIOR ] Run app\admin\behavior\AdminLog @app_end [ RunTime:0.002972s ]
[ info ] [ LOG ] INIT File
---------------------------------------------------------------
[ 2017-12-10T21:21:48+08:00 ] 127.0.0.1 127.0.0.1 GET /admin/table
[ info ] fire.mcykj.com/admin/table [运行时间：0.276039s][吞吐率：3.62req/s] [内存消耗：2,835.78kb] [文件加载：71]
[ info ] [ BEHAVIOR ] Run Closure @app_init [ RunTime:0.000031s ]
[ info ] [ CACHE ] INIT File
[ info ] [ BEHAVIOR ] Run Closure @app_init [ RunTime:0.001281s ]
[ info ] [ LANG ] /Users/wangcailin/Web/Work/Fire/thinkphp/lang/zh-cn.php
[ info ] [ ROUTE ] array (
  'type' => 'module',
  'module' => 
  array (
    0 => 'admin',
    1 => 'table',
    2 => NULL,
  ),
)
[ info ] [ HEADER ] array (
  'host' => 'fire.mcykj.com',
  'user-agent' => 'Mozilla/5.0 (Macintosh; Intel Mac OS X 10.13; rv:57.0) Gecko/20100101 Firefox/57.0',
  'accept' => 'text/html,application/xhtml+xml,application/xml;q=0.9,*/*;q=0.8',
  'accept-language' => 'zh-CN,zh;q=0.8,zh-TW;q=0.7,zh-HK;q=0.5,en-US;q=0.3,en;q=0.2',
  'accept-encoding' => 'gzip, deflate',
  'cookie' => 'Hm_lvt_f8d0a8c400404989e195270b0bbf060a=1512611766,1512697539,1512785632,1512911611; Hm_lpvt_f8d0a8c400404989e195270b0bbf060a=1512911611; PHPSESSID=0i3dmpmt23fnhnga7a0o9j1du0',
  'connection' => 'keep-alive',
  'upgrade-insecure-requests' => '1',
  'cache-control' => 'max-age=0',
  'content-type' => '',
  'content-length' => '',
)
[ info ] [ PARAM ] array (
)
[ info ] [ LANG ] /Users/wangcailin/Web/Work/Fire/public/../application/admin/lang/zh-cn.php
[ info ] [ BEHAVIOR ] Run app\common\behavior\Common @module_init [ RunTime:0.000571s ]
[ info ] [ RUN ] app\admin\controller\Table->index[ /Users/wangcailin/Web/Work/Fire/application/admin/controller/Table.php ]
[ info ] [ DB ] INIT mysql
[ info ] [ BEHAVIOR ] Run app\admin\behavior\AdminLog @app_end [ RunTime:0.000315s ]
[ info ] [ LOG ] INIT File
---------------------------------------------------------------
[ 2017-12-10T21:51:51+08:00 ] 127.0.0.1 127.0.0.1 GET /admin/table
[ info ] fire.mcykj.com/admin/table [运行时间：0.360015s][吞吐率：2.78req/s] [内存消耗：2,835.81kb] [文件加载：71]
[ info ] [ BEHAVIOR ] Run Closure @app_init [ RunTime:0.000038s ]
[ info ] [ CACHE ] INIT File
[ info ] [ BEHAVIOR ] Run Closure @app_init [ RunTime:0.001394s ]
[ info ] [ LANG ] /Users/wangcailin/Web/Work/Fire/thinkphp/lang/zh-cn.php
[ info ] [ ROUTE ] array (
  'type' => 'module',
  'module' => 
  array (
    0 => 'admin',
    1 => 'table',
    2 => NULL,
  ),
)
[ info ] [ HEADER ] array (
  'host' => 'fire.mcykj.com',
  'user-agent' => 'Mozilla/5.0 (Macintosh; Intel Mac OS X 10.13; rv:57.0) Gecko/20100101 Firefox/57.0',
  'accept' => 'text/html,application/xhtml+xml,application/xml;q=0.9,*/*;q=0.8',
  'accept-language' => 'zh-CN,zh;q=0.8,zh-TW;q=0.7,zh-HK;q=0.5,en-US;q=0.3,en;q=0.2',
  'accept-encoding' => 'gzip, deflate',
  'cookie' => 'Hm_lvt_f8d0a8c400404989e195270b0bbf060a=1512611766,1512697539,1512785632,1512911611; Hm_lpvt_f8d0a8c400404989e195270b0bbf060a=1512911611; PHPSESSID=0i3dmpmt23fnhnga7a0o9j1du0',
  'connection' => 'keep-alive',
  'upgrade-insecure-requests' => '1',
  'cache-control' => 'max-age=0',
  'content-type' => '',
  'content-length' => '',
)
[ info ] [ PARAM ] array (
)
[ info ] [ LANG ] /Users/wangcailin/Web/Work/Fire/public/../application/admin/lang/zh-cn.php
[ info ] [ BEHAVIOR ] Run app\common\behavior\Common @module_init [ RunTime:0.000252s ]
[ info ] [ RUN ] app\admin\controller\Table->index[ /Users/wangcailin/Web/Work/Fire/application/admin/controller/Table.php ]
[ info ] [ DB ] INIT mysql
[ info ] [ BEHAVIOR ] Run app\admin\behavior\AdminLog @app_end [ RunTime:0.000274s ]
[ info ] [ LOG ] INIT File
---------------------------------------------------------------
[ 2017-12-10T21:53:05+08:00 ] 127.0.0.1 127.0.0.1 GET /admin/table
[ info ] fire.mcykj.com/admin/table [运行时间：0.315324s][吞吐率：3.17req/s] [内存消耗：2,835.91kb] [文件加载：71]
[ info ] [ BEHAVIOR ] Run Closure @app_init [ RunTime:0.000030s ]
[ info ] [ CACHE ] INIT File
[ info ] [ BEHAVIOR ] Run Closure @app_init [ RunTime:0.001448s ]
[ info ] [ LANG ] /Users/wangcailin/Web/Work/Fire/thinkphp/lang/zh-cn.php
[ info ] [ ROUTE ] array (
  'type' => 'module',
  'module' => 
  array (
    0 => 'admin',
    1 => 'table',
    2 => NULL,
  ),
)
[ info ] [ HEADER ] array (
  'host' => 'fire.mcykj.com',
  'user-agent' => 'Mozilla/5.0 (Macintosh; Intel Mac OS X 10.13; rv:57.0) Gecko/20100101 Firefox/57.0',
  'accept' => 'text/html,application/xhtml+xml,application/xml;q=0.9,*/*;q=0.8',
  'accept-language' => 'zh-CN,zh;q=0.8,zh-TW;q=0.7,zh-HK;q=0.5,en-US;q=0.3,en;q=0.2',
  'accept-encoding' => 'gzip, deflate',
  'cookie' => 'Hm_lvt_f8d0a8c400404989e195270b0bbf060a=1512611766,1512697539,1512785632,1512911611; Hm_lpvt_f8d0a8c400404989e195270b0bbf060a=1512911611; PHPSESSID=0i3dmpmt23fnhnga7a0o9j1du0',
  'connection' => 'keep-alive',
  'upgrade-insecure-requests' => '1',
  'cache-control' => 'max-age=0',
  'content-type' => '',
  'content-length' => '',
)
[ info ] [ PARAM ] array (
)
[ info ] [ LANG ] /Users/wangcailin/Web/Work/Fire/public/../application/admin/lang/zh-cn.php
[ info ] [ BEHAVIOR ] Run app\common\behavior\Common @module_init [ RunTime:0.000281s ]
[ info ] [ RUN ] app\admin\controller\Table->index[ /Users/wangcailin/Web/Work/Fire/application/admin/controller/Table.php ]
[ info ] [ DB ] INIT mysql
[ info ] [ BEHAVIOR ] Run app\admin\behavior\AdminLog @app_end [ RunTime:0.000172s ]
[ info ] [ LOG ] INIT File
---------------------------------------------------------------
[ 2017-12-10T21:56:59+08:00 ] 127.0.0.1 127.0.0.1 GET /admin/table
[ info ] fire.mcykj.com/admin/table [运行时间：0.340015s][吞吐率：2.94req/s] [内存消耗：2,835.91kb] [文件加载：71]
[ info ] [ BEHAVIOR ] Run Closure @app_init [ RunTime:0.000028s ]
[ info ] [ CACHE ] INIT File
[ info ] [ BEHAVIOR ] Run Closure @app_init [ RunTime:0.001817s ]
[ info ] [ LANG ] /Users/wangcailin/Web/Work/Fire/thinkphp/lang/zh-cn.php
[ info ] [ ROUTE ] array (
  'type' => 'module',
  'module' => 
  array (
    0 => 'admin',
    1 => 'table',
    2 => NULL,
  ),
)
[ info ] [ HEADER ] array (
  'host' => 'fire.mcykj.com',
  'user-agent' => 'Mozilla/5.0 (Macintosh; Intel Mac OS X 10.13; rv:57.0) Gecko/20100101 Firefox/57.0',
  'accept' => 'text/html,application/xhtml+xml,application/xml;q=0.9,*/*;q=0.8',
  'accept-language' => 'zh-CN,zh;q=0.8,zh-TW;q=0.7,zh-HK;q=0.5,en-US;q=0.3,en;q=0.2',
  'accept-encoding' => 'gzip, deflate',
  'cookie' => 'Hm_lvt_f8d0a8c400404989e195270b0bbf060a=1512611766,1512697539,1512785632,1512911611; Hm_lpvt_f8d0a8c400404989e195270b0bbf060a=1512911611; PHPSESSID=0i3dmpmt23fnhnga7a0o9j1du0',
  'connection' => 'keep-alive',
  'upgrade-insecure-requests' => '1',
  'cache-control' => 'max-age=0',
  'content-type' => '',
  'content-length' => '',
)
[ info ] [ PARAM ] array (
)
[ info ] [ LANG ] /Users/wangcailin/Web/Work/Fire/public/../application/admin/lang/zh-cn.php
[ info ] [ BEHAVIOR ] Run app\common\behavior\Common @module_init [ RunTime:0.000593s ]
[ info ] [ RUN ] app\admin\controller\Table->index[ /Users/wangcailin/Web/Work/Fire/application/admin/controller/Table.php ]
[ info ] [ DB ] INIT mysql
[ info ] [ BEHAVIOR ] Run app\admin\behavior\AdminLog @app_end [ RunTime:0.000134s ]
[ info ] [ LOG ] INIT File
