---------------------------------------------------------------
[ 2017-12-14T11:14:38+08:00 ] 127.0.0.1 127.0.0.1 GET /api/allthedata/getList
[ info ] fire.mcykj.com/api/allthedata/getList [运行时间：4.742016s][吞吐率：0.21req/s] [内存消耗：4,883.83kb] [文件加载：85]
[ info ] [ BEHAVIOR ] Run Closure @app_init [ RunTime:0.007211s ]
[ info ] [ CACHE ] INIT File
[ info ] [ BEHAVIOR ] Run Closure @app_init [ RunTime:0.015112s ]
[ info ] [ LANG ] /Users/wangcailin/Web/Work/Fire/thinkphp/lang/zh-cn.php
[ info ] [ ROUTE ] array (
  'type' => 'module',
  'module' => 
  array (
    0 => 'api',
    1 => 'allthedata',
    2 => 'getList',
  ),
)
[ info ] [ HEADER ] array (
  'host' => 'fire.mcykj.com',
  'user-agent' => 'Mozilla/5.0 (Macintosh; Intel Mac OS X 10.13; rv:57.0) Gecko/20100101 Firefox/57.0',
  'accept' => 'text/html,application/xhtml+xml,application/xml;q=0.9,*/*;q=0.8',
  'accept-language' => 'zh-CN,zh;q=0.8,zh-TW;q=0.7,zh-HK;q=0.5,en-US;q=0.3,en;q=0.2',
  'accept-encoding' => 'gzip, deflate',
  'cookie' => 'Hm_lvt_f8d0a8c400404989e195270b0bbf060a=1513042375,1513049449,1513138943,1513216741; Hm_lpvt_f8d0a8c400404989e195270b0bbf060a=1513216828; PHPSESSID=qtif7cg3ckcv7aht2g9hpj6r25',
  'connection' => 'keep-alive',
  'upgrade-insecure-requests' => '1',
  'content-type' => '',
  'content-length' => '',
)
[ info ] [ PARAM ] array (
)
[ info ] [ BEHAVIOR ] Run app\common\behavior\Common @module_init [ RunTime:0.000507s ]
[ info ] [ SESSION ] INIT array (
  'id' => '',
  'var_session_id' => '',
  'prefix' => 'think',
  'type' => '',
  'auto_start' => true,
)
[ info ] [ RUN ] app\api\controller\Allthedata->getList[ /Users/wangcailin/Web/Work/Fire/application/api/controller/Allthedata.php ]
[ info ] [ DB ] INIT mysql
[ info ] [ LOG ] INIT File
[ sql ] [ DB ] CONNECT:[ UseTime:0.017746s ] mysql:host=192.168.199.174;dbname=fireadmin;charset=utf8
[ sql ] [ SQL ] SHOW COLUMNS FROM `fa_category` [ RunTime:0.008496s ]
[ sql ] [ SQL ] SELECT `id`,`pid`,`name` FROM `fa_category` WHERE  `pid` = 33 [ RunTime:0.009071s ]
[ sql ] [ SQL ] SHOW COLUMNS FROM `fa_questions` [ RunTime:0.010472s ]
[ sql ] [ SQL ] SELECT COUNT(*) AS tp_count FROM `fa_questions` WHERE  `category` LIKE '%,118,%' LIMIT 1 [ RunTime:0.007436s ]
[ sql ] [ SQL ] SELECT `id`,`pid`,`name` FROM `fa_category` WHERE  `pid` = 118 [ RunTime:0.008247s ]
[ sql ] [ SQL ] SELECT COUNT(*) AS tp_count FROM `fa_questions` WHERE  `category` LIKE '%,119,%' LIMIT 1 [ RunTime:0.008238s ]
[ sql ] [ SQL ] SELECT `category` FROM `fa_questions` WHERE  `category` LIKE '%,119,%' LIMIT 1 [ RunTime:0.008781s ]
[ sql ] [ SQL ] SELECT COUNT(*) AS tp_count FROM `fa_questions` WHERE  `category` LIKE '%,120,%' LIMIT 1 [ RunTime:0.012332s ]
[ sql ] [ SQL ] SELECT `category` FROM `fa_questions` WHERE  `category` LIKE '%,120,%' LIMIT 1 [ RunTime:0.008738s ]
[ sql ] [ SQL ] SELECT COUNT(*) AS tp_count FROM `fa_questions` WHERE  `category` LIKE '%,121,%' LIMIT 1 [ RunTime:0.008630s ]
[ sql ] [ SQL ] SELECT `id`,`pid`,`name` FROM `fa_category` WHERE  `pid` = 121 [ RunTime:0.160445s ]
[ sql ] [ SQL ] SELECT COUNT(*) AS tp_count FROM `fa_questions` WHERE  `category` LIKE '%,122,%' LIMIT 1 [ RunTime:0.007700s ]
[ sql ] [ SQL ] SELECT `category` FROM `fa_questions` WHERE  `category` LIKE '%,122,%' LIMIT 1 [ RunTime:0.160300s ]
[ sql ] [ SQL ] SELECT COUNT(*) AS tp_count FROM `fa_questions` WHERE  `category` LIKE '%,123,%' LIMIT 1 [ RunTime:0.007757s ]
[ sql ] [ SQL ] SELECT `category` FROM `fa_questions` WHERE  `category` LIKE '%,123,%' LIMIT 1 [ RunTime:0.006533s ]
[ sql ] [ SQL ] SELECT COUNT(*) AS tp_count FROM `fa_questions` WHERE  `category` LIKE '%,124,%' LIMIT 1 [ RunTime:0.007969s ]
[ sql ] [ SQL ] SELECT `category` FROM `fa_questions` WHERE  `category` LIKE '%,124,%' LIMIT 1 [ RunTime:0.007578s ]
[ sql ] [ SQL ] SELECT COUNT(*) AS tp_count FROM `fa_questions` WHERE  `category` LIKE '%,125,%' LIMIT 1 [ RunTime:0.007909s ]
[ sql ] [ SQL ] SELECT `category` FROM `fa_questions` WHERE  `category` LIKE '%,125,%' LIMIT 1 [ RunTime:0.007262s ]
[ sql ] [ SQL ] SELECT COUNT(*) AS tp_count FROM `fa_questions` WHERE  `category` LIKE '%,126,%' LIMIT 1 [ RunTime:0.007873s ]
[ sql ] [ SQL ] SELECT `category` FROM `fa_questions` WHERE  `category` LIKE '%,126,%' LIMIT 1 [ RunTime:0.008301s ]
[ sql ] [ SQL ] SELECT COUNT(*) AS tp_count FROM `fa_questions` WHERE  `category` LIKE '%,127,%' LIMIT 1 [ RunTime:0.009061s ]
[ sql ] [ SQL ] SELECT `category` FROM `fa_questions` WHERE  `category` LIKE '%,127,%' LIMIT 1 [ RunTime:0.007181s ]
[ sql ] [ SQL ] SELECT COUNT(*) AS tp_count FROM `fa_questions` WHERE  `category` LIKE '%,128,%' LIMIT 1 [ RunTime:0.007506s ]
[ sql ] [ SQL ] SELECT `id`,`pid`,`name` FROM `fa_category` WHERE  `pid` = 128 [ RunTime:0.008783s ]
[ sql ] [ SQL ] SELECT COUNT(*) AS tp_count FROM `fa_questions` WHERE  `category` LIKE '%,129,%' LIMIT 1 [ RunTime:0.008754s ]
[ sql ] [ SQL ] SELECT `category` FROM `fa_questions` WHERE  `category` LIKE '%,129,%' LIMIT 1 [ RunTime:0.006828s ]
[ sql ] [ SQL ] SELECT COUNT(*) AS tp_count FROM `fa_questions` WHERE  `category` LIKE '%,181,%' LIMIT 1 [ RunTime:0.010222s ]
[ sql ] [ SQL ] SELECT `category` FROM `fa_questions` WHERE  `category` LIKE '%,181,%' LIMIT 1 [ RunTime:0.006651s ]
[ sql ] [ SQL ] SELECT COUNT(*) AS tp_count FROM `fa_questions` WHERE  `category` LIKE '%,182,%' LIMIT 1 [ RunTime:0.010812s ]
[ sql ] [ SQL ] SELECT `category` FROM `fa_questions` WHERE  `category` LIKE '%,182,%' LIMIT 1 [ RunTime:0.006828s ]
[ sql ] [ SQL ] SELECT COUNT(*) AS tp_count FROM `fa_questions` WHERE  `category` LIKE '%,183,%' LIMIT 1 [ RunTime:0.008111s ]
[ sql ] [ SQL ] SELECT `category` FROM `fa_questions` WHERE  `category` LIKE '%,183,%' LIMIT 1 [ RunTime:0.007442s ]
[ sql ] [ SQL ] SELECT COUNT(*) AS tp_count FROM `fa_questions` WHERE  `category` LIKE '%,184,%' LIMIT 1 [ RunTime:0.009085s ]
[ sql ] [ SQL ] SELECT `category` FROM `fa_questions` WHERE  `category` LIKE '%,184,%' LIMIT 1 [ RunTime:0.007390s ]
[ sql ] [ SQL ] SELECT COUNT(*) AS tp_count FROM `fa_questions` WHERE  `category` LIKE '%,185,%' LIMIT 1 [ RunTime:0.009294s ]
[ sql ] [ SQL ] SELECT `category` FROM `fa_questions` WHERE  `category` LIKE '%,185,%' LIMIT 1 [ RunTime:0.007495s ]
[ sql ] [ SQL ] SELECT COUNT(*) AS tp_count FROM `fa_questions` WHERE  `category` LIKE '%,186,%' LIMIT 1 [ RunTime:0.009263s ]
[ sql ] [ SQL ] SELECT `category` FROM `fa_questions` WHERE  `category` LIKE '%,186,%' LIMIT 1 [ RunTime:0.007057s ]
[ sql ] [ SQL ] SELECT COUNT(*) AS tp_count FROM `fa_questions` WHERE  `category` LIKE '%,187,%' LIMIT 1 [ RunTime:0.008759s ]
[ sql ] [ SQL ] SELECT `category` FROM `fa_questions` WHERE  `category` LIKE '%,187,%' LIMIT 1 [ RunTime:0.007498s ]
[ sql ] [ SQL ] SELECT COUNT(*) AS tp_count FROM `fa_questions` WHERE  `category` LIKE '%,188,%' LIMIT 1 [ RunTime:0.008031s ]
[ sql ] [ SQL ] SELECT `category` FROM `fa_questions` WHERE  `category` LIKE '%,188,%' LIMIT 1 [ RunTime:0.007505s ]
[ sql ] [ SQL ] SELECT COUNT(*) AS tp_count FROM `fa_questions` WHERE  `category` LIKE '%,189,%' LIMIT 1 [ RunTime:0.008252s ]
[ sql ] [ SQL ] SELECT `category` FROM `fa_questions` WHERE  `category` LIKE '%,189,%' LIMIT 1 [ RunTime:0.007438s ]
[ sql ] [ SQL ] SELECT COUNT(*) AS tp_count FROM `fa_questions` WHERE  `category` LIKE '%,190,%' LIMIT 1 [ RunTime:0.008630s ]
[ sql ] [ SQL ] SELECT `category` FROM `fa_questions` WHERE  `category` LIKE '%,190,%' LIMIT 1 [ RunTime:0.007180s ]
[ sql ] [ SQL ] SELECT COUNT(*) AS tp_count FROM `fa_questions` WHERE  `category` LIKE '%,191,%' LIMIT 1 [ RunTime:0.008521s ]
[ sql ] [ SQL ] SELECT `category` FROM `fa_questions` WHERE  `category` LIKE '%,191,%' LIMIT 1 [ RunTime:0.007539s ]
[ sql ] [ SQL ] SELECT COUNT(*) AS tp_count FROM `fa_questions` WHERE  `category` LIKE '%,192,%' LIMIT 1 [ RunTime:0.009023s ]
[ sql ] [ SQL ] SELECT `category` FROM `fa_questions` WHERE  `category` LIKE '%,192,%' LIMIT 1 [ RunTime:0.006945s ]
[ sql ] [ SQL ] SELECT COUNT(*) AS tp_count FROM `fa_questions` WHERE  `category` LIKE '%,193,%' LIMIT 1 [ RunTime:0.009413s ]
[ sql ] [ SQL ] SELECT `category` FROM `fa_questions` WHERE  `category` LIKE '%,193,%' LIMIT 1 [ RunTime:0.008008s ]
[ sql ] [ SQL ] SELECT COUNT(*) AS tp_count FROM `fa_questions` WHERE  `category` LIKE '%,194,%' LIMIT 1 [ RunTime:0.008204s ]
[ sql ] [ SQL ] SELECT `category` FROM `fa_questions` WHERE  `category` LIKE '%,194,%' LIMIT 1 [ RunTime:0.009817s ]
[ sql ] [ SQL ] SELECT COUNT(*) AS tp_count FROM `fa_questions` WHERE  `category` LIKE '%,195,%' LIMIT 1 [ RunTime:0.007764s ]
[ sql ] [ SQL ] SELECT `id`,`pid`,`name` FROM `fa_category` WHERE  `pid` = 195 [ RunTime:0.007512s ]
[ sql ] [ SQL ] SELECT COUNT(*) AS tp_count FROM `fa_questions` WHERE  `category` LIKE '%,196,%' LIMIT 1 [ RunTime:0.008954s ]
[ sql ] [ SQL ] SELECT `category` FROM `fa_questions` WHERE  `category` LIKE '%,196,%' LIMIT 1 [ RunTime:0.007318s ]
[ sql ] [ SQL ] SELECT COUNT(*) AS tp_count FROM `fa_questions` WHERE  `category` LIKE '%,197,%' LIMIT 1 [ RunTime:0.008819s ]
[ sql ] [ SQL ] SELECT `category` FROM `fa_questions` WHERE  `category` LIKE '%,197,%' LIMIT 1 [ RunTime:0.007208s ]
[ sql ] [ SQL ] SELECT COUNT(*) AS tp_count FROM `fa_questions` WHERE  `category` LIKE '%,198,%' LIMIT 1 [ RunTime:0.009974s ]
[ sql ] [ SQL ] SELECT `category` FROM `fa_questions` WHERE  `category` LIKE '%,198,%' LIMIT 1 [ RunTime:0.007333s ]
[ sql ] [ SQL ] SELECT COUNT(*) AS tp_count FROM `fa_questions` WHERE  `category` LIKE '%,199,%' LIMIT 1 [ RunTime:0.009651s ]
[ sql ] [ SQL ] SELECT `id`,`pid`,`name` FROM `fa_category` WHERE  `pid` = 199 [ RunTime:0.007666s ]
[ sql ] [ SQL ] SELECT COUNT(*) AS tp_count FROM `fa_questions` WHERE  `category` LIKE '%,200,%' LIMIT 1 [ RunTime:0.008526s ]
[ sql ] [ SQL ] SELECT `category` FROM `fa_questions` WHERE  `category` LIKE '%,200,%' LIMIT 1 [ RunTime:0.007341s ]
[ sql ] [ SQL ] SELECT COUNT(*) AS tp_count FROM `fa_questions` WHERE  `category` LIKE '%,201,%' LIMIT 1 [ RunTime:0.008961s ]
[ sql ] [ SQL ] SELECT `category` FROM `fa_questions` WHERE  `category` LIKE '%,201,%' LIMIT 1 [ RunTime:0.007563s ]
[ sql ] [ SQL ] SELECT COUNT(*) AS tp_count FROM `fa_questions` WHERE  `category` LIKE '%,202,%' LIMIT 1 [ RunTime:0.008047s ]
[ sql ] [ SQL ] SELECT `category` FROM `fa_questions` WHERE  `category` LIKE '%,202,%' LIMIT 1 [ RunTime:0.004908s ]
[ sql ] [ SQL ] SELECT COUNT(*) AS tp_count FROM `fa_questions` WHERE  `category` LIKE '%,203,%' LIMIT 1 [ RunTime:0.005923s ]
[ sql ] [ SQL ] SELECT `category` FROM `fa_questions` WHERE  `category` LIKE '%,203,%' LIMIT 1 [ RunTime:0.004569s ]
[ sql ] [ SQL ] SELECT COUNT(*) AS tp_count FROM `fa_questions` WHERE  `category` LIKE '%,204,%' LIMIT 1 [ RunTime:0.005677s ]
[ sql ] [ SQL ] SELECT `category` FROM `fa_questions` WHERE  `category` LIKE '%,204,%' LIMIT 1 [ RunTime:0.005090s ]
[ sql ] [ SQL ] SELECT COUNT(*) AS tp_count FROM `fa_questions` WHERE  `category` LIKE '%,205,%' LIMIT 1 [ RunTime:0.005824s ]
[ sql ] [ SQL ] SELECT `category` FROM `fa_questions` WHERE  `category` LIKE '%,205,%' LIMIT 1 [ RunTime:0.005441s ]
[ sql ] [ SQL ] SELECT `id`,`pid`,`name` FROM `fa_category` WHERE  `pid` = 19 [ RunTime:0.004768s ]
[ sql ] [ SQL ] SELECT COUNT(*) AS tp_count FROM `fa_questions` WHERE  `category` LIKE '%,21,%' LIMIT 1 [ RunTime:0.005924s ]
[ sql ] [ SQL ] SELECT `id`,`pid`,`name` FROM `fa_category` WHERE  `pid` = 21 [ RunTime:0.004135s ]
[ sql ] [ SQL ] SELECT COUNT(*) AS tp_count FROM `fa_questions` WHERE  `category` LIKE '%,22,%' LIMIT 1 [ RunTime:0.005938s ]
[ sql ] [ SQL ] SELECT `category` FROM `fa_questions` WHERE  `category` LIKE '%,22,%' LIMIT 1 [ RunTime:0.004713s ]
[ sql ] [ SQL ] SELECT COUNT(*) AS tp_count FROM `fa_questions` WHERE  `category` LIKE '%,62,%' LIMIT 1 [ RunTime:0.006101s ]
[ sql ] [ SQL ] SELECT `category` FROM `fa_questions` WHERE  `category` LIKE '%,62,%' LIMIT 1 [ RunTime:0.004908s ]
[ sql ] [ SQL ] SELECT COUNT(*) AS tp_count FROM `fa_questions` WHERE  `category` LIKE '%,63,%' LIMIT 1 [ RunTime:0.005905s ]
[ sql ] [ SQL ] SELECT `category` FROM `fa_questions` WHERE  `category` LIKE '%,63,%' LIMIT 1 [ RunTime:0.005251s ]
[ sql ] [ SQL ] SELECT COUNT(*) AS tp_count FROM `fa_questions` WHERE  `category` LIKE '%,64,%' LIMIT 1 [ RunTime:0.005609s ]
[ sql ] [ SQL ] SELECT `category` FROM `fa_questions` WHERE  `category` LIKE '%,64,%' LIMIT 1 [ RunTime:0.004746s ]
[ sql ] [ SQL ] SELECT COUNT(*) AS tp_count FROM `fa_questions` WHERE  `category` LIKE '%,231,%' LIMIT 1 [ RunTime:0.005849s ]
[ sql ] [ SQL ] SELECT `category` FROM `fa_questions` WHERE  `category` LIKE '%,231,%' LIMIT 1 [ RunTime:0.005195s ]
[ sql ] [ SQL ] SELECT COUNT(*) AS tp_count FROM `fa_questions` WHERE  `category` LIKE '%,65,%' LIMIT 1 [ RunTime:0.006303s ]
[ sql ] [ SQL ] SELECT `id`,`pid`,`name` FROM `fa_category` WHERE  `pid` = 65 [ RunTime:0.004278s ]
[ sql ] [ SQL ] SELECT COUNT(*) AS tp_count FROM `fa_questions` WHERE  `category` LIKE '%,66,%' LIMIT 1 [ RunTime:0.006375s ]
[ sql ] [ SQL ] SELECT `category` FROM `fa_questions` WHERE  `category` LIKE '%,66,%' LIMIT 1 [ RunTime:0.005454s ]
[ sql ] [ SQL ] SELECT COUNT(*) AS tp_count FROM `fa_questions` WHERE  `category` LIKE '%,67,%' LIMIT 1 [ RunTime:0.005573s ]
[ sql ] [ SQL ] SELECT `category` FROM `fa_questions` WHERE  `category` LIKE '%,67,%' LIMIT 1 [ RunTime:0.004553s ]
[ sql ] [ SQL ] SELECT COUNT(*) AS tp_count FROM `fa_questions` WHERE  `category` LIKE '%,68,%' LIMIT 1 [ RunTime:0.006475s ]
[ sql ] [ SQL ] SELECT `category` FROM `fa_questions` WHERE  `category` LIKE '%,68,%' LIMIT 1 [ RunTime:0.004647s ]
[ sql ] [ SQL ] SELECT COUNT(*) AS tp_count FROM `fa_questions` WHERE  `category` LIKE '%,69,%' LIMIT 1 [ RunTime:0.006868s ]
[ sql ] [ SQL ] SELECT `category` FROM `fa_questions` WHERE  `category` LIKE '%,69,%' LIMIT 1 [ RunTime:0.004646s ]
[ sql ] [ SQL ] SELECT COUNT(*) AS tp_count FROM `fa_questions` WHERE  `category` LIKE '%,70,%' LIMIT 1 [ RunTime:0.005409s ]
[ sql ] [ SQL ] SELECT `category` FROM `fa_questions` WHERE  `category` LIKE '%,70,%' LIMIT 1 [ RunTime:0.004734s ]
[ sql ] [ SQL ] SELECT COUNT(*) AS tp_count FROM `fa_questions` WHERE  `category` LIKE '%,71,%' LIMIT 1 [ RunTime:0.006161s ]
[ sql ] [ SQL ] SELECT `category` FROM `fa_questions` WHERE  `category` LIKE '%,71,%' LIMIT 1 [ RunTime:0.004712s ]
[ sql ] [ SQL ] SELECT COUNT(*) AS tp_count FROM `fa_questions` WHERE  `category` LIKE '%,72,%' LIMIT 1 [ RunTime:0.007794s ]
[ sql ] [ SQL ] SELECT `category` FROM `fa_questions` WHERE  `category` LIKE '%,72,%' LIMIT 1 [ RunTime:0.005437s ]
[ sql ] [ SQL ] SELECT COUNT(*) AS tp_count FROM `fa_questions` WHERE  `category` LIKE '%,73,%' LIMIT 1 [ RunTime:0.005741s ]
[ sql ] [ SQL ] SELECT `category` FROM `fa_questions` WHERE  `category` LIKE '%,73,%' LIMIT 1 [ RunTime:0.005620s ]
[ sql ] [ SQL ] SELECT COUNT(*) AS tp_count FROM `fa_questions` WHERE  `category` LIKE '%,74,%' LIMIT 1 [ RunTime:0.005658s ]
[ sql ] [ SQL ] SELECT `category` FROM `fa_questions` WHERE  `category` LIKE '%,74,%' LIMIT 1 [ RunTime:0.004904s ]
[ sql ] [ SQL ] SELECT COUNT(*) AS tp_count FROM `fa_questions` WHERE  `category` LIKE '%,75,%' LIMIT 1 [ RunTime:0.005522s ]
[ sql ] [ SQL ] SELECT `category` FROM `fa_questions` WHERE  `category` LIKE '%,75,%' LIMIT 1 [ RunTime:0.004700s ]
[ sql ] [ SQL ] SELECT COUNT(*) AS tp_count FROM `fa_questions` WHERE  `category` LIKE '%,76,%' LIMIT 1 [ RunTime:0.006096s ]
[ sql ] [ SQL ] SELECT `category` FROM `fa_questions` WHERE  `category` LIKE '%,76,%' LIMIT 1 [ RunTime:0.004620s ]
[ sql ] [ SQL ] SELECT COUNT(*) AS tp_count FROM `fa_questions` WHERE  `category` LIKE '%,77,%' LIMIT 1 [ RunTime:0.006063s ]
[ sql ] [ SQL ] SELECT `id`,`pid`,`name` FROM `fa_category` WHERE  `pid` = 77 [ RunTime:0.004215s ]
[ sql ] [ SQL ] SELECT COUNT(*) AS tp_count FROM `fa_questions` WHERE  `category` LIKE '%,78,%' LIMIT 1 [ RunTime:0.005663s ]
[ sql ] [ SQL ] SELECT `category` FROM `fa_questions` WHERE  `category` LIKE '%,78,%' LIMIT 1 [ RunTime:0.005134s ]
[ sql ] [ SQL ] SELECT COUNT(*) AS tp_count FROM `fa_questions` WHERE  `category` LIKE '%,79,%' LIMIT 1 [ RunTime:0.005282s ]
[ sql ] [ SQL ] SELECT `category` FROM `fa_questions` WHERE  `category` LIKE '%,79,%' LIMIT 1 [ RunTime:0.004616s ]
[ sql ] [ SQL ] SELECT COUNT(*) AS tp_count FROM `fa_questions` WHERE  `category` LIKE '%,80,%' LIMIT 1 [ RunTime:0.005958s ]
[ sql ] [ SQL ] SELECT `category` FROM `fa_questions` WHERE  `category` LIKE '%,80,%' LIMIT 1 [ RunTime:0.004851s ]
[ sql ] [ SQL ] SELECT COUNT(*) AS tp_count FROM `fa_questions` WHERE  `category` LIKE '%,81,%' LIMIT 1 [ RunTime:0.005403s ]
[ sql ] [ SQL ] SELECT `category` FROM `fa_questions` WHERE  `category` LIKE '%,81,%' LIMIT 1 [ RunTime:0.005274s ]
[ sql ] [ SQL ] SELECT COUNT(*) AS tp_count FROM `fa_questions` WHERE  `category` LIKE '%,82,%' LIMIT 1 [ RunTime:0.005534s ]
[ sql ] [ SQL ] SELECT `category` FROM `fa_questions` WHERE  `category` LIKE '%,82,%' LIMIT 1 [ RunTime:0.004809s ]
[ sql ] [ SQL ] SELECT COUNT(*) AS tp_count FROM `fa_questions` WHERE  `category` LIKE '%,83,%' LIMIT 1 [ RunTime:0.005565s ]
[ sql ] [ SQL ] SELECT `category` FROM `fa_questions` WHERE  `category` LIKE '%,83,%' LIMIT 1 [ RunTime:0.005049s ]
[ sql ] [ SQL ] SELECT COUNT(*) AS tp_count FROM `fa_questions` WHERE  `category` LIKE '%,84,%' LIMIT 1 [ RunTime:0.006365s ]
[ sql ] [ SQL ] SELECT `category` FROM `fa_questions` WHERE  `category` LIKE '%,84,%' LIMIT 1 [ RunTime:0.004792s ]
[ sql ] [ SQL ] SELECT COUNT(*) AS tp_count FROM `fa_questions` WHERE  `category` LIKE '%,85,%' LIMIT 1 [ RunTime:0.005654s ]
[ sql ] [ SQL ] SELECT `category` FROM `fa_questions` WHERE  `category` LIKE '%,85,%' LIMIT 1 [ RunTime:0.005481s ]
[ sql ] [ SQL ] SELECT COUNT(*) AS tp_count FROM `fa_questions` WHERE  `category` LIKE '%,86,%' LIMIT 1 [ RunTime:0.005362s ]
[ sql ] [ SQL ] SELECT `category` FROM `fa_questions` WHERE  `category` LIKE '%,86,%' LIMIT 1 [ RunTime:0.004931s ]
[ sql ] [ SQL ] SELECT COUNT(*) AS tp_count FROM `fa_questions` WHERE  `category` LIKE '%,87,%' LIMIT 1 [ RunTime:0.005271s ]
[ sql ] [ SQL ] SELECT `category` FROM `fa_questions` WHERE  `category` LIKE '%,87,%' LIMIT 1 [ RunTime:0.005685s ]
[ sql ] [ SQL ] SELECT COUNT(*) AS tp_count FROM `fa_questions` WHERE  `category` LIKE '%,88,%' LIMIT 1 [ RunTime:0.005659s ]
[ sql ] [ SQL ] SELECT `category` FROM `fa_questions` WHERE  `category` LIKE '%,88,%' LIMIT 1 [ RunTime:0.004888s ]
[ sql ] [ SQL ] SELECT COUNT(*) AS tp_count FROM `fa_questions` WHERE  `category` LIKE '%,89,%' LIMIT 1 [ RunTime:0.005221s ]
[ sql ] [ SQL ] SELECT `category` FROM `fa_questions` WHERE  `category` LIKE '%,89,%' LIMIT 1 [ RunTime:0.005008s ]
[ sql ] [ SQL ] SELECT COUNT(*) AS tp_count FROM `fa_questions` WHERE  `category` LIKE '%,90,%' LIMIT 1 [ RunTime:0.005332s ]
[ sql ] [ SQL ] SELECT `category` FROM `fa_questions` WHERE  `category` LIKE '%,90,%' LIMIT 1 [ RunTime:0.004696s ]
[ sql ] [ SQL ] SELECT COUNT(*) AS tp_count FROM `fa_questions` WHERE  `category` LIKE '%,91,%' LIMIT 1 [ RunTime:0.006424s ]
[ sql ] [ SQL ] SELECT `category` FROM `fa_questions` WHERE  `category` LIKE '%,91,%' LIMIT 1 [ RunTime:0.004915s ]
[ sql ] [ SQL ] SELECT COUNT(*) AS tp_count FROM `fa_questions` WHERE  `category` LIKE '%,92,%' LIMIT 1 [ RunTime:0.005351s ]
[ sql ] [ SQL ] SELECT `id`,`pid`,`name` FROM `fa_category` WHERE  `pid` = 92 [ RunTime:0.004696s ]
[ sql ] [ SQL ] SELECT COUNT(*) AS tp_count FROM `fa_questions` WHERE  `category` LIKE '%,93,%' LIMIT 1 [ RunTime:0.005597s ]
[ sql ] [ SQL ] SELECT `category` FROM `fa_questions` WHERE  `category` LIKE '%,93,%' LIMIT 1 [ RunTime:0.005101s ]
[ sql ] [ SQL ] SELECT COUNT(*) AS tp_count FROM `fa_questions` WHERE  `category` LIKE '%,94,%' LIMIT 1 [ RunTime:0.004972s ]
[ sql ] [ SQL ] SELECT `category` FROM `fa_questions` WHERE  `category` LIKE '%,94,%' LIMIT 1 [ RunTime:0.004699s ]
[ sql ] [ SQL ] SELECT COUNT(*) AS tp_count FROM `fa_questions` WHERE  `category` LIKE '%,95,%' LIMIT 1 [ RunTime:0.004898s ]
[ sql ] [ SQL ] SELECT `category` FROM `fa_questions` WHERE  `category` LIKE '%,95,%' LIMIT 1 [ RunTime:0.004725s ]
[ sql ] [ SQL ] SELECT COUNT(*) AS tp_count FROM `fa_questions` WHERE  `category` LIKE '%,96,%' LIMIT 1 [ RunTime:0.005182s ]
[ sql ] [ SQL ] SELECT `category` FROM `fa_questions` WHERE  `category` LIKE '%,96,%' LIMIT 1 [ RunTime:0.005261s ]
[ sql ] [ SQL ] SELECT COUNT(*) AS tp_count FROM `fa_questions` WHERE  `category` LIKE '%,97,%' LIMIT 1 [ RunTime:0.005077s ]
[ sql ] [ SQL ] SELECT `category` FROM `fa_questions` WHERE  `category` LIKE '%,97,%' LIMIT 1 [ RunTime:0.004743s ]
[ sql ] [ SQL ] SELECT COUNT(*) AS tp_count FROM `fa_questions` WHERE  `category` LIKE '%,98,%' LIMIT 1 [ RunTime:0.005266s ]
[ sql ] [ SQL ] SELECT `category` FROM `fa_questions` WHERE  `category` LIKE '%,98,%' LIMIT 1 [ RunTime:0.004418s ]
[ sql ] [ SQL ] SELECT COUNT(*) AS tp_count FROM `fa_questions` WHERE  `category` LIKE '%,99,%' LIMIT 1 [ RunTime:0.005717s ]
[ sql ] [ SQL ] SELECT `category` FROM `fa_questions` WHERE  `category` LIKE '%,99,%' LIMIT 1 [ RunTime:0.007259s ]
[ sql ] [ SQL ] SELECT COUNT(*) AS tp_count FROM `fa_questions` WHERE  `category` LIKE '%,100,%' LIMIT 1 [ RunTime:0.005512s ]
[ sql ] [ SQL ] SELECT `category` FROM `fa_questions` WHERE  `category` LIKE '%,100,%' LIMIT 1 [ RunTime:0.004718s ]
[ sql ] [ SQL ] SELECT COUNT(*) AS tp_count FROM `fa_questions` WHERE  `category` LIKE '%,101,%' LIMIT 1 [ RunTime:0.005501s ]
[ sql ] [ SQL ] SELECT `category` FROM `fa_questions` WHERE  `category` LIKE '%,101,%' LIMIT 1 [ RunTime:0.006221s ]
[ sql ] [ SQL ] SELECT COUNT(*) AS tp_count FROM `fa_questions` WHERE  `category` LIKE '%,102,%' LIMIT 1 [ RunTime:0.006599s ]
[ sql ] [ SQL ] SELECT `category` FROM `fa_questions` WHERE  `category` LIKE '%,102,%' LIMIT 1 [ RunTime:0.005683s ]
[ sql ] [ SQL ] SELECT COUNT(*) AS tp_count FROM `fa_questions` WHERE  `category` LIKE '%,103,%' LIMIT 1 [ RunTime:0.005457s ]
[ sql ] [ SQL ] SELECT `category` FROM `fa_questions` WHERE  `category` LIKE '%,103,%' LIMIT 1 [ RunTime:0.004578s ]
[ sql ] [ SQL ] SELECT COUNT(*) AS tp_count FROM `fa_questions` WHERE  `category` LIKE '%,104,%' LIMIT 1 [ RunTime:0.005012s ]
[ sql ] [ SQL ] SELECT `category` FROM `fa_questions` WHERE  `category` LIKE '%,104,%' LIMIT 1 [ RunTime:0.005126s ]
[ sql ] [ SQL ] SELECT COUNT(*) AS tp_count FROM `fa_questions` WHERE  `category` LIKE '%,105,%' LIMIT 1 [ RunTime:0.007100s ]
[ sql ] [ SQL ] SELECT `id`,`pid`,`name` FROM `fa_category` WHERE  `pid` = 105 [ RunTime:0.003576s ]
[ sql ] [ SQL ] SELECT COUNT(*) AS tp_count FROM `fa_questions` WHERE  `category` LIKE '%,106,%' LIMIT 1 [ RunTime:0.005523s ]
[ sql ] [ SQL ] SELECT `category` FROM `fa_questions` WHERE  `category` LIKE '%,106,%' LIMIT 1 [ RunTime:0.004556s ]
[ sql ] [ SQL ] SELECT COUNT(*) AS tp_count FROM `fa_questions` WHERE  `category` LIKE '%,107,%' LIMIT 1 [ RunTime:0.005028s ]
[ sql ] [ SQL ] SELECT `category` FROM `fa_questions` WHERE  `category` LIKE '%,107,%' LIMIT 1 [ RunTime:0.004934s ]
[ sql ] [ SQL ] SELECT COUNT(*) AS tp_count FROM `fa_questions` WHERE  `category` LIKE '%,108,%' LIMIT 1 [ RunTime:0.004977s ]
[ sql ] [ SQL ] SELECT `category` FROM `fa_questions` WHERE  `category` LIKE '%,108,%' LIMIT 1 [ RunTime:0.004936s ]
[ sql ] [ SQL ] SELECT COUNT(*) AS tp_count FROM `fa_questions` WHERE  `category` LIKE '%,109,%' LIMIT 1 [ RunTime:0.005556s ]
[ sql ] [ SQL ] SELECT `category` FROM `fa_questions` WHERE  `category` LIKE '%,109,%' LIMIT 1 [ RunTime:0.004742s ]
[ sql ] [ SQL ] SELECT `id`,`pid`,`name` FROM `fa_category` WHERE  `pid` = 44 [ RunTime:0.003871s ]
[ sql ] [ SQL ] SELECT COUNT(*) AS tp_count FROM `fa_questions` WHERE  `category` LIKE '%,130,%' LIMIT 1 [ RunTime:0.005511s ]
[ sql ] [ SQL ] SELECT `id`,`pid`,`name` FROM `fa_category` WHERE  `pid` = 130 [ RunTime:0.003800s ]
[ sql ] [ SQL ] SELECT COUNT(*) AS tp_count FROM `fa_questions` WHERE  `category` LIKE '%,131,%' LIMIT 1 [ RunTime:0.005677s ]
[ sql ] [ SQL ] SELECT `category` FROM `fa_questions` WHERE  `category` LIKE '%,131,%' LIMIT 1 [ RunTime:0.005521s ]
[ sql ] [ SQL ] SELECT COUNT(*) AS tp_count FROM `fa_questions` WHERE  `category` LIKE '%,132,%' LIMIT 1 [ RunTime:0.005691s ]
[ sql ] [ SQL ] SELECT `category` FROM `fa_questions` WHERE  `category` LIKE '%,132,%' LIMIT 1 [ RunTime:0.005086s ]
[ sql ] [ SQL ] SELECT COUNT(*) AS tp_count FROM `fa_questions` WHERE  `category` LIKE '%,133,%' LIMIT 1 [ RunTime:0.005212s ]
[ sql ] [ SQL ] SELECT `category` FROM `fa_questions` WHERE  `category` LIKE '%,133,%' LIMIT 1 [ RunTime:0.005327s ]
[ sql ] [ SQL ] SELECT COUNT(*) AS tp_count FROM `fa_questions` WHERE  `category` LIKE '%,134,%' LIMIT 1 [ RunTime:0.005565s ]
[ sql ] [ SQL ] SELECT `id`,`pid`,`name` FROM `fa_category` WHERE  `pid` = 134 [ RunTime:0.004209s ]
[ sql ] [ SQL ] SELECT COUNT(*) AS tp_count FROM `fa_questions` WHERE  `category` LIKE '%,135,%' LIMIT 1 [ RunTime:0.005840s ]
[ sql ] [ SQL ] SELECT `category` FROM `fa_questions` WHERE  `category` LIKE '%,135,%' LIMIT 1 [ RunTime:0.005430s ]
[ sql ] [ SQL ] SELECT COUNT(*) AS tp_count FROM `fa_questions` WHERE  `category` LIKE '%,136,%' LIMIT 1 [ RunTime:0.005621s ]
[ sql ] [ SQL ] SELECT `category` FROM `fa_questions` WHERE  `category` LIKE '%,136,%' LIMIT 1 [ RunTime:0.004855s ]
[ sql ] [ SQL ] SELECT COUNT(*) AS tp_count FROM `fa_questions` WHERE  `category` LIKE '%,137,%' LIMIT 1 [ RunTime:0.005997s ]
[ sql ] [ SQL ] SELECT `category` FROM `fa_questions` WHERE  `category` LIKE '%,137,%' LIMIT 1 [ RunTime:0.005243s ]
[ sql ] [ SQL ] SELECT COUNT(*) AS tp_count FROM `fa_questions` WHERE  `category` LIKE '%,138,%' LIMIT 1 [ RunTime:0.005229s ]
[ sql ] [ SQL ] SELECT `id`,`pid`,`name` FROM `fa_category` WHERE  `pid` = 138 [ RunTime:0.004361s ]
[ sql ] [ SQL ] SELECT COUNT(*) AS tp_count FROM `fa_questions` WHERE  `category` LIKE '%,139,%' LIMIT 1 [ RunTime:0.005754s ]
[ sql ] [ SQL ] SELECT `category` FROM `fa_questions` WHERE  `category` LIKE '%,139,%' LIMIT 1 [ RunTime:0.005845s ]
[ sql ] [ SQL ] SELECT COUNT(*) AS tp_count FROM `fa_questions` WHERE  `category` LIKE '%,140,%' LIMIT 1 [ RunTime:0.005408s ]
[ sql ] [ SQL ] SELECT `category` FROM `fa_questions` WHERE  `category` LIKE '%,140,%' LIMIT 1 [ RunTime:0.005621s ]
[ sql ] [ SQL ] SELECT COUNT(*) AS tp_count FROM `fa_questions` WHERE  `category` LIKE '%,141,%' LIMIT 1 [ RunTime:0.005825s ]
[ sql ] [ SQL ] SELECT `category` FROM `fa_questions` WHERE  `category` LIKE '%,141,%' LIMIT 1 [ RunTime:0.005737s ]
[ sql ] [ SQL ] SELECT `id`,`pid`,`name` FROM `fa_category` WHERE  `pid` = 25 [ RunTime:0.003848s ]
[ sql ] [ SQL ] SELECT COUNT(*) AS tp_count FROM `fa_questions` WHERE  `category` LIKE '%,142,%' LIMIT 1 [ RunTime:0.006093s ]
[ sql ] [ SQL ] SELECT `id`,`pid`,`name` FROM `fa_category` WHERE  `pid` = 142 [ RunTime:0.004397s ]
[ sql ] [ SQL ] SELECT COUNT(*) AS tp_count FROM `fa_questions` WHERE  `category` LIKE '%,143,%' LIMIT 1 [ RunTime:0.005351s ]
[ sql ] [ SQL ] SELECT `category` FROM `fa_questions` WHERE  `category` LIKE '%,143,%' LIMIT 1 [ RunTime:0.005664s ]
[ sql ] [ SQL ] SELECT COUNT(*) AS tp_count FROM `fa_questions` WHERE  `category` LIKE '%,144,%' LIMIT 1 [ RunTime:0.005246s ]
[ sql ] [ SQL ] SELECT `category` FROM `fa_questions` WHERE  `category` LIKE '%,144,%' LIMIT 1 [ RunTime:0.005471s ]
[ sql ] [ SQL ] SELECT COUNT(*) AS tp_count FROM `fa_questions` WHERE  `category` LIKE '%,145,%' LIMIT 1 [ RunTime:0.005706s ]
[ sql ] [ SQL ] SELECT `category` FROM `fa_questions` WHERE  `category` LIKE '%,145,%' LIMIT 1 [ RunTime:0.005336s ]
[ sql ] [ SQL ] SELECT COUNT(*) AS tp_count FROM `fa_questions` WHERE  `category` LIKE '%,146,%' LIMIT 1 [ RunTime:0.005340s ]
[ sql ] [ SQL ] SELECT `category` FROM `fa_questions` WHERE  `category` LIKE '%,146,%' LIMIT 1 [ RunTime:0.005316s ]
[ sql ] [ SQL ] SELECT COUNT(*) AS tp_count FROM `fa_questions` WHERE  `category` LIKE '%,206,%' LIMIT 1 [ RunTime:0.005113s ]
[ sql ] [ SQL ] SELECT `category` FROM `fa_questions` WHERE  `category` LIKE '%,206,%' LIMIT 1 [ RunTime:0.006380s ]
[ sql ] [ SQL ] SELECT COUNT(*) AS tp_count FROM `fa_questions` WHERE  `category` LIKE '%,207,%' LIMIT 1 [ RunTime:0.005376s ]
[ sql ] [ SQL ] SELECT `category` FROM `fa_questions` WHERE  `category` LIKE '%,207,%' LIMIT 1 [ RunTime:0.005786s ]
[ sql ] [ SQL ] SELECT COUNT(*) AS tp_count FROM `fa_questions` WHERE  `category` LIKE '%,208,%' LIMIT 1 [ RunTime:0.006089s ]
[ sql ] [ SQL ] SELECT `category` FROM `fa_questions` WHERE  `category` LIKE '%,208,%' LIMIT 1 [ RunTime:0.005376s ]
[ sql ] [ SQL ] SELECT COUNT(*) AS tp_count FROM `fa_questions` WHERE  `category` LIKE '%,209,%' LIMIT 1 [ RunTime:0.005721s ]
[ sql ] [ SQL ] SELECT `category` FROM `fa_questions` WHERE  `category` LIKE '%,209,%' LIMIT 1 [ RunTime:0.005953s ]
[ sql ] [ SQL ] SELECT COUNT(*) AS tp_count FROM `fa_questions` WHERE  `category` LIKE '%,210,%' LIMIT 1 [ RunTime:0.005256s ]
[ sql ] [ SQL ] SELECT `category` FROM `fa_questions` WHERE  `category` LIKE '%,210,%' LIMIT 1 [ RunTime:0.005708s ]
[ sql ] [ SQL ] SELECT COUNT(*) AS tp_count FROM `fa_questions` WHERE  `category` LIKE '%,211,%' LIMIT 1 [ RunTime:0.005508s ]
[ sql ] [ SQL ] SELECT `category` FROM `fa_questions` WHERE  `category` LIKE '%,211,%' LIMIT 1 [ RunTime:0.005748s ]
[ sql ] [ SQL ] SELECT COUNT(*) AS tp_count FROM `fa_questions` WHERE  `category` LIKE '%,212,%' LIMIT 1 [ RunTime:0.005629s ]
[ sql ] [ SQL ] SELECT `category` FROM `fa_questions` WHERE  `category` LIKE '%,212,%' LIMIT 1 [ RunTime:0.005170s ]
[ sql ] [ SQL ] SELECT COUNT(*) AS tp_count FROM `fa_questions` WHERE  `category` LIKE '%,147,%' LIMIT 1 [ RunTime:0.005572s ]
[ sql ] [ SQL ] SELECT `id`,`pid`,`name` FROM `fa_category` WHERE  `pid` = 147 [ RunTime:0.004340s ]
[ sql ] [ SQL ] SELECT COUNT(*) AS tp_count FROM `fa_questions` WHERE  `category` LIKE '%,148,%' LIMIT 1 [ RunTime:0.005752s ]
[ sql ] [ SQL ] SELECT `category` FROM `fa_questions` WHERE  `category` LIKE '%,148,%' LIMIT 1 [ RunTime:0.005372s ]
[ sql ] [ SQL ] SELECT COUNT(*) AS tp_count FROM `fa_questions` WHERE  `category` LIKE '%,149,%' LIMIT 1 [ RunTime:0.005269s ]
[ sql ] [ SQL ] SELECT `category` FROM `fa_questions` WHERE  `category` LIKE '%,149,%' LIMIT 1 [ RunTime:0.006042s ]
[ sql ] [ SQL ] SELECT COUNT(*) AS tp_count FROM `fa_questions` WHERE  `category` LIKE '%,150,%' LIMIT 1 [ RunTime:0.005504s ]
[ sql ] [ SQL ] SELECT `category` FROM `fa_questions` WHERE  `category` LIKE '%,150,%' LIMIT 1 [ RunTime:0.005692s ]
[ sql ] [ SQL ] SELECT `id`,`pid`,`name` FROM `fa_category` WHERE  `pid` = 36 [ RunTime:0.004430s ]
[ sql ] [ SQL ] SELECT COUNT(*) AS tp_count FROM `fa_questions` WHERE  `category` LIKE '%,214,%' LIMIT 1 [ RunTime:0.005491s ]
[ sql ] [ SQL ] SELECT `id`,`pid`,`name` FROM `fa_category` WHERE  `pid` = 214 [ RunTime:0.004269s ]
[ sql ] [ SQL ] SELECT `id`,`pid`,`name` FROM `fa_category` WHERE  `pid` = 32 [ RunTime:0.004477s ]
[ sql ] [ SQL ] SELECT COUNT(*) AS tp_count FROM `fa_questions` WHERE  `category` LIKE '%,213,%' LIMIT 1 [ RunTime:0.005304s ]
[ sql ] [ SQL ] SELECT `id`,`pid`,`name` FROM `fa_category` WHERE  `pid` = 213 [ RunTime:0.003824s ]
[ sql ] [ SQL ] SELECT COUNT(*) AS tp_count FROM `fa_questions` WHERE  `category` LIKE '%,230,%' LIMIT 1 [ RunTime:0.005648s ]
[ sql ] [ SQL ] SELECT `id`,`pid`,`name` FROM `fa_category` WHERE  `pid` = 230 [ RunTime:0.004906s ]
[ sql ] [ SQL ] SELECT `id`,`pid`,`name` FROM `fa_category` WHERE  `pid` = 39 [ RunTime:0.004108s ]
[ sql ] [ SQL ] SELECT COUNT(*) AS tp_count FROM `fa_questions` WHERE  `category` LIKE '%,215,%' LIMIT 1 [ RunTime:0.006235s ]
[ sql ] [ SQL ] SELECT `id`,`pid`,`name` FROM `fa_category` WHERE  `pid` = 215 [ RunTime:0.003918s ]
[ sql ] [ SQL ] SELECT `id`,`pid`,`name` FROM `fa_category` WHERE  `pid` = 35 [ RunTime:0.004736s ]
[ sql ] [ SQL ] SELECT COUNT(*) AS tp_count FROM `fa_questions` WHERE  `category` LIKE '%,157,%' LIMIT 1 [ RunTime:0.005698s ]
[ sql ] [ SQL ] SELECT `id`,`pid`,`name` FROM `fa_category` WHERE  `pid` = 157 [ RunTime:0.004005s ]
[ sql ] [ SQL ] SELECT COUNT(*) AS tp_count FROM `fa_questions` WHERE  `category` LIKE '%,158,%' LIMIT 1 [ RunTime:0.006222s ]
[ sql ] [ SQL ] SELECT `category` FROM `fa_questions` WHERE  `category` LIKE '%,158,%' LIMIT 1 [ RunTime:0.005292s ]
[ sql ] [ SQL ] SELECT COUNT(*) AS tp_count FROM `fa_questions` WHERE  `category` LIKE '%,160,%' LIMIT 1 [ RunTime:0.005350s ]
[ sql ] [ SQL ] SELECT `id`,`pid`,`name` FROM `fa_category` WHERE  `pid` = 160 [ RunTime:0.004640s ]
[ sql ] [ SQL ] SELECT COUNT(*) AS tp_count FROM `fa_questions` WHERE  `category` LIKE '%,161,%' LIMIT 1 [ RunTime:0.005906s ]
[ sql ] [ SQL ] SELECT `category` FROM `fa_questions` WHERE  `category` LIKE '%,161,%' LIMIT 1 [ RunTime:0.005519s ]
[ sql ] [ SQL ] SELECT `id`,`pid`,`name` FROM `fa_category` WHERE  `pid` = 31 [ RunTime:0.004829s ]
[ sql ] [ SQL ] SELECT COUNT(*) AS tp_count FROM `fa_questions` WHERE  `category` LIKE '%,163,%' LIMIT 1 [ RunTime:0.005422s ]
[ sql ] [ SQL ] SELECT `id`,`pid`,`name` FROM `fa_category` WHERE  `pid` = 163 [ RunTime:0.004026s ]
[ sql ] [ SQL ] SELECT COUNT(*) AS tp_count FROM `fa_questions` WHERE  `category` LIKE '%,165,%' LIMIT 1 [ RunTime:0.005344s ]
[ sql ] [ SQL ] SELECT `category` FROM `fa_questions` WHERE  `category` LIKE '%,165,%' LIMIT 1 [ RunTime:0.005016s ]
[ sql ] [ SQL ] SELECT COUNT(*) AS tp_count FROM `fa_questions` WHERE  `category` LIKE '%,164,%' LIMIT 1 [ RunTime:0.005351s ]
[ sql ] [ SQL ] SELECT `id`,`pid`,`name` FROM `fa_category` WHERE  `pid` = 164 [ RunTime:0.004706s ]
[ sql ] [ SQL ] SELECT COUNT(*) AS tp_count FROM `fa_questions` WHERE  `category` LIKE '%,167,%' LIMIT 1 [ RunTime:0.005592s ]
[ sql ] [ SQL ] SELECT `category` FROM `fa_questions` WHERE  `category` LIKE '%,167,%' LIMIT 1 [ RunTime:0.005226s ]
[ sql ] [ SQL ] SELECT `id`,`pid`,`name` FROM `fa_category` WHERE  `pid` = 40 [ RunTime:0.004701s ]
[ sql ] [ SQL ] SELECT COUNT(*) AS tp_count FROM `fa_questions` WHERE  `category` LIKE '%,151,%' LIMIT 1 [ RunTime:0.005371s ]
[ sql ] [ SQL ] SELECT `id`,`pid`,`name` FROM `fa_category` WHERE  `pid` = 151 [ RunTime:0.003817s ]
[ sql ] [ SQL ] SELECT COUNT(*) AS tp_count FROM `fa_questions` WHERE  `category` LIKE '%,152,%' LIMIT 1 [ RunTime:0.005454s ]
[ sql ] [ SQL ] SELECT `category` FROM `fa_questions` WHERE  `category` LIKE '%,152,%' LIMIT 1 [ RunTime:0.004924s ]
[ sql ] [ SQL ] SELECT COUNT(*) AS tp_count FROM `fa_questions` WHERE  `category` LIKE '%,154,%' LIMIT 1 [ RunTime:0.004740s ]
[ sql ] [ SQL ] SELECT `id`,`pid`,`name` FROM `fa_category` WHERE  `pid` = 154 [ RunTime:0.003660s ]
[ sql ] [ SQL ] SELECT COUNT(*) AS tp_count FROM `fa_questions` WHERE  `category` LIKE '%,155,%' LIMIT 1 [ RunTime:0.006122s ]
[ sql ] [ SQL ] SELECT `category` FROM `fa_questions` WHERE  `category` LIKE '%,155,%' LIMIT 1 [ RunTime:0.005989s ]
[ sql ] [ SQL ] SELECT `id`,`pid`,`name` FROM `fa_category` WHERE  `pid` = 45 [ RunTime:0.004255s ]
[ sql ] [ SQL ] SELECT COUNT(*) AS tp_count FROM `fa_questions` WHERE  `category` LIKE '%,169,%' LIMIT 1 [ RunTime:0.006091s ]
[ sql ] [ SQL ] SELECT `id`,`pid`,`name` FROM `fa_category` WHERE  `pid` = 169 [ RunTime:0.003944s ]
[ sql ] [ SQL ] SELECT COUNT(*) AS tp_count FROM `fa_questions` WHERE  `category` LIKE '%,171,%' LIMIT 1 [ RunTime:0.006324s ]
[ sql ] [ SQL ] SELECT `category` FROM `fa_questions` WHERE  `category` LIKE '%,171,%' LIMIT 1 [ RunTime:0.006171s ]
[ sql ] [ SQL ] SELECT COUNT(*) AS tp_count FROM `fa_questions` WHERE  `category` LIKE '%,170,%' LIMIT 1 [ RunTime:0.005292s ]
[ sql ] [ SQL ] SELECT `id`,`pid`,`name` FROM `fa_category` WHERE  `pid` = 170 [ RunTime:0.004104s ]
[ sql ] [ SQL ] SELECT COUNT(*) AS tp_count FROM `fa_questions` WHERE  `category` LIKE '%,173,%' LIMIT 1 [ RunTime:0.005287s ]
[ sql ] [ SQL ] SELECT `category` FROM `fa_questions` WHERE  `category` LIKE '%,173,%' LIMIT 1 [ RunTime:0.006305s ]
[ sql ] [ SQL ] SELECT COUNT(*) AS tp_count FROM `fa_questions` WHERE  `category` LIKE '%,219,%' LIMIT 1 [ RunTime:0.005274s ]
[ sql ] [ SQL ] SELECT `id`,`pid`,`name` FROM `fa_category` WHERE  `pid` = 219 [ RunTime:0.004115s ]
[ sql ] [ SQL ] SELECT COUNT(*) AS tp_count FROM `fa_questions` WHERE  `category` LIKE '%,220,%' LIMIT 1 [ RunTime:0.005645s ]
[ sql ] [ SQL ] SELECT `category` FROM `fa_questions` WHERE  `category` LIKE '%,220,%' LIMIT 1 [ RunTime:0.005230s ]
[ sql ] [ SQL ] SELECT `id`,`pid`,`name` FROM `fa_category` WHERE  `pid` = 28 [ RunTime:0.003713s ]
[ sql ] [ SQL ] SELECT COUNT(*) AS tp_count FROM `fa_questions` WHERE  `category` LIKE '%,175,%' LIMIT 1 [ RunTime:0.005372s ]
[ sql ] [ SQL ] SELECT `id`,`pid`,`name` FROM `fa_category` WHERE  `pid` = 175 [ RunTime:0.003770s ]
[ sql ] [ SQL ] SELECT COUNT(*) AS tp_count FROM `fa_questions` WHERE  `category` LIKE '%,177,%' LIMIT 1 [ RunTime:0.005379s ]
[ sql ] [ SQL ] SELECT `category` FROM `fa_questions` WHERE  `category` LIKE '%,177,%' LIMIT 1 [ RunTime:0.005853s ]
[ sql ] [ SQL ] SELECT COUNT(*) AS tp_count FROM `fa_questions` WHERE  `category` LIKE '%,176,%' LIMIT 1 [ RunTime:0.005414s ]
[ sql ] [ SQL ] SELECT `id`,`pid`,`name` FROM `fa_category` WHERE  `pid` = 176 [ RunTime:0.003822s ]
[ sql ] [ SQL ] SELECT COUNT(*) AS tp_count FROM `fa_questions` WHERE  `category` LIKE '%,179,%' LIMIT 1 [ RunTime:0.005391s ]
[ sql ] [ SQL ] SELECT `category` FROM `fa_questions` WHERE  `category` LIKE '%,179,%' LIMIT 1 [ RunTime:0.005834s ]
[ sql ] [ SQL ] SELECT * FROM `fa_questions` [ RunTime:0.368862s ]
[ sql ] [ SQL ] SHOW COLUMNS FROM `fa_papers_rule` [ RunTime:0.004483s ]
[ sql ] [ SQL ] SELECT * FROM `fa_papers_rule` [ RunTime:0.005031s ]
[ sql ] [ SQL ] SELECT `id`,`pid`,`type`,`name`,`accounted` FROM `fa_category` WHERE  `status` = 'normal' [ RunTime:0.006737s ]
[ sql ] [ SQL ] SELECT `pid` FROM `fa_category` WHERE  `id` = 0 LIMIT 1 [ RunTime:0.003567s ]
[ sql ] [ SQL ] SELECT `pid` FROM `fa_category` WHERE  `id` = 0 LIMIT 1 [ RunTime:0.003785s ]
[ sql ] [ SQL ] SELECT `pid` FROM `fa_category` WHERE  `id` = 15 LIMIT 1 [ RunTime:0.004686s ]
[ sql ] [ SQL ] SELECT `pid` FROM `fa_category` WHERE  `id` = 15 LIMIT 1 [ RunTime:0.003681s ]
[ sql ] [ SQL ] SELECT `pid` FROM `fa_category` WHERE  `id` = 15 LIMIT 1 [ RunTime:0.005181s ]
[ sql ] [ SQL ] SELECT `pid` FROM `fa_category` WHERE  `id` = 16 LIMIT 1 [ RunTime:0.005664s ]
[ sql ] [ SQL ] SELECT `pid` FROM `fa_category` WHERE  `id` = 16 LIMIT 1 [ RunTime:0.004232s ]
[ sql ] [ SQL ] SELECT `pid` FROM `fa_category` WHERE  `id` = 19 LIMIT 1 [ RunTime:0.004240s ]
[ sql ] [ SQL ] SELECT `pid` FROM `fa_category` WHERE  `id` = 21 LIMIT 1 [ RunTime:0.004298s ]
[ sql ] [ SQL ] SELECT `pid` FROM `fa_category` WHERE  `id` = 14 LIMIT 1 [ RunTime:0.004502s ]
[ sql ] [ SQL ] SELECT `pid` FROM `fa_category` WHERE  `id` = 23 LIMIT 1 [ RunTime:0.004133s ]
[ sql ] [ SQL ] SELECT `pid` FROM `fa_category` WHERE  `id` = 23 LIMIT 1 [ RunTime:0.003936s ]
[ sql ] [ SQL ] SELECT `pid` FROM `fa_category` WHERE  `id` = 23 LIMIT 1 [ RunTime:0.004007s ]
[ sql ] [ SQL ] SELECT `pid` FROM `fa_category` WHERE  `id` = 16 LIMIT 1 [ RunTime:0.004104s ]
[ sql ] [ SQL ] SELECT `pid` FROM `fa_category` WHERE  `id` = 16 LIMIT 1 [ RunTime:0.003962s ]
[ sql ] [ SQL ] SELECT `pid` FROM `fa_category` WHERE  `id` = 17 LIMIT 1 [ RunTime:0.004799s ]
[ sql ] [ SQL ] SELECT `pid` FROM `fa_category` WHERE  `id` = 17 LIMIT 1 [ RunTime:0.003959s ]
[ sql ] [ SQL ] SELECT `pid` FROM `fa_category` WHERE  `id` = 17 LIMIT 1 [ RunTime:0.003952s ]
[ sql ] [ SQL ] SELECT `pid` FROM `fa_category` WHERE  `id` = 18 LIMIT 1 [ RunTime:0.003774s ]
[ sql ] [ SQL ] SELECT `pid` FROM `fa_category` WHERE  `id` = 18 LIMIT 1 [ RunTime:0.004399s ]
[ sql ] [ SQL ] SELECT `pid` FROM `fa_category` WHERE  `id` = 18 LIMIT 1 [ RunTime:0.003573s ]
[ sql ] [ SQL ] SELECT `pid` FROM `fa_category` WHERE  `id` = 18 LIMIT 1 [ RunTime:0.003473s ]
[ sql ] [ SQL ] SELECT `pid` FROM `fa_category` WHERE  `id` = 23 LIMIT 1 [ RunTime:0.003547s ]
[ sql ] [ SQL ] SELECT `pid` FROM `fa_category` WHERE  `id` = 14 LIMIT 1 [ RunTime:0.003966s ]
[ sql ] [ SQL ] SELECT `pid` FROM `fa_category` WHERE  `id` = 42 LIMIT 1 [ RunTime:0.003850s ]
[ sql ] [ SQL ] SELECT `pid` FROM `fa_category` WHERE  `id` = 42 LIMIT 1 [ RunTime:0.003973s ]
[ sql ] [ SQL ] SELECT `pid` FROM `fa_category` WHERE  `id` = 42 LIMIT 1 [ RunTime:0.004102s ]
[ sql ] [ SQL ] SELECT `pid` FROM `fa_category` WHERE  `id` = 42 LIMIT 1 [ RunTime:0.003791s ]
[ sql ] [ SQL ] SELECT `pid` FROM `fa_category` WHERE  `id` = 47 LIMIT 1 [ RunTime:0.003672s ]
[ sql ] [ SQL ] SELECT `pid` FROM `fa_category` WHERE  `id` = 21 LIMIT 1 [ RunTime:0.003805s ]
[ sql ] [ SQL ] SELECT `pid` FROM `fa_category` WHERE  `id` = 21 LIMIT 1 [ RunTime:0.003882s ]
[ sql ] [ SQL ] SELECT `pid` FROM `fa_category` WHERE  `id` = 21 LIMIT 1 [ RunTime:0.003904s ]
[ sql ] [ SQL ] SELECT `pid` FROM `fa_category` WHERE  `id` = 19 LIMIT 1 [ RunTime:0.003604s ]
[ sql ] [ SQL ] SELECT `pid` FROM `fa_category` WHERE  `id` = 65 LIMIT 1 [ RunTime:0.004116s ]
[ sql ] [ SQL ] SELECT `pid` FROM `fa_category` WHERE  `id` = 65 LIMIT 1 [ RunTime:0.003912s ]
[ sql ] [ SQL ] SELECT `pid` FROM `fa_category` WHERE  `id` = 65 LIMIT 1 [ RunTime:0.003751s ]
[ sql ] [ SQL ] SELECT `pid` FROM `fa_category` WHERE  `id` = 65 LIMIT 1 [ RunTime:0.003856s ]
[ sql ] [ SQL ] SELECT `pid` FROM `fa_category` WHERE  `id` = 65 LIMIT 1 [ RunTime:0.004145s ]
[ sql ] [ SQL ] SELECT `pid` FROM `fa_category` WHERE  `id` = 65 LIMIT 1 [ RunTime:0.004034s ]
[ sql ] [ SQL ] SELECT `pid` FROM `fa_category` WHERE  `id` = 65 LIMIT 1 [ RunTime:0.003903s ]
[ sql ] [ SQL ] SELECT `pid` FROM `fa_category` WHERE  `id` = 65 LIMIT 1 [ RunTime:0.003265s ]
[ sql ] [ SQL ] SELECT `pid` FROM `fa_category` WHERE  `id` = 65 LIMIT 1 [ RunTime:0.003923s ]
[ sql ] [ SQL ] SELECT `pid` FROM `fa_category` WHERE  `id` = 65 LIMIT 1 [ RunTime:0.007579s ]
[ sql ] [ SQL ] SELECT `pid` FROM `fa_category` WHERE  `id` = 65 LIMIT 1 [ RunTime:0.006609s ]
[ sql ] [ SQL ] SELECT `pid` FROM `fa_category` WHERE  `id` = 19 LIMIT 1 [ RunTime:0.007434s ]
[ sql ] [ SQL ] SELECT `pid` FROM `fa_category` WHERE  `id` = 77 LIMIT 1 [ RunTime:0.006645s ]
[ sql ] [ SQL ] SELECT `pid` FROM `fa_category` WHERE  `id` = 77 LIMIT 1 [ RunTime:0.006396s ]
[ sql ] [ SQL ] SELECT `pid` FROM `fa_category` WHERE  `id` = 77 LIMIT 1 [ RunTime:0.006658s ]
[ sql ] [ SQL ] SELECT `pid` FROM `fa_category` WHERE  `id` = 77 LIMIT 1 [ RunTime:0.007330s ]
[ sql ] [ SQL ] SELECT `pid` FROM `fa_category` WHERE  `id` = 77 LIMIT 1 [ RunTime:0.006239s ]
[ sql ] [ SQL ] SELECT `pid` FROM `fa_category` WHERE  `id` = 77 LIMIT 1 [ RunTime:0.007084s ]
[ sql ] [ SQL ] SELECT `pid` FROM `fa_category` WHERE  `id` = 77 LIMIT 1 [ RunTime:0.007049s ]
[ sql ] [ SQL ] SELECT `pid` FROM `fa_category` WHERE  `id` = 77 LIMIT 1 [ RunTime:0.006740s ]
[ sql ] [ SQL ] SELECT `pid` FROM `fa_category` WHERE  `id` = 77 LIMIT 1 [ RunTime:0.007158s ]
[ sql ] [ SQL ] SELECT `pid` FROM `fa_category` WHERE  `id` = 77 LIMIT 1 [ RunTime:0.006636s ]
[ sql ] [ SQL ] SELECT `pid` FROM `fa_category` WHERE  `id` = 77 LIMIT 1 [ RunTime:0.005817s ]
[ sql ] [ SQL ] SELECT `pid` FROM `fa_category` WHERE  `id` = 77 LIMIT 1 [ RunTime:0.155131s ]
[ sql ] [ SQL ] SELECT `pid` FROM `fa_category` WHERE  `id` = 77 LIMIT 1 [ RunTime:0.003655s ]
[ sql ] [ SQL ] SELECT `pid` FROM `fa_category` WHERE  `id` = 77 LIMIT 1 [ RunTime:0.003665s ]
[ sql ] [ SQL ] SELECT `pid` FROM `fa_category` WHERE  `id` = 19 LIMIT 1 [ RunTime:0.003634s ]
[ sql ] [ SQL ] SELECT `pid` FROM `fa_category` WHERE  `id` = 92 LIMIT 1 [ RunTime:0.003921s ]
[ sql ] [ SQL ] SELECT `pid` FROM `fa_category` WHERE  `id` = 92 LIMIT 1 [ RunTime:0.003629s ]
[ sql ] [ SQL ] SELECT `pid` FROM `fa_category` WHERE  `id` = 92 LIMIT 1 [ RunTime:0.003873s ]
[ sql ] [ SQL ] SELECT `pid` FROM `fa_category` WHERE  `id` = 92 LIMIT 1 [ RunTime:0.003644s ]
[ sql ] [ SQL ] SELECT `pid` FROM `fa_category` WHERE  `id` = 92 LIMIT 1 [ RunTime:0.004534s ]
[ sql ] [ SQL ] SELECT `pid` FROM `fa_category` WHERE  `id` = 92 LIMIT 1 [ RunTime:0.003421s ]
[ sql ] [ SQL ] SELECT `pid` FROM `fa_category` WHERE  `id` = 92 LIMIT 1 [ RunTime:0.003920s ]
[ sql ] [ SQL ] SELECT `pid` FROM `fa_category` WHERE  `id` = 92 LIMIT 1 [ RunTime:0.004047s ]
[ sql ] [ SQL ] SELECT `pid` FROM `fa_category` WHERE  `id` = 92 LIMIT 1 [ RunTime:0.003895s ]
[ sql ] [ SQL ] SELECT `pid` FROM `fa_category` WHERE  `id` = 92 LIMIT 1 [ RunTime:0.004039s ]
[ sql ] [ SQL ] SELECT `pid` FROM `fa_category` WHERE  `id` = 92 LIMIT 1 [ RunTime:0.003821s ]
[ sql ] [ SQL ] SELECT `pid` FROM `fa_category` WHERE  `id` = 92 LIMIT 1 [ RunTime:0.003969s ]
[ sql ] [ SQL ] SELECT `pid` FROM `fa_category` WHERE  `id` = 19 LIMIT 1 [ RunTime:0.003845s ]
[ sql ] [ SQL ] SELECT `pid` FROM `fa_category` WHERE  `id` = 105 LIMIT 1 [ RunTime:0.004039s ]
[ sql ] [ SQL ] SELECT `pid` FROM `fa_category` WHERE  `id` = 105 LIMIT 1 [ RunTime:0.004339s ]
[ sql ] [ SQL ] SELECT `pid` FROM `fa_category` WHERE  `id` = 105 LIMIT 1 [ RunTime:0.003597s ]
[ sql ] [ SQL ] SELECT `pid` FROM `fa_category` WHERE  `id` = 105 LIMIT 1 [ RunTime:0.003716s ]
[ sql ] [ SQL ] SELECT `pid` FROM `fa_category` WHERE  `id` = 37 LIMIT 1 [ RunTime:0.004298s ]
[ sql ] [ SQL ] SELECT `pid` FROM `fa_category` WHERE  `id` = 37 LIMIT 1 [ RunTime:0.003934s ]
[ sql ] [ SQL ] SELECT `pid` FROM `fa_category` WHERE  `id` = 37 LIMIT 1 [ RunTime:0.003700s ]
[ sql ] [ SQL ] SELECT `pid` FROM `fa_category` WHERE  `id` = 37 LIMIT 1 [ RunTime:0.004360s ]
[ sql ] [ SQL ] SELECT `pid` FROM `fa_category` WHERE  `id` = 37 LIMIT 1 [ RunTime:0.004131s ]
[ sql ] [ SQL ] SELECT `pid` FROM `fa_category` WHERE  `id` = 38 LIMIT 1 [ RunTime:0.003685s ]
[ sql ] [ SQL ] SELECT `pid` FROM `fa_category` WHERE  `id` = 43 LIMIT 1 [ RunTime:0.003697s ]
[ sql ] [ SQL ] SELECT `pid` FROM `fa_category` WHERE  `id` = 33 LIMIT 1 [ RunTime:0.004459s ]
[ sql ] [ SQL ] SELECT `pid` FROM `fa_category` WHERE  `id` = 118 LIMIT 1 [ RunTime:0.004055s ]
[ sql ] [ SQL ] SELECT `pid` FROM `fa_category` WHERE  `id` = 118 LIMIT 1 [ RunTime:0.005145s ]
[ sql ] [ SQL ] SELECT `pid` FROM `fa_category` WHERE  `id` = 33 LIMIT 1 [ RunTime:0.004142s ]
[ sql ] [ SQL ] SELECT `pid` FROM `fa_category` WHERE  `id` = 121 LIMIT 1 [ RunTime:0.003987s ]
[ sql ] [ SQL ] SELECT `pid` FROM `fa_category` WHERE  `id` = 121 LIMIT 1 [ RunTime:0.003748s ]
[ sql ] [ SQL ] SELECT `pid` FROM `fa_category` WHERE  `id` = 121 LIMIT 1 [ RunTime:0.004532s ]
[ sql ] [ SQL ] SELECT `pid` FROM `fa_category` WHERE  `id` = 121 LIMIT 1 [ RunTime:0.004804s ]
[ sql ] [ SQL ] SELECT `pid` FROM `fa_category` WHERE  `id` = 121 LIMIT 1 [ RunTime:0.003912s ]
[ sql ] [ SQL ] SELECT `pid` FROM `fa_category` WHERE  `id` = 121 LIMIT 1 [ RunTime:0.003896s ]
[ sql ] [ SQL ] SELECT `pid` FROM `fa_category` WHERE  `id` = 33 LIMIT 1 [ RunTime:0.003757s ]
[ sql ] [ SQL ] SELECT `pid` FROM `fa_category` WHERE  `id` = 128 LIMIT 1 [ RunTime:0.003947s ]
[ sql ] [ SQL ] SELECT `pid` FROM `fa_category` WHERE  `id` = 44 LIMIT 1 [ RunTime:0.003519s ]
[ sql ] [ SQL ] SELECT `pid` FROM `fa_category` WHERE  `id` = 130 LIMIT 1 [ RunTime:0.004549s ]
[ sql ] [ SQL ] SELECT `pid` FROM `fa_category` WHERE  `id` = 130 LIMIT 1 [ RunTime:0.003993s ]
[ sql ] [ SQL ] SELECT `pid` FROM `fa_category` WHERE  `id` = 130 LIMIT 1 [ RunTime:0.003730s ]
[ sql ] [ SQL ] SELECT `pid` FROM `fa_category` WHERE  `id` = 44 LIMIT 1 [ RunTime:0.003873s ]
[ sql ] [ SQL ] SELECT `pid` FROM `fa_category` WHERE  `id` = 134 LIMIT 1 [ RunTime:0.003833s ]
[ sql ] [ SQL ] SELECT `pid` FROM `fa_category` WHERE  `id` = 134 LIMIT 1 [ RunTime:0.004191s ]
[ sql ] [ SQL ] SELECT `pid` FROM `fa_category` WHERE  `id` = 134 LIMIT 1 [ RunTime:0.004481s ]
[ sql ] [ SQL ] SELECT `pid` FROM `fa_category` WHERE  `id` = 44 LIMIT 1 [ RunTime:0.005002s ]
[ sql ] [ SQL ] SELECT `pid` FROM `fa_category` WHERE  `id` = 138 LIMIT 1 [ RunTime:0.004166s ]
[ sql ] [ SQL ] SELECT `pid` FROM `fa_category` WHERE  `id` = 138 LIMIT 1 [ RunTime:0.003756s ]
[ sql ] [ SQL ] SELECT `pid` FROM `fa_category` WHERE  `id` = 138 LIMIT 1 [ RunTime:0.003643s ]
[ sql ] [ SQL ] SELECT `pid` FROM `fa_category` WHERE  `id` = 25 LIMIT 1 [ RunTime:0.004119s ]
[ sql ] [ SQL ] SELECT `pid` FROM `fa_category` WHERE  `id` = 142 LIMIT 1 [ RunTime:0.004352s ]
[ sql ] [ SQL ] SELECT `pid` FROM `fa_category` WHERE  `id` = 142 LIMIT 1 [ RunTime:0.004081s ]
[ sql ] [ SQL ] SELECT `pid` FROM `fa_category` WHERE  `id` = 142 LIMIT 1 [ RunTime:0.004105s ]
[ sql ] [ SQL ] SELECT `pid` FROM `fa_category` WHERE  `id` = 142 LIMIT 1 [ RunTime:0.004031s ]
[ sql ] [ SQL ] SELECT `pid` FROM `fa_category` WHERE  `id` = 25 LIMIT 1 [ RunTime:0.004204s ]
[ sql ] [ SQL ] SELECT `pid` FROM `fa_category` WHERE  `id` = 147 LIMIT 1 [ RunTime:0.003856s ]
[ sql ] [ SQL ] SELECT `pid` FROM `fa_category` WHERE  `id` = 147 LIMIT 1 [ RunTime:0.004278s ]
[ sql ] [ SQL ] SELECT `pid` FROM `fa_category` WHERE  `id` = 147 LIMIT 1 [ RunTime:0.003947s ]
[ sql ] [ SQL ] SELECT `pid` FROM `fa_category` WHERE  `id` = 40 LIMIT 1 [ RunTime:0.003950s ]
[ sql ] [ SQL ] SELECT `pid` FROM `fa_category` WHERE  `id` = 151 LIMIT 1 [ RunTime:0.004278s ]
[ sql ] [ SQL ] SELECT `pid` FROM `fa_category` WHERE  `id` = 40 LIMIT 1 [ RunTime:0.004196s ]
[ sql ] [ SQL ] SELECT `pid` FROM `fa_category` WHERE  `id` = 154 LIMIT 1 [ RunTime:0.004230s ]
[ sql ] [ SQL ] SELECT `pid` FROM `fa_category` WHERE  `id` = 35 LIMIT 1 [ RunTime:0.004037s ]
[ sql ] [ SQL ] SELECT `pid` FROM `fa_category` WHERE  `id` = 157 LIMIT 1 [ RunTime:0.003853s ]
[ sql ] [ SQL ] SELECT `pid` FROM `fa_category` WHERE  `id` = 35 LIMIT 1 [ RunTime:0.004181s ]
[ sql ] [ SQL ] SELECT `pid` FROM `fa_category` WHERE  `id` = 160 LIMIT 1 [ RunTime:0.004661s ]
[ sql ] [ SQL ] SELECT `pid` FROM `fa_category` WHERE  `id` = 31 LIMIT 1 [ RunTime:0.004151s ]
[ sql ] [ SQL ] SELECT `pid` FROM `fa_category` WHERE  `id` = 31 LIMIT 1 [ RunTime:0.004443s ]
[ sql ] [ SQL ] SELECT `pid` FROM `fa_category` WHERE  `id` = 163 LIMIT 1 [ RunTime:0.004395s ]
[ sql ] [ SQL ] SELECT `pid` FROM `fa_category` WHERE  `id` = 164 LIMIT 1 [ RunTime:0.004377s ]
[ sql ] [ SQL ] SELECT `pid` FROM `fa_category` WHERE  `id` = 45 LIMIT 1 [ RunTime:0.004701s ]
[ sql ] [ SQL ] SELECT `pid` FROM `fa_category` WHERE  `id` = 45 LIMIT 1 [ RunTime:0.004558s ]
[ sql ] [ SQL ] SELECT `pid` FROM `fa_category` WHERE  `id` = 169 LIMIT 1 [ RunTime:0.004016s ]
[ sql ] [ SQL ] SELECT `pid` FROM `fa_category` WHERE  `id` = 170 LIMIT 1 [ RunTime:0.004485s ]
[ sql ] [ SQL ] SELECT `pid` FROM `fa_category` WHERE  `id` = 28 LIMIT 1 [ RunTime:0.004645s ]
[ sql ] [ SQL ] SELECT `pid` FROM `fa_category` WHERE  `id` = 28 LIMIT 1 [ RunTime:0.004176s ]
[ sql ] [ SQL ] SELECT `pid` FROM `fa_category` WHERE  `id` = 175 LIMIT 1 [ RunTime:0.004087s ]
[ sql ] [ SQL ] SELECT `pid` FROM `fa_category` WHERE  `id` = 176 LIMIT 1 [ RunTime:0.153711s ]
[ sql ] [ SQL ] SELECT `pid` FROM `fa_category` WHERE  `id` = 128 LIMIT 1 [ RunTime:0.003903s ]
[ sql ] [ SQL ] SELECT `pid` FROM `fa_category` WHERE  `id` = 128 LIMIT 1 [ RunTime:0.004188s ]
[ sql ] [ SQL ] SELECT `pid` FROM `fa_category` WHERE  `id` = 128 LIMIT 1 [ RunTime:0.003786s ]
[ sql ] [ SQL ] SELECT `pid` FROM `fa_category` WHERE  `id` = 128 LIMIT 1 [ RunTime:0.004289s ]
[ sql ] [ SQL ] SELECT `pid` FROM `fa_category` WHERE  `id` = 128 LIMIT 1 [ RunTime:0.004015s ]
[ sql ] [ SQL ] SELECT `pid` FROM `fa_category` WHERE  `id` = 128 LIMIT 1 [ RunTime:0.004014s ]
[ sql ] [ SQL ] SELECT `pid` FROM `fa_category` WHERE  `id` = 128 LIMIT 1 [ RunTime:0.004626s ]
[ sql ] [ SQL ] SELECT `pid` FROM `fa_category` WHERE  `id` = 128 LIMIT 1 [ RunTime:0.004065s ]
[ sql ] [ SQL ] SELECT `pid` FROM `fa_category` WHERE  `id` = 128 LIMIT 1 [ RunTime:0.003985s ]
[ sql ] [ SQL ] SELECT `pid` FROM `fa_category` WHERE  `id` = 128 LIMIT 1 [ RunTime:0.003842s ]
[ sql ] [ SQL ] SELECT `pid` FROM `fa_category` WHERE  `id` = 128 LIMIT 1 [ RunTime:0.004462s ]
[ sql ] [ SQL ] SELECT `pid` FROM `fa_category` WHERE  `id` = 128 LIMIT 1 [ RunTime:0.004039s ]
[ sql ] [ SQL ] SELECT `pid` FROM `fa_category` WHERE  `id` = 128 LIMIT 1 [ RunTime:0.003763s ]
[ sql ] [ SQL ] SELECT `pid` FROM `fa_category` WHERE  `id` = 128 LIMIT 1 [ RunTime:0.004781s ]
[ sql ] [ SQL ] SELECT `pid` FROM `fa_category` WHERE  `id` = 33 LIMIT 1 [ RunTime:0.003896s ]
[ sql ] [ SQL ] SELECT `pid` FROM `fa_category` WHERE  `id` = 195 LIMIT 1 [ RunTime:0.003970s ]
[ sql ] [ SQL ] SELECT `pid` FROM `fa_category` WHERE  `id` = 195 LIMIT 1 [ RunTime:0.003889s ]
[ sql ] [ SQL ] SELECT `pid` FROM `fa_category` WHERE  `id` = 195 LIMIT 1 [ RunTime:0.004296s ]
[ sql ] [ SQL ] SELECT `pid` FROM `fa_category` WHERE  `id` = 33 LIMIT 1 [ RunTime:0.003966s ]
[ sql ] [ SQL ] SELECT `pid` FROM `fa_category` WHERE  `id` = 199 LIMIT 1 [ RunTime:0.003821s ]
[ sql ] [ SQL ] SELECT `pid` FROM `fa_category` WHERE  `id` = 199 LIMIT 1 [ RunTime:0.004513s ]
[ sql ] [ SQL ] SELECT `pid` FROM `fa_category` WHERE  `id` = 199 LIMIT 1 [ RunTime:0.004177s ]
[ sql ] [ SQL ] SELECT `pid` FROM `fa_category` WHERE  `id` = 199 LIMIT 1 [ RunTime:0.004093s ]
[ sql ] [ SQL ] SELECT `pid` FROM `fa_category` WHERE  `id` = 199 LIMIT 1 [ RunTime:0.004835s ]
[ sql ] [ SQL ] SELECT `pid` FROM `fa_category` WHERE  `id` = 199 LIMIT 1 [ RunTime:0.004172s ]
[ sql ] [ SQL ] SELECT `pid` FROM `fa_category` WHERE  `id` = 142 LIMIT 1 [ RunTime:0.003996s ]
[ sql ] [ SQL ] SELECT `pid` FROM `fa_category` WHERE  `id` = 142 LIMIT 1 [ RunTime:0.003992s ]
[ sql ] [ SQL ] SELECT `pid` FROM `fa_category` WHERE  `id` = 142 LIMIT 1 [ RunTime:0.004011s ]
[ sql ] [ SQL ] SELECT `pid` FROM `fa_category` WHERE  `id` = 142 LIMIT 1 [ RunTime:0.003827s ]
[ sql ] [ SQL ] SELECT `pid` FROM `fa_category` WHERE  `id` = 142 LIMIT 1 [ RunTime:0.003824s ]
[ sql ] [ SQL ] SELECT `pid` FROM `fa_category` WHERE  `id` = 142 LIMIT 1 [ RunTime:0.004351s ]
[ sql ] [ SQL ] SELECT `pid` FROM `fa_category` WHERE  `id` = 142 LIMIT 1 [ RunTime:0.003773s ]
[ sql ] [ SQL ] SELECT `pid` FROM `fa_category` WHERE  `id` = 32 LIMIT 1 [ RunTime:0.003897s ]
[ sql ] [ SQL ] SELECT `pid` FROM `fa_category` WHERE  `id` = 36 LIMIT 1 [ RunTime:0.004416s ]
[ sql ] [ SQL ] SELECT `pid` FROM `fa_category` WHERE  `id` = 39 LIMIT 1 [ RunTime:0.004288s ]
[ sql ] [ SQL ] SELECT `pid` FROM `fa_category` WHERE  `id` = 38 LIMIT 1 [ RunTime:0.004025s ]
[ sql ] [ SQL ] SELECT `pid` FROM `fa_category` WHERE  `id` = 38 LIMIT 1 [ RunTime:0.003778s ]
[ sql ] [ SQL ] SELECT `pid` FROM `fa_category` WHERE  `id` = 38 LIMIT 1 [ RunTime:0.004185s ]
[ sql ] [ SQL ] SELECT `pid` FROM `fa_category` WHERE  `id` = 45 LIMIT 1 [ RunTime:0.003828s ]
[ sql ] [ SQL ] SELECT `pid` FROM `fa_category` WHERE  `id` = 219 LIMIT 1 [ RunTime:0.004070s ]
[ sql ] [ SQL ] SELECT `pid` FROM `fa_category` WHERE  `id` = 24 LIMIT 1 [ RunTime:0.004103s ]
[ sql ] [ SQL ] SELECT `pid` FROM `fa_category` WHERE  `id` = 24 LIMIT 1 [ RunTime:0.003811s ]
[ sql ] [ SQL ] SELECT `pid` FROM `fa_category` WHERE  `id` = 24 LIMIT 1 [ RunTime:0.003638s ]
[ sql ] [ SQL ] SELECT `pid` FROM `fa_category` WHERE  `id` = 24 LIMIT 1 [ RunTime:0.003706s ]
[ sql ] [ SQL ] SELECT `pid` FROM `fa_category` WHERE  `id` = 24 LIMIT 1 [ RunTime:0.004505s ]
[ sql ] [ SQL ] SELECT `pid` FROM `fa_category` WHERE  `id` = 24 LIMIT 1 [ RunTime:0.004105s ]
[ sql ] [ SQL ] SELECT `pid` FROM `fa_category` WHERE  `id` = 24 LIMIT 1 [ RunTime:0.003996s ]
[ sql ] [ SQL ] SELECT `pid` FROM `fa_category` WHERE  `id` = 43 LIMIT 1 [ RunTime:0.003760s ]
[ sql ] [ SQL ] SELECT `pid` FROM `fa_category` WHERE  `id` = 43 LIMIT 1 [ RunTime:0.003877s ]
[ sql ] [ SQL ] SELECT `pid` FROM `fa_category` WHERE  `id` = 32 LIMIT 1 [ RunTime:0.004317s ]
[ sql ] [ SQL ] SELECT `pid` FROM `fa_category` WHERE  `id` = 21 LIMIT 1 [ RunTime:0.003884s ]
[ sql ] [ SQL ] SHOW COLUMNS FROM `fa_questions_user` [ RunTime:0.004927s ]
[ sql ] [ SQL ] SELECT * FROM `fa_questions_user` WHERE  `uid` IS NULL [ RunTime:0.004449s ]
[ sql ] [ SQL ] SHOW COLUMNS FROM `fa_config` [ RunTime:0.005510s ]
[ sql ] [ SQL ] SELECT `value` FROM `fa_config` WHERE  `name` = 'version' LIMIT 1 [ RunTime:0.004191s ]
[ sql ] [ SQL ] SELECT `value` FROM `fa_config` WHERE  `name` = 'pdfversion' LIMIT 1 [ RunTime:0.004136s ]
---------------------------------------------------------------
[ 2017-12-14T13:34:21+08:00 ] 127.0.0.1 127.0.0.1 GET /admin/index/login.html
[ info ] fire.mcykj.com/admin/index/login.html [运行时间：0.132534s][吞吐率：7.55req/s] [内存消耗：3,488.66kb] [文件加载：78]
[ info ] [ BEHAVIOR ] Run Closure @app_init [ RunTime:0.000126s ]
[ info ] [ CACHE ] INIT File
[ info ] [ BEHAVIOR ] Run Closure @app_init [ RunTime:0.042399s ]
[ info ] [ LANG ] /Users/wangcailin/Web/Work/Fire/thinkphp/lang/zh-cn.php
[ info ] [ ROUTE ] array (
  'type' => 'module',
  'module' => 
  array (
    0 => 'admin',
    1 => 'index',
    2 => 'login',
  ),
)
[ info ] [ HEADER ] array (
  'host' => 'fire.mcykj.com',
  'user-agent' => 'Mozilla/5.0 (Macintosh; Intel Mac OS X 10.13; rv:57.0) Gecko/20100101 Firefox/57.0',
  'accept' => 'text/html,application/xhtml+xml,application/xml;q=0.9,*/*;q=0.8',
  'accept-language' => 'zh-CN,zh;q=0.8,zh-TW;q=0.7,zh-HK;q=0.5,en-US;q=0.3,en;q=0.2',
  'accept-encoding' => 'gzip, deflate',
  'referer' => 'http://fire.mcykj.com/',
  'cookie' => 'Hm_lvt_f8d0a8c400404989e195270b0bbf060a=1513042375,1513049449,1513138943,1513216741; Hm_lpvt_f8d0a8c400404989e195270b0bbf060a=1513216828; PHPSESSID=qtif7cg3ckcv7aht2g9hpj6r25',
  'connection' => 'keep-alive',
  'upgrade-insecure-requests' => '1',
  'pragma' => 'no-cache',
  'cache-control' => 'no-cache',
  'content-type' => '',
  'content-length' => '',
)
[ info ] [ PARAM ] array (
)
[ info ] [ LANG ] /Users/wangcailin/Web/Work/Fire/public/../application/admin/lang/zh-cn.php
[ info ] [ BEHAVIOR ] Run app\common\behavior\Common @module_init [ RunTime:0.001011s ]
[ info ] [ SESSION ] INIT array (
  'id' => '',
  'var_session_id' => '',
  'prefix' => 'think',
  'type' => '',
  'auto_start' => true,
)
[ info ] [ LANG ] /Users/wangcailin/Web/Work/Fire/public/../application/admin/lang/zh-cn/index.php
[ info ] [ RUN ] app\admin\controller\Index->login[ /Users/wangcailin/Web/Work/Fire/application/admin/controller/Index.php ]
[ info ] [ VIEW ] /Users/wangcailin/Web/Work/Fire/public/../application/admin/view/index/login.html [ array (
  0 => 'breadcrumb',
  1 => 'site',
  2 => 'config',
  3 => 'auth',
  4 => 'admin',
  5 => 'background',
) ]
[ info ] [ BEHAVIOR ] Run app\admin\behavior\AdminLog @app_end [ RunTime:0.000440s ]
[ info ] [ LOG ] INIT File
---------------------------------------------------------------
[ 2017-12-14T13:34:22+08:00 ] 127.0.0.1 127.0.0.1 GET /admin/ajax/lang?callback=define&controllername=index&v=1513229661
[ info ] fire.mcykj.com/admin/ajax/lang?callback=define&controllername=index&v=1513229661 [运行时间：0.070788s][吞吐率：14.13req/s] [内存消耗：3,505.58kb] [文件加载：77]
[ info ] [ BEHAVIOR ] Run Closure @app_init [ RunTime:0.000359s ]
[ info ] [ CACHE ] INIT File
[ info ] [ BEHAVIOR ] Run Closure @app_init [ RunTime:0.003597s ]
[ info ] [ LANG ] /Users/wangcailin/Web/Work/Fire/thinkphp/lang/zh-cn.php
[ info ] [ ROUTE ] array (
  'type' => 'module',
  'module' => 
  array (
    0 => 'admin',
    1 => 'ajax',
    2 => 'lang',
  ),
)
[ info ] [ HEADER ] array (
  'host' => 'fire.mcykj.com',
  'user-agent' => 'Mozilla/5.0 (Macintosh; Intel Mac OS X 10.13; rv:57.0) Gecko/20100101 Firefox/57.0',
  'accept' => '*/*',
  'accept-language' => 'zh-CN,zh;q=0.8,zh-TW;q=0.7,zh-HK;q=0.5,en-US;q=0.3,en;q=0.2',
  'accept-encoding' => 'gzip, deflate',
  'referer' => 'http://fire.mcykj.com/admin/index/login.html',
  'cookie' => 'Hm_lvt_f8d0a8c400404989e195270b0bbf060a=1513042375,1513049449,1513138943,1513216741; Hm_lpvt_f8d0a8c400404989e195270b0bbf060a=1513216828; PHPSESSID=qtif7cg3ckcv7aht2g9hpj6r25',
  'connection' => 'keep-alive',
  'pragma' => 'no-cache',
  'cache-control' => 'no-cache',
  'content-type' => '',
  'content-length' => '',
)
[ info ] [ PARAM ] array (
  'callback' => 'define',
  'controllername' => 'index',
  'v' => '1513229661',
)
[ info ] [ LANG ] /Users/wangcailin/Web/Work/Fire/public/../application/admin/lang/zh-cn.php
[ info ] [ BEHAVIOR ] Run app\common\behavior\Common @module_init [ RunTime:0.000746s ]
[ info ] [ SESSION ] INIT array (
  'id' => '',
  'var_session_id' => '',
  'prefix' => 'think',
  'type' => '',
  'auto_start' => true,
)
[ info ] [ RUN ] app\admin\controller\Ajax->lang[ /Users/wangcailin/Web/Work/Fire/application/admin/controller/Ajax.php ]
[ info ] [ LANG ] /Users/wangcailin/Web/Work/Fire/public/../application/admin/lang/zh-cn/index.php
[ info ] [ BEHAVIOR ] Run app\admin\behavior\AdminLog @app_end [ RunTime:0.000218s ]
[ info ] [ LOG ] INIT File
---------------------------------------------------------------
[ 2017-12-14T13:34:22+08:00 ] 127.0.0.1 127.0.0.1 GET /assets/css/backend.css.map
[ info ] fire.mcykj.com/assets/css/backend.css.map [运行时间：0.057956s][吞吐率：17.25req/s] [内存消耗：2,260.41kb] [文件加载：58]
[ info ] [ BEHAVIOR ] Run Closure @app_init [ RunTime:0.000053s ]
[ info ] [ CACHE ] INIT File
[ info ] [ BEHAVIOR ] Run Closure @app_init [ RunTime:0.002174s ]
[ info ] [ LANG ] /Users/wangcailin/Web/Work/Fire/thinkphp/lang/zh-cn.php
[ info ] [ ROUTE ] array (
  'type' => 'module',
  'module' => 
  array (
    0 => 'assets',
    1 => 'css',
    2 => 'backend.css.map',
  ),
)
[ info ] [ HEADER ] array (
  'host' => 'fire.mcykj.com',
  'user-agent' => 'Mozilla/5.0 (Macintosh; Intel Mac OS X 10.13; rv:57.0) Gecko/20100101 Firefox/57.0',
  'accept' => 'text/html,application/xhtml+xml,application/xml;q=0.9,*/*;q=0.8',
  'accept-language' => 'zh-CN,zh;q=0.8,zh-TW;q=0.7,zh-HK;q=0.5,en-US;q=0.3,en;q=0.2',
  'accept-encoding' => 'gzip, deflate',
  'cookie' => 'Hm_lvt_f8d0a8c400404989e195270b0bbf060a=1513042375,1513049449,1513138943,1513216741; Hm_lpvt_f8d0a8c400404989e195270b0bbf060a=1513216828; PHPSESSID=qtif7cg3ckcv7aht2g9hpj6r25',
  'connection' => 'keep-alive',
  'pragma' => 'no-cache',
  'cache-control' => 'no-cache',
  'content-type' => '',
  'content-length' => '',
)
[ info ] [ PARAM ] array (
)
[ info ] [ LOG ] INIT File
---------------------------------------------------------------
[ 2017-12-14T13:34:22+08:00 ] 127.0.0.1 127.0.0.1 GET /assets/css/bootstrap.min.css.map
[ info ] fire.mcykj.com/assets/css/bootstrap.min.css.map [运行时间：0.059276s][吞吐率：16.87req/s] [内存消耗：2,260.61kb] [文件加载：58]
[ info ] [ BEHAVIOR ] Run Closure @app_init [ RunTime:0.000049s ]
[ info ] [ CACHE ] INIT File
[ info ] [ BEHAVIOR ] Run Closure @app_init [ RunTime:0.002522s ]
[ info ] [ LANG ] /Users/wangcailin/Web/Work/Fire/thinkphp/lang/zh-cn.php
[ info ] [ ROUTE ] array (
  'type' => 'module',
  'module' => 
  array (
    0 => 'assets',
    1 => 'css',
    2 => 'bootstrap.min.css.map',
  ),
)
[ info ] [ HEADER ] array (
  'host' => 'fire.mcykj.com',
  'user-agent' => 'Mozilla/5.0 (Macintosh; Intel Mac OS X 10.13; rv:57.0) Gecko/20100101 Firefox/57.0',
  'accept' => 'text/html,application/xhtml+xml,application/xml;q=0.9,*/*;q=0.8',
  'accept-language' => 'zh-CN,zh;q=0.8,zh-TW;q=0.7,zh-HK;q=0.5,en-US;q=0.3,en;q=0.2',
  'accept-encoding' => 'gzip, deflate',
  'cookie' => 'Hm_lvt_f8d0a8c400404989e195270b0bbf060a=1513042375,1513049449,1513138943,1513216741; Hm_lpvt_f8d0a8c400404989e195270b0bbf060a=1513216828; PHPSESSID=qtif7cg3ckcv7aht2g9hpj6r25',
  'connection' => 'keep-alive',
  'pragma' => 'no-cache',
  'cache-control' => 'no-cache',
  'content-type' => '',
  'content-length' => '',
)
[ info ] [ PARAM ] array (
)
[ info ] [ LOG ] INIT File
---------------------------------------------------------------
[ 2017-12-14T13:34:22+08:00 ] 127.0.0.1 127.0.0.1 GET /assets/css/fastadmin.min.css.map
[ info ] fire.mcykj.com/assets/css/fastadmin.min.css.map [运行时间：0.057152s][吞吐率：17.50req/s] [内存消耗：2,260.59kb] [文件加载：58]
[ info ] [ BEHAVIOR ] Run Closure @app_init [ RunTime:0.000046s ]
[ info ] [ CACHE ] INIT File
[ info ] [ BEHAVIOR ] Run Closure @app_init [ RunTime:0.002286s ]
[ info ] [ LANG ] /Users/wangcailin/Web/Work/Fire/thinkphp/lang/zh-cn.php
[ info ] [ ROUTE ] array (
  'type' => 'module',
  'module' => 
  array (
    0 => 'assets',
    1 => 'css',
    2 => 'fastadmin.min.css.map',
  ),
)
[ info ] [ HEADER ] array (
  'host' => 'fire.mcykj.com',
  'user-agent' => 'Mozilla/5.0 (Macintosh; Intel Mac OS X 10.13; rv:57.0) Gecko/20100101 Firefox/57.0',
  'accept' => 'text/html,application/xhtml+xml,application/xml;q=0.9,*/*;q=0.8',
  'accept-language' => 'zh-CN,zh;q=0.8,zh-TW;q=0.7,zh-HK;q=0.5,en-US;q=0.3,en;q=0.2',
  'accept-encoding' => 'gzip, deflate',
  'cookie' => 'Hm_lvt_f8d0a8c400404989e195270b0bbf060a=1513042375,1513049449,1513138943,1513216741; Hm_lpvt_f8d0a8c400404989e195270b0bbf060a=1513216828; PHPSESSID=qtif7cg3ckcv7aht2g9hpj6r25',
  'connection' => 'keep-alive',
  'pragma' => 'no-cache',
  'cache-control' => 'no-cache',
  'content-type' => '',
  'content-length' => '',
)
[ info ] [ PARAM ] array (
)
[ info ] [ LOG ] INIT File
---------------------------------------------------------------
[ 2017-12-14T13:34:26+08:00 ] 127.0.0.1 127.0.0.1 POST /admin/index/login.html
[ info ] fire.mcykj.com/admin/index/login.html [运行时间：0.417738s][吞吐率：2.39req/s] [内存消耗：4,573.81kb] [文件加载：87]
[ info ] [ BEHAVIOR ] Run Closure @app_init [ RunTime:0.000033s ]
[ info ] [ CACHE ] INIT File
[ info ] [ BEHAVIOR ] Run Closure @app_init [ RunTime:0.001222s ]
[ info ] [ LANG ] /Users/wangcailin/Web/Work/Fire/thinkphp/lang/zh-cn.php
[ info ] [ ROUTE ] array (
  'type' => 'module',
  'module' => 
  array (
    0 => 'admin',
    1 => 'index',
    2 => 'login',
  ),
)
[ info ] [ HEADER ] array (
  'host' => 'fire.mcykj.com',
  'user-agent' => 'Mozilla/5.0 (Macintosh; Intel Mac OS X 10.13; rv:57.0) Gecko/20100101 Firefox/57.0',
  'accept' => 'application/json, text/javascript, */*; q=0.01',
  'accept-language' => 'zh-CN,zh;q=0.8,zh-TW;q=0.7,zh-HK;q=0.5,en-US;q=0.3,en;q=0.2',
  'accept-encoding' => 'gzip, deflate',
  'referer' => 'http://fire.mcykj.com/admin/index/login.html',
  'content-type' => 'application/x-www-form-urlencoded; charset=UTF-8',
  'x-requested-with' => 'XMLHttpRequest',
  'content-length' => '74',
  'cookie' => 'Hm_lvt_f8d0a8c400404989e195270b0bbf060a=1513042375,1513049449,1513138943,1513216741; Hm_lpvt_f8d0a8c400404989e195270b0bbf060a=1513216828; PHPSESSID=qtif7cg3ckcv7aht2g9hpj6r25',
  'connection' => 'keep-alive',
  'pragma' => 'no-cache',
  'cache-control' => 'no-cache',
)
[ info ] [ PARAM ] array (
  '__token__' => '9adf9458244f51c2d0f6af59bf7b6bee',
  'username' => 'admin',
  'password' => '123456',
)
[ info ] [ LANG ] /Users/wangcailin/Web/Work/Fire/public/../application/admin/lang/zh-cn.php
[ info ] [ BEHAVIOR ] Run app\common\behavior\Common @module_init [ RunTime:0.000679s ]
[ info ] [ SESSION ] INIT array (
  'id' => '',
  'var_session_id' => '',
  'prefix' => 'think',
  'type' => '',
  'auto_start' => true,
)
[ info ] [ LANG ] /Users/wangcailin/Web/Work/Fire/public/../application/admin/lang/zh-cn/index.php
[ info ] [ RUN ] app\admin\controller\Index->login[ /Users/wangcailin/Web/Work/Fire/application/admin/controller/Index.php ]
[ info ] [ DB ] INIT mysql
[ info ] [ BEHAVIOR ] Run app\admin\behavior\AdminLog @app_end [ RunTime:0.162617s ]
[ info ] [ LOG ] INIT File
[ sql ] [ DB ] CONNECT:[ UseTime:0.007468s ] mysql:host=192.168.199.174;dbname=fireadmin;charset=utf8
[ sql ] [ SQL ] SHOW COLUMNS FROM `fa_admin` [ RunTime:0.154737s ]
[ sql ] [ SQL ] SELECT * FROM `fa_admin` WHERE  `username` = 'admin' LIMIT 1 [ RunTime:0.004091s ]
[ sql ] [ SQL ] UPDATE `fa_admin`  SET `logintime`=1513229666,`token`='57bab3a5-e706-4e13-b302-6737cd0f4f50',`updatetime`=1513229666  WHERE  `id` = 1 [ RunTime:0.012978s ]
[ sql ] [ SQL ] SHOW COLUMNS FROM `fa_admin_log` [ RunTime:0.154706s ]
[ sql ] [ SQL ] INSERT INTO `fa_admin_log` (`title` , `content` , `url` , `admin_id` , `username` , `useragent` , `ip` , `createtime`) VALUES ('登录' , '{\"__token__\":\"9adf9458244f51c2d0f6af59bf7b6bee\",\"username\":\"admin\"}' , '/admin/index/login.html' , 1 , 'admin' , 'Mozilla/5.0 (Macintosh; Intel Mac OS X 10.13; rv:57.0) Gecko/20100101 Firefox/57.0' , '127.0.0.1' , 1513229666) [ RunTime:0.006584s ]
---------------------------------------------------------------
[ 2017-12-14T13:34:28+08:00 ] 127.0.0.1 127.0.0.1 GET /admin/index/index
[ info ] fire.mcykj.com/admin/index/index [运行时间：1.215403s][吞吐率：0.82req/s] [内存消耗：5,226.48kb] [文件加载：97]
[ info ] [ BEHAVIOR ] Run Closure @app_init [ RunTime:0.000035s ]
[ info ] [ CACHE ] INIT File
[ info ] [ BEHAVIOR ] Run Closure @app_init [ RunTime:0.003390s ]
[ info ] [ LANG ] /Users/wangcailin/Web/Work/Fire/thinkphp/lang/zh-cn.php
[ info ] [ ROUTE ] array (
  'type' => 'module',
  'module' => 
  array (
    0 => 'admin',
    1 => 'index',
    2 => 'index',
  ),
)
[ info ] [ HEADER ] array (
  'host' => 'fire.mcykj.com',
  'user-agent' => 'Mozilla/5.0 (Macintosh; Intel Mac OS X 10.13; rv:57.0) Gecko/20100101 Firefox/57.0',
  'accept' => 'text/html,application/xhtml+xml,application/xml;q=0.9,*/*;q=0.8',
  'accept-language' => 'zh-CN,zh;q=0.8,zh-TW;q=0.7,zh-HK;q=0.5,en-US;q=0.3,en;q=0.2',
  'accept-encoding' => 'gzip, deflate',
  'referer' => 'http://fire.mcykj.com/admin/index/login.html',
  'cookie' => 'Hm_lvt_f8d0a8c400404989e195270b0bbf060a=1513042375,1513049449,1513138943,1513216741; Hm_lpvt_f8d0a8c400404989e195270b0bbf060a=1513216828; PHPSESSID=qtif7cg3ckcv7aht2g9hpj6r25',
  'connection' => 'keep-alive',
  'upgrade-insecure-requests' => '1',
  'pragma' => 'no-cache',
  'cache-control' => 'no-cache',
  'content-type' => '',
  'content-length' => '',
)
[ info ] [ PARAM ] array (
)
[ info ] [ LANG ] /Users/wangcailin/Web/Work/Fire/public/../application/admin/lang/zh-cn.php
[ info ] [ BEHAVIOR ] Run app\common\behavior\Common @module_init [ RunTime:0.000272s ]
[ info ] [ SESSION ] INIT array (
  'id' => '',
  'var_session_id' => '',
  'prefix' => 'think',
  'type' => '',
  'auto_start' => true,
)
[ info ] [ LANG ] /Users/wangcailin/Web/Work/Fire/public/../application/admin/lang/zh-cn/index.php
[ info ] [ RUN ] app\admin\controller\Index->index[ /Users/wangcailin/Web/Work/Fire/application/admin/controller/Index.php ]
[ info ] [ DB ] INIT mysql
[ info ] [ VIEW ] /Users/wangcailin/Web/Work/Fire/public/../application/admin/view/index/index.html [ array (
  0 => 'breadcrumb',
  1 => 'site',
  2 => 'config',
  3 => 'auth',
  4 => 'admin',
  5 => 'menulist',
  6 => 'title',
) ]
[ info ] [ BEHAVIOR ] Run app\admin\behavior\AdminLog @app_end [ RunTime:0.000258s ]
[ info ] [ LOG ] INIT File
[ sql ] [ DB ] CONNECT:[ UseTime:0.005173s ] mysql:host=192.168.199.174;dbname=fireadmin;charset=utf8
[ sql ] [ SQL ] SHOW COLUMNS FROM `fa_auth_group_access` [ RunTime:0.005701s ]
[ sql ] [ SQL ] SELECT `AuthGroupAccess`.`uid`,`AuthGroupAccess`.`group_id`,`AuthGroup`.`id`,`AuthGroup`.`pid`,`AuthGroup`.`name`,`AuthGroup`.`rules` FROM `fa_auth_group_access` `AuthGroupAccess` LEFT JOIN `fa_auth_group` `AuthGroup` ON `AuthGroupAccess`.`group_id`=`AuthGroup`.`id` WHERE  (  AuthGroupAccess.uid='1' and AuthGroup.status='normal' ) [ RunTime:0.003879s ]
[ sql ] [ SQL ] SHOW COLUMNS FROM `fa_auth_rule` [ RunTime:0.004258s ]
[ sql ] [ SQL ] SELECT `id`,`pid`,`condition`,`icon`,`name`,`title`,`ismenu` FROM `fa_auth_rule` WHERE  `status` = 'normal' [ RunTime:0.006946s ]
---------------------------------------------------------------
[ 2017-12-14T13:34:29+08:00 ] 127.0.0.1 127.0.0.1 GET /admin/ajax/lang?callback=define&controllername=index&v=1513229666
[ info ] fire.mcykj.com/admin/ajax/lang?callback=define&controllername=index&v=1513229666 [运行时间：0.058598s][吞吐率：17.07req/s] [内存消耗：3,564.28kb] [文件加载：78]
[ info ] [ BEHAVIOR ] Run Closure @app_init [ RunTime:0.000035s ]
[ info ] [ CACHE ] INIT File
[ info ] [ BEHAVIOR ] Run Closure @app_init [ RunTime:0.006974s ]
[ info ] [ LANG ] /Users/wangcailin/Web/Work/Fire/thinkphp/lang/zh-cn.php
[ info ] [ ROUTE ] array (
  'type' => 'module',
  'module' => 
  array (
    0 => 'admin',
    1 => 'ajax',
    2 => 'lang',
  ),
)
[ info ] [ HEADER ] array (
  'host' => 'fire.mcykj.com',
  'user-agent' => 'Mozilla/5.0 (Macintosh; Intel Mac OS X 10.13; rv:57.0) Gecko/20100101 Firefox/57.0',
  'accept' => '*/*',
  'accept-language' => 'zh-CN,zh;q=0.8,zh-TW;q=0.7,zh-HK;q=0.5,en-US;q=0.3,en;q=0.2',
  'accept-encoding' => 'gzip, deflate',
  'referer' => 'http://fire.mcykj.com/admin/index/index',
  'cookie' => 'Hm_lvt_f8d0a8c400404989e195270b0bbf060a=1513042375,1513049449,1513138943,1513216741; Hm_lpvt_f8d0a8c400404989e195270b0bbf060a=1513216828; PHPSESSID=qtif7cg3ckcv7aht2g9hpj6r25',
  'connection' => 'keep-alive',
  'pragma' => 'no-cache',
  'cache-control' => 'no-cache',
  'content-type' => '',
  'content-length' => '',
)
[ info ] [ PARAM ] array (
  'callback' => 'define',
  'controllername' => 'index',
  'v' => '1513229666',
)
[ info ] [ LANG ] /Users/wangcailin/Web/Work/Fire/public/../application/admin/lang/zh-cn.php
[ info ] [ BEHAVIOR ] Run app\common\behavior\Common @module_init [ RunTime:0.000502s ]
[ info ] [ SESSION ] INIT array (
  'id' => '',
  'var_session_id' => '',
  'prefix' => 'think',
  'type' => '',
  'auto_start' => true,
)
[ info ] [ RUN ] app\admin\controller\Ajax->lang[ /Users/wangcailin/Web/Work/Fire/application/admin/controller/Ajax.php ]
[ info ] [ LANG ] /Users/wangcailin/Web/Work/Fire/public/../application/admin/lang/zh-cn/index.php
[ info ] [ BEHAVIOR ] Run app\admin\behavior\AdminLog @app_end [ RunTime:0.000198s ]
[ info ] [ LOG ] INIT File
---------------------------------------------------------------
[ 2017-12-14T13:34:29+08:00 ] 127.0.0.1 127.0.0.1 GET /assets/css/fastadmin.min.css.map
[ info ] fire.mcykj.com/assets/css/fastadmin.min.css.map [运行时间：0.047308s][吞吐率：21.14req/s] [内存消耗：2,260.59kb] [文件加载：58]
[ info ] [ BEHAVIOR ] Run Closure @app_init [ RunTime:0.000048s ]
[ info ] [ CACHE ] INIT File
[ info ] [ BEHAVIOR ] Run Closure @app_init [ RunTime:0.001916s ]
[ info ] [ LANG ] /Users/wangcailin/Web/Work/Fire/thinkphp/lang/zh-cn.php
[ info ] [ ROUTE ] array (
  'type' => 'module',
  'module' => 
  array (
    0 => 'assets',
    1 => 'css',
    2 => 'fastadmin.min.css.map',
  ),
)
[ info ] [ HEADER ] array (
  'host' => 'fire.mcykj.com',
  'user-agent' => 'Mozilla/5.0 (Macintosh; Intel Mac OS X 10.13; rv:57.0) Gecko/20100101 Firefox/57.0',
  'accept' => 'text/html,application/xhtml+xml,application/xml;q=0.9,*/*;q=0.8',
  'accept-language' => 'zh-CN,zh;q=0.8,zh-TW;q=0.7,zh-HK;q=0.5,en-US;q=0.3,en;q=0.2',
  'accept-encoding' => 'gzip, deflate',
  'cookie' => 'Hm_lvt_f8d0a8c400404989e195270b0bbf060a=1513042375,1513049449,1513138943,1513216741; Hm_lpvt_f8d0a8c400404989e195270b0bbf060a=1513216828; PHPSESSID=qtif7cg3ckcv7aht2g9hpj6r25',
  'connection' => 'keep-alive',
  'pragma' => 'no-cache',
  'cache-control' => 'no-cache',
  'content-type' => '',
  'content-length' => '',
)
[ info ] [ PARAM ] array (
)
[ info ] [ LOG ] INIT File
---------------------------------------------------------------
[ 2017-12-14T13:34:29+08:00 ] 127.0.0.1 127.0.0.1 GET /assets/css/backend.css.map
[ info ] fire.mcykj.com/assets/css/backend.css.map [运行时间：0.050650s][吞吐率：19.74req/s] [内存消耗：2,260.41kb] [文件加载：58]
[ info ] [ BEHAVIOR ] Run Closure @app_init [ RunTime:0.000039s ]
[ info ] [ CACHE ] INIT File
[ info ] [ BEHAVIOR ] Run Closure @app_init [ RunTime:0.003962s ]
[ info ] [ LANG ] /Users/wangcailin/Web/Work/Fire/thinkphp/lang/zh-cn.php
[ info ] [ ROUTE ] array (
  'type' => 'module',
  'module' => 
  array (
    0 => 'assets',
    1 => 'css',
    2 => 'backend.css.map',
  ),
)
[ info ] [ HEADER ] array (
  'host' => 'fire.mcykj.com',
  'user-agent' => 'Mozilla/5.0 (Macintosh; Intel Mac OS X 10.13; rv:57.0) Gecko/20100101 Firefox/57.0',
  'accept' => 'text/html,application/xhtml+xml,application/xml;q=0.9,*/*;q=0.8',
  'accept-language' => 'zh-CN,zh;q=0.8,zh-TW;q=0.7,zh-HK;q=0.5,en-US;q=0.3,en;q=0.2',
  'accept-encoding' => 'gzip, deflate',
  'cookie' => 'Hm_lvt_f8d0a8c400404989e195270b0bbf060a=1513042375,1513049449,1513138943,1513216741; Hm_lpvt_f8d0a8c400404989e195270b0bbf060a=1513216828; PHPSESSID=qtif7cg3ckcv7aht2g9hpj6r25',
  'connection' => 'keep-alive',
  'pragma' => 'no-cache',
  'cache-control' => 'no-cache',
  'content-type' => '',
  'content-length' => '',
)
[ info ] [ PARAM ] array (
)
[ info ] [ LOG ] INIT File
---------------------------------------------------------------
[ 2017-12-14T13:34:29+08:00 ] 127.0.0.1 127.0.0.1 GET /assets/css/bootstrap.min.css.map
[ info ] fire.mcykj.com/assets/css/bootstrap.min.css.map [运行时间：0.049389s][吞吐率：20.25req/s] [内存消耗：2,260.59kb] [文件加载：58]
[ info ] [ BEHAVIOR ] Run Closure @app_init [ RunTime:0.000040s ]
[ info ] [ CACHE ] INIT File
[ info ] [ BEHAVIOR ] Run Closure @app_init [ RunTime:0.002610s ]
[ info ] [ LANG ] /Users/wangcailin/Web/Work/Fire/thinkphp/lang/zh-cn.php
[ info ] [ ROUTE ] array (
  'type' => 'module',
  'module' => 
  array (
    0 => 'assets',
    1 => 'css',
    2 => 'bootstrap.min.css.map',
  ),
)
[ info ] [ HEADER ] array (
  'host' => 'fire.mcykj.com',
  'user-agent' => 'Mozilla/5.0 (Macintosh; Intel Mac OS X 10.13; rv:57.0) Gecko/20100101 Firefox/57.0',
  'accept' => 'text/html,application/xhtml+xml,application/xml;q=0.9,*/*;q=0.8',
  'accept-language' => 'zh-CN,zh;q=0.8,zh-TW;q=0.7,zh-HK;q=0.5,en-US;q=0.3,en;q=0.2',
  'accept-encoding' => 'gzip, deflate',
  'cookie' => 'Hm_lvt_f8d0a8c400404989e195270b0bbf060a=1513042375,1513049449,1513138943,1513216741; Hm_lpvt_f8d0a8c400404989e195270b0bbf060a=1513216828; PHPSESSID=qtif7cg3ckcv7aht2g9hpj6r25',
  'connection' => 'keep-alive',
  'pragma' => 'no-cache',
  'cache-control' => 'no-cache',
  'content-type' => '',
  'content-length' => '',
)
[ info ] [ PARAM ] array (
)
[ info ] [ LOG ] INIT File
---------------------------------------------------------------
[ 2017-12-14T13:34:30+08:00 ] 127.0.0.1 127.0.0.1 GET /admin/dashboard?addtabs=1
[ info ] fire.mcykj.com/admin/dashboard?addtabs=1 [运行时间：0.125760s][吞吐率：7.95req/s] [内存消耗：4,870.16kb] [文件加载：86]
[ info ] [ BEHAVIOR ] Run Closure @app_init [ RunTime:0.000037s ]
[ info ] [ CACHE ] INIT File
[ info ] [ BEHAVIOR ] Run Closure @app_init [ RunTime:0.001302s ]
[ info ] [ LANG ] /Users/wangcailin/Web/Work/Fire/thinkphp/lang/zh-cn.php
[ info ] [ ROUTE ] array (
  'type' => 'module',
  'module' => 
  array (
    0 => 'admin',
    1 => 'dashboard',
    2 => NULL,
  ),
)
[ info ] [ HEADER ] array (
  'host' => 'fire.mcykj.com',
  'user-agent' => 'Mozilla/5.0 (Macintosh; Intel Mac OS X 10.13; rv:57.0) Gecko/20100101 Firefox/57.0',
  'accept' => 'text/html,application/xhtml+xml,application/xml;q=0.9,*/*;q=0.8',
  'accept-language' => 'zh-CN,zh;q=0.8,zh-TW;q=0.7,zh-HK;q=0.5,en-US;q=0.3,en;q=0.2',
  'accept-encoding' => 'gzip, deflate',
  'referer' => 'http://fire.mcykj.com/admin/index/index',
  'cookie' => 'Hm_lvt_f8d0a8c400404989e195270b0bbf060a=1513042375,1513049449,1513138943,1513216741; Hm_lpvt_f8d0a8c400404989e195270b0bbf060a=1513216828; PHPSESSID=qtif7cg3ckcv7aht2g9hpj6r25',
  'connection' => 'keep-alive',
  'upgrade-insecure-requests' => '1',
  'pragma' => 'no-cache',
  'cache-control' => 'no-cache',
  'content-type' => '',
  'content-length' => '',
)
[ info ] [ PARAM ] array (
  'addtabs' => '1',
)
[ info ] [ LANG ] /Users/wangcailin/Web/Work/Fire/public/../application/admin/lang/zh-cn.php
[ info ] [ BEHAVIOR ] Run app\common\behavior\Common @module_init [ RunTime:0.000274s ]
[ info ] [ SESSION ] INIT array (
  'id' => '',
  'var_session_id' => '',
  'prefix' => 'think',
  'type' => '',
  'auto_start' => true,
)
[ info ] [ DB ] INIT mysql
[ info ] [ LANG ] /Users/wangcailin/Web/Work/Fire/public/../application/admin/lang/zh-cn/dashboard.php
[ info ] [ RUN ] app\admin\controller\Dashboard->index[ /Users/wangcailin/Web/Work/Fire/application/admin/controller/Dashboard.php ]
[ info ] [ VIEW ] /Users/wangcailin/Web/Work/Fire/public/../application/admin/view/dashboard/index.html [ array (
  0 => 'breadcrumb',
  1 => 'site',
  2 => 'config',
  3 => 'auth',
  4 => 'admin',
  5 => 'totaluser',
  6 => 'totalviews',
  7 => 'totalorder',
  8 => 'totalorderamount',
  9 => 'todayuserlogin',
  10 => 'todayusersignup',
  11 => 'todayorder',
  12 => 'unsettleorder',
  13 => 'sevendnu',
  14 => 'sevendau',
  15 => 'paylist',
  16 => 'createlist',
  17 => 'uploadmode',
) ]
[ info ] [ BEHAVIOR ] Run app\admin\behavior\AdminLog @app_end [ RunTime:0.000200s ]
[ info ] [ LOG ] INIT File
[ sql ] [ DB ] CONNECT:[ UseTime:0.007286s ] mysql:host=192.168.199.174;dbname=fireadmin;charset=utf8
[ sql ] [ SQL ] SHOW COLUMNS FROM `fa_auth_group_access` [ RunTime:0.004632s ]
[ sql ] [ SQL ] SELECT `AuthGroupAccess`.`uid`,`AuthGroupAccess`.`group_id`,`AuthGroup`.`id`,`AuthGroup`.`pid`,`AuthGroup`.`name`,`AuthGroup`.`rules` FROM `fa_auth_group_access` `AuthGroupAccess` LEFT JOIN `fa_auth_group` `AuthGroup` ON `AuthGroupAccess`.`group_id`=`AuthGroup`.`id` WHERE  (  AuthGroupAccess.uid='1' and AuthGroup.status='normal' ) [ RunTime:0.004545s ]
[ sql ] [ SQL ] SHOW COLUMNS FROM `fa_auth_rule` [ RunTime:0.004269s ]
[ sql ] [ SQL ] SELECT `id`,`pid`,`condition`,`icon`,`name`,`title`,`ismenu` FROM `fa_auth_rule` WHERE  `status` = 'normal' [ RunTime:0.006716s ]
[ sql ] [ SQL ] SELECT `title`,`remark` FROM `fa_auth_rule` WHERE  `name` = 'dashboard' LIMIT 1 [ RunTime:0.003728s ]
---------------------------------------------------------------
[ 2017-12-14T13:34:31+08:00 ] 127.0.0.1 127.0.0.1 GET /admin/ajax/lang?callback=define&controllername=dashboard&v=1513229670
[ info ] fire.mcykj.com/admin/ajax/lang?callback=define&controllername=dashboard&v=1513229670 [运行时间：0.054851s][吞吐率：18.23req/s] [内存消耗：3,564.04kb] [文件加载：78]
[ info ] [ BEHAVIOR ] Run Closure @app_init [ RunTime:0.000041s ]
[ info ] [ CACHE ] INIT File
[ info ] [ BEHAVIOR ] Run Closure @app_init [ RunTime:0.001410s ]
[ info ] [ LANG ] /Users/wangcailin/Web/Work/Fire/thinkphp/lang/zh-cn.php
[ info ] [ ROUTE ] array (
  'type' => 'module',
  'module' => 
  array (
    0 => 'admin',
    1 => 'ajax',
    2 => 'lang',
  ),
)
[ info ] [ HEADER ] array (
  'host' => 'fire.mcykj.com',
  'user-agent' => 'Mozilla/5.0 (Macintosh; Intel Mac OS X 10.13; rv:57.0) Gecko/20100101 Firefox/57.0',
  'accept' => '*/*',
  'accept-language' => 'zh-CN,zh;q=0.8,zh-TW;q=0.7,zh-HK;q=0.5,en-US;q=0.3,en;q=0.2',
  'accept-encoding' => 'gzip, deflate',
  'referer' => 'http://fire.mcykj.com/admin/dashboard?addtabs=1',
  'cookie' => 'Hm_lvt_f8d0a8c400404989e195270b0bbf060a=1513042375,1513049449,1513138943,1513216741; Hm_lpvt_f8d0a8c400404989e195270b0bbf060a=1513216828; PHPSESSID=qtif7cg3ckcv7aht2g9hpj6r25',
  'connection' => 'keep-alive',
  'pragma' => 'no-cache',
  'cache-control' => 'no-cache',
  'content-type' => '',
  'content-length' => '',
)
[ info ] [ PARAM ] array (
  'callback' => 'define',
  'controllername' => 'dashboard',
  'v' => '1513229670',
)
[ info ] [ LANG ] /Users/wangcailin/Web/Work/Fire/public/../application/admin/lang/zh-cn.php
[ info ] [ BEHAVIOR ] Run app\common\behavior\Common @module_init [ RunTime:0.000315s ]
[ info ] [ SESSION ] INIT array (
  'id' => '',
  'var_session_id' => '',
  'prefix' => 'think',
  'type' => '',
  'auto_start' => true,
)
[ info ] [ RUN ] app\admin\controller\Ajax->lang[ /Users/wangcailin/Web/Work/Fire/application/admin/controller/Ajax.php ]
[ info ] [ LANG ] /Users/wangcailin/Web/Work/Fire/public/../application/admin/lang/zh-cn/dashboard.php
[ info ] [ BEHAVIOR ] Run app\admin\behavior\AdminLog @app_end [ RunTime:0.000142s ]
[ info ] [ LOG ] INIT File
